<?xml version="1.0" encoding="UTF-8"?>
<testsuite xmlns:xsi="http://www.w3.org/2001/XMLSchema-instance" xsi:noNamespaceSchemaLocation="https://maven.apache.org/surefire/maven-surefire-plugin/xsd/surefire-test-report-3.0.xsd" version="3.0" name="LoginUserTest" time="7.506" tests="5" errors="0" skipped="0" failures="0">
  <properties>
[...]
</properties>
  <testcase name="missingEmailLoginTest" classname="LoginUserTest" time="2.546">
    <system-out><![CDATA[Request method:	POST
Request URI:	https://stellarburgers.nomoreparties.site/api/auth/register
Proxy:			<none>
Request params:	<none>
Query params:	<none>
Form params:	<none>
Path params:	<none>
Headers:		Accept=*/*
				Content-Type=application/json
Cookies:		<none>
Multiparts:		<none>
Body:
{
    "email": "YRdUPM17jB@mail.ru",
    "password": "fb0dxndWzS",
    "name": "p8X8rauX7Y"
}
HTTP/1.1 200 OK
Server: nginx/1.18.0 (Ubuntu)
Date: Tue, 15 Jul 2025 18:41:07 GMT
Content-Type: application/json; charset=utf-8
Content-Length: 367
Connection: keep-alive
X-Powered-By: Express
Access-Control-Allow-Origin: *
authorization: Bearer eyJhbGciOiJIUzI1NiIsInR5cCI6IkpXVCJ9.eyJpZCI6IjY4NzZhMGMzOWVkMjgwMDAxYjY1OGJkZiIsImlhdCI6MTc1MjYwNDg2NywiZXhwIjoxNzUyNjA2MDY3fQ.YuVAOsF11DM07mVXCE5nIO2s_IdVDLAVc7sTJ40efKY
ETag: W/"16f-8RMHNuOw2v+a92cl4KDIFtYEilU"

{
    "success": true,
    "user": {
        "email": "yrdupm17jb@mail.ru",
        "name": "p8X8rauX7Y"
    },
    "accessToken": "Bearer eyJhbGciOiJIUzI1NiIsInR5cCI6IkpXVCJ9.eyJpZCI6IjY4NzZhMGMzOWVkMjgwMDAxYjY1OGJkZiIsImlhdCI6MTc1MjYwNDg2NywiZXhwIjoxNzUyNjA2MDY3fQ.YuVAOsF11DM07mVXCE5nIO2s_IdVDLAVc7sTJ40efKY",
    "refreshToken": "7b78344ae11d34e4c0f8cff0588490131f015a247881be14afbd9ffdb8adf43a346c698bd0709cc1"
}
Request method:	POST
Request URI:	https://stellarburgers.nomoreparties.site/api/auth/login
Proxy:			<none>
Request params:	<none>
Query params:	<none>
Form params:	<none>
Path params:	<none>
Headers:		Accept=*/*
				Content-Type=application/json
Cookies:		<none>
Multiparts:		<none>
Body:
{
    "email": "YRdUPM17jB@mail.ru",
    "password": "fb0dxndWzS"
}
HTTP/1.1 200 OK
Server: nginx/1.18.0 (Ubuntu)
Date: Tue, 15 Jul 2025 18:41:07 GMT
Content-Type: application/json; charset=utf-8
Content-Length: 367
Connection: keep-alive
X-Powered-By: Express
Access-Control-Allow-Origin: *
ETag: W/"16f-SJm1zf1WsYdp8HTV2qF4zZFAvbU"

{
    "success": true,
    "accessToken": "Bearer eyJhbGciOiJIUzI1NiIsInR5cCI6IkpXVCJ9.eyJpZCI6IjY4NzZhMGMzOWVkMjgwMDAxYjY1OGJkZiIsImlhdCI6MTc1MjYwNDg2NywiZXhwIjoxNzUyNjA2MDY3fQ.YuVAOsF11DM07mVXCE5nIO2s_IdVDLAVc7sTJ40efKY",
    "refreshToken": "20e10a303270beb7567a697b07718a98db1d645da398bdfcc2aa9ad9c687749a3ef0fcdf124ace0d",
    "user": {
        "email": "yrdupm17jb@mail.ru",
        "name": "p8X8rauX7Y"
    }
}
Request method:	POST
Request URI:	https://stellarburgers.nomoreparties.site/api/auth/login
Proxy:			<none>
Request params:	<none>
Query params:	<none>
Form params:	<none>
Path params:	<none>
Headers:		Accept=*/*
				Content-Type=application/json
Cookies:		<none>
Multiparts:		<none>
Body:
{
    "email": "",
    "password": "fb0dxndWzS"
}
HTTP/1.1 401 Unauthorized
Server: nginx/1.18.0 (Ubuntu)
Date: Tue, 15 Jul 2025 18:41:08 GMT
Content-Type: application/json; charset=utf-8
Content-Length: 61
Connection: keep-alive
X-Powered-By: Express
Access-Control-Allow-Origin: *
ETag: W/"3d-ad9nrqlzQBuoZ0AId1U3rIgKU84"

{
    "success": false,
    "message": "email or password are incorrect"
}
Request method:	DELETE
Request URI:	https://stellarburgers.nomoreparties.site/api/auth/user
Proxy:			<none>
Request params:	<none>
Query params:	<none>
Form params:	<none>
Path params:	<none>
Headers:		Authorization=Bearer eyJhbGciOiJIUzI1NiIsInR5cCI6IkpXVCJ9.eyJpZCI6IjY4NzZhMGMzOWVkMjgwMDAxYjY1OGJkZiIsImlhdCI6MTc1MjYwNDg2NywiZXhwIjoxNzUyNjA2MDY3fQ.YuVAOsF11DM07mVXCE5nIO2s_IdVDLAVc7sTJ40efKY
				Accept=*/*
				Content-Type=application/json
Cookies:		<none>
Multiparts:		<none>
Body:			<none>
HTTP/1.1 202 Accepted
Server: nginx/1.18.0 (Ubuntu)
Date: Tue, 15 Jul 2025 18:41:08 GMT
Content-Type: application/json; charset=utf-8
Content-Length: 54
Connection: keep-alive
X-Powered-By: Express
Access-Control-Allow-Origin: *
ETag: W/"36-hDmZnQ3Ou/ynnqAeC6TYmyseuzY"

{
    "success": true,
    "message": "User successfully removed"
}
]]></system-out>
  </testcase>
  <testcase name="missingPasswordLoginTest" classname="LoginUserTest" time="1.188">
    <system-out><![CDATA[Request method:	POST
Request URI:	https://stellarburgers.nomoreparties.site/api/auth/register
Proxy:			<none>
Request params:	<none>
Query params:	<none>
Form params:	<none>
Path params:	<none>
Headers:		Accept=*/*
				Content-Type=application/json
Cookies:		<none>
Multiparts:		<none>
Body:
{
    "email": "S4RPOsa2OM@mail.ru",
    "password": "GJYyKeXJJr",
    "name": "YUzpSscxlq"
}
Request method:	POST
Request URI:	https://stellarburgers.nomoreparties.site/api/auth/register
Proxy:			<none>
Request params:	<none>
Query params:	<none>
Form params:	<none>
Path params:	<none>
Headers:		Accept=*/*
				Content-Type=application/json
Cookies:		<none>
Multiparts:		<none>
Body:
{
    "email": "S4RPOsa2OM@mail.ru",
    "password": "GJYyKeXJJr",
    "name": "YUzpSscxlq"
}
HTTP/1.1 200 OK
Server: nginx/1.18.0 (Ubuntu)
Date: Tue, 15 Jul 2025 18:41:09 GMT
Content-Type: application/json; charset=utf-8
Content-Length: 367
Connection: keep-alive
X-Powered-By: Express
Access-Control-Allow-Origin: *
authorization: Bearer eyJhbGciOiJIUzI1NiIsInR5cCI6IkpXVCJ9.eyJpZCI6IjY4NzZhMGM1OWVkMjgwMDAxYjY1OGJlMiIsImlhdCI6MTc1MjYwNDg2OSwiZXhwIjoxNzUyNjA2MDY5fQ.atQIYSCgMkpyxvf8wglZun9mjN4Jj5wOgBtTSmpAFFc
ETag: W/"16f-0EAgGrYQpNw3GemPRWcf//CX82E"

{
    "success": true,
    "user": {
        "email": "s4rposa2om@mail.ru",
        "name": "YUzpSscxlq"
    },
    "accessToken": "Bearer eyJhbGciOiJIUzI1NiIsInR5cCI6IkpXVCJ9.eyJpZCI6IjY4NzZhMGM1OWVkMjgwMDAxYjY1OGJlMiIsImlhdCI6MTc1MjYwNDg2OSwiZXhwIjoxNzUyNjA2MDY5fQ.atQIYSCgMkpyxvf8wglZun9mjN4Jj5wOgBtTSmpAFFc",
    "refreshToken": "4464b192cd5ce37f145aad230b6b19df41be1a29f369e0b86e91084e8cbc4f5fe0d7af16ddddfdea"
}
HTTP/1.1 200 OK
Server: nginx/1.18.0 (Ubuntu)
Date: Tue, 15 Jul 2025 18:41:09 GMT
Content-Type: application/json; charset=utf-8
Content-Length: 367
Connection: keep-alive
X-Powered-By: Express
Access-Control-Allow-Origin: *
authorization: Bearer eyJhbGciOiJIUzI1NiIsInR5cCI6IkpXVCJ9.eyJpZCI6IjY4NzZhMGM1OWVkMjgwMDAxYjY1OGJlMiIsImlhdCI6MTc1MjYwNDg2OSwiZXhwIjoxNzUyNjA2MDY5fQ.atQIYSCgMkpyxvf8wglZun9mjN4Jj5wOgBtTSmpAFFc
ETag: W/"16f-0EAgGrYQpNw3GemPRWcf//CX82E"

{
    "success": true,
    "user": {
        "email": "s4rposa2om@mail.ru",
        "name": "YUzpSscxlq"
    },
    "accessToken": "Bearer eyJhbGciOiJIUzI1NiIsInR5cCI6IkpXVCJ9.eyJpZCI6IjY4NzZhMGM1OWVkMjgwMDAxYjY1OGJlMiIsImlhdCI6MTc1MjYwNDg2OSwiZXhwIjoxNzUyNjA2MDY5fQ.atQIYSCgMkpyxvf8wglZun9mjN4Jj5wOgBtTSmpAFFc",
    "refreshToken": "4464b192cd5ce37f145aad230b6b19df41be1a29f369e0b86e91084e8cbc4f5fe0d7af16ddddfdea"
}
Request method:	POST
Request URI:	https://stellarburgers.nomoreparties.site/api/auth/login
Proxy:			<none>
Request params:	<none>
Query params:	<none>
Form params:	<none>
Path params:	<none>
Headers:		Accept=*/*
				Content-Type=application/json
Cookies:		<none>
Multiparts:		<none>
Body:
{
    "email": "S4RPOsa2OM@mail.ru",
    "password": "GJYyKeXJJr"
}
Request method:	POST
Request URI:	https://stellarburgers.nomoreparties.site/api/auth/login
Proxy:			<none>
Request params:	<none>
Query params:	<none>
Form params:	<none>
Path params:	<none>
Headers:		Accept=*/*
				Content-Type=application/json
Cookies:		<none>
Multiparts:		<none>
Body:
{
    "email": "S4RPOsa2OM@mail.ru",
    "password": "GJYyKeXJJr"
}
HTTP/1.1 200 OK
Server: nginx/1.18.0 (Ubuntu)
Date: Tue, 15 Jul 2025 18:41:09 GMT
Content-Type: application/json; charset=utf-8
Content-Length: 367
Connection: keep-alive
X-Powered-By: Express
Access-Control-Allow-Origin: *
ETag: W/"16f-tayA8+cu4TxxXtnBQkmj3/lfzvY"

{
    "success": true,
    "accessToken": "Bearer eyJhbGciOiJIUzI1NiIsInR5cCI6IkpXVCJ9.eyJpZCI6IjY4NzZhMGM1OWVkMjgwMDAxYjY1OGJlMiIsImlhdCI6MTc1MjYwNDg2OSwiZXhwIjoxNzUyNjA2MDY5fQ.atQIYSCgMkpyxvf8wglZun9mjN4Jj5wOgBtTSmpAFFc",
    "refreshToken": "9e726cda9cb29c8f8d2824d859a69b6924ac34a3d15a330e8893682e6cdfdba10fd72df5559ed5e4",
    "user": {
        "email": "s4rposa2om@mail.ru",
        "name": "YUzpSscxlq"
    }
}
HTTP/1.1 200 OK
Server: nginx/1.18.0 (Ubuntu)
Date: Tue, 15 Jul 2025 18:41:09 GMT
Content-Type: application/json; charset=utf-8
Content-Length: 367
Connection: keep-alive
X-Powered-By: Express
Access-Control-Allow-Origin: *
ETag: W/"16f-tayA8+cu4TxxXtnBQkmj3/lfzvY"

{
    "success": true,
    "accessToken": "Bearer eyJhbGciOiJIUzI1NiIsInR5cCI6IkpXVCJ9.eyJpZCI6IjY4NzZhMGM1OWVkMjgwMDAxYjY1OGJlMiIsImlhdCI6MTc1MjYwNDg2OSwiZXhwIjoxNzUyNjA2MDY5fQ.atQIYSCgMkpyxvf8wglZun9mjN4Jj5wOgBtTSmpAFFc",
    "refreshToken": "9e726cda9cb29c8f8d2824d859a69b6924ac34a3d15a330e8893682e6cdfdba10fd72df5559ed5e4",
    "user": {
        "email": "s4rposa2om@mail.ru",
        "name": "YUzpSscxlq"
    }
}
Request method:	POST
Request URI:	https://stellarburgers.nomoreparties.site/api/auth/login
Proxy:			<none>
Request params:	<none>
Query params:	<none>
Form params:	<none>
Path params:	<none>
Headers:		Accept=*/*
				Content-Type=application/json
Cookies:		<none>
Multiparts:		<none>
Body:
{
    "email": "S4RPOsa2OM@mail.ru",
    "password": ""
}
Request method:	POST
Request URI:	https://stellarburgers.nomoreparties.site/api/auth/login
Proxy:			<none>
Request params:	<none>
Query params:	<none>
Form params:	<none>
Path params:	<none>
Headers:		Accept=*/*
				Content-Type=application/json
Cookies:		<none>
Multiparts:		<none>
Body:
{
    "email": "S4RPOsa2OM@mail.ru",
    "password": ""
}
HTTP/1.1 401 Unauthorized
Server: nginx/1.18.0 (Ubuntu)
Date: Tue, 15 Jul 2025 18:41:09 GMT
Content-Type: application/json; charset=utf-8
Content-Length: 61
Connection: keep-alive
X-Powered-By: Express
Access-Control-Allow-Origin: *
ETag: W/"3d-ad9nrqlzQBuoZ0AId1U3rIgKU84"

{
    "success": false,
    "message": "email or password are incorrect"
}
HTTP/1.1 401 Unauthorized
Server: nginx/1.18.0 (Ubuntu)
Date: Tue, 15 Jul 2025 18:41:09 GMT
Content-Type: application/json; charset=utf-8
Content-Length: 61
Connection: keep-alive
X-Powered-By: Express
Access-Control-Allow-Origin: *
ETag: W/"3d-ad9nrqlzQBuoZ0AId1U3rIgKU84"

{
    "success": false,
    "message": "email or password are incorrect"
}
Request method:	DELETE
Request URI:	https://stellarburgers.nomoreparties.site/api/auth/user
Proxy:			<none>
Request params:	<none>
Query params:	<none>
Form params:	<none>
Path params:	<none>
Headers:		Authorization=Bearer eyJhbGciOiJIUzI1NiIsInR5cCI6IkpXVCJ9.eyJpZCI6IjY4NzZhMGM1OWVkMjgwMDAxYjY1OGJlMiIsImlhdCI6MTc1MjYwNDg2OSwiZXhwIjoxNzUyNjA2MDY5fQ.atQIYSCgMkpyxvf8wglZun9mjN4Jj5wOgBtTSmpAFFc
				Accept=*/*
				Content-Type=application/json
Cookies:		<none>
Multiparts:		<none>
Body:			<none>
Request method:	DELETE
Request URI:	https://stellarburgers.nomoreparties.site/api/auth/user
Proxy:			<none>
Request params:	<none>
Query params:	<none>
Form params:	<none>
Path params:	<none>
Headers:		Authorization=Bearer eyJhbGciOiJIUzI1NiIsInR5cCI6IkpXVCJ9.eyJpZCI6IjY4NzZhMGM1OWVkMjgwMDAxYjY1OGJlMiIsImlhdCI6MTc1MjYwNDg2OSwiZXhwIjoxNzUyNjA2MDY5fQ.atQIYSCgMkpyxvf8wglZun9mjN4Jj5wOgBtTSmpAFFc
				Accept=*/*
				Content-Type=application/json
Cookies:		<none>
Multiparts:		<none>
Body:			<none>
HTTP/1.1 202 Accepted
Server: nginx/1.18.0 (Ubuntu)
Date: Tue, 15 Jul 2025 18:41:10 GMT
Content-Type: application/json; charset=utf-8
Content-Length: 54
Connection: keep-alive
X-Powered-By: Express
Access-Control-Allow-Origin: *
ETag: W/"36-hDmZnQ3Ou/ynnqAeC6TYmyseuzY"

{
    "success": true,
    "message": "User successfully removed"
}
HTTP/1.1 202 Accepted
Server: nginx/1.18.0 (Ubuntu)
Date: Tue, 15 Jul 2025 18:41:10 GMT
Content-Type: application/json; charset=utf-8
Content-Length: 54
Connection: keep-alive
X-Powered-By: Express
Access-Control-Allow-Origin: *
ETag: W/"36-hDmZnQ3Ou/ynnqAeC6TYmyseuzY"

{
    "success": true,
    "message": "User successfully removed"
}
]]></system-out>
  </testcase>
  <testcase name="successfulLoginTest" classname="LoginUserTest" time="1.284">
    <system-out><![CDATA[Request method:	POST
Request URI:	https://stellarburgers.nomoreparties.site/api/auth/register
Proxy:			<none>
Request params:	<none>
Query params:	<none>
Form params:	<none>
Path params:	<none>
Headers:		Accept=*/*
				Content-Type=application/json
Cookies:		<none>
Multiparts:		<none>
Body:
{
    "email": "5APhriVOhZ@mail.ru",
    "password": "QbSv8rP1xz",
    "name": "AjoUFMpj95"
}
Request method:	POST
Request URI:	https://stellarburgers.nomoreparties.site/api/auth/register
Proxy:			<none>
Request params:	<none>
Query params:	<none>
Form params:	<none>
Path params:	<none>
Headers:		Accept=*/*
				Content-Type=application/json
Cookies:		<none>
Multiparts:		<none>
Body:
{
    "email": "5APhriVOhZ@mail.ru",
    "password": "QbSv8rP1xz",
    "name": "AjoUFMpj95"
}
Request method:	POST
Request URI:	https://stellarburgers.nomoreparties.site/api/auth/register
Proxy:			<none>
Request params:	<none>
Query params:	<none>
Form params:	<none>
Path params:	<none>
Headers:		Accept=*/*
				Content-Type=application/json
Cookies:		<none>
Multiparts:		<none>
Body:
{
    "email": "5APhriVOhZ@mail.ru",
    "password": "QbSv8rP1xz",
    "name": "AjoUFMpj95"
}
HTTP/1.1 200 OK
Server: nginx/1.18.0 (Ubuntu)
Date: Tue, 15 Jul 2025 18:41:10 GMT
Content-Type: application/json; charset=utf-8
Content-Length: 367
Connection: keep-alive
X-Powered-By: Express
Access-Control-Allow-Origin: *
authorization: Bearer eyJhbGciOiJIUzI1NiIsInR5cCI6IkpXVCJ9.eyJpZCI6IjY4NzZhMGM2OWVkMjgwMDAxYjY1OGJlNSIsImlhdCI6MTc1MjYwNDg3MCwiZXhwIjoxNzUyNjA2MDcwfQ.-QMNAJhVoJUk3PzrUNF78da32alYFtUSxCTGauwczWg
ETag: W/"16f-LrkpA2qbYL9lSTjE7ZJ893aJixU"

{
    "success": true,
    "user": {
        "email": "5aphrivohz@mail.ru",
        "name": "AjoUFMpj95"
    },
    "accessToken": "Bearer eyJhbGciOiJIUzI1NiIsInR5cCI6IkpXVCJ9.eyJpZCI6IjY4NzZhMGM2OWVkMjgwMDAxYjY1OGJlNSIsImlhdCI6MTc1MjYwNDg3MCwiZXhwIjoxNzUyNjA2MDcwfQ.-QMNAJhVoJUk3PzrUNF78da32alYFtUSxCTGauwczWg",
    "refreshToken": "9981d55f1ae70e4fd81f655c5aa8e87ff2e6dcc63f4f3a471feea8b605b634026148b24e4c1beb92"
}
HTTP/1.1 200 OK
Server: nginx/1.18.0 (Ubuntu)
Date: Tue, 15 Jul 2025 18:41:10 GMT
Content-Type: application/json; charset=utf-8
Content-Length: 367
Connection: keep-alive
X-Powered-By: Express
Access-Control-Allow-Origin: *
authorization: Bearer eyJhbGciOiJIUzI1NiIsInR5cCI6IkpXVCJ9.eyJpZCI6IjY4NzZhMGM2OWVkMjgwMDAxYjY1OGJlNSIsImlhdCI6MTc1MjYwNDg3MCwiZXhwIjoxNzUyNjA2MDcwfQ.-QMNAJhVoJUk3PzrUNF78da32alYFtUSxCTGauwczWg
ETag: W/"16f-LrkpA2qbYL9lSTjE7ZJ893aJixU"

{
    "success": true,
    "user": {
        "email": "5aphrivohz@mail.ru",
        "name": "AjoUFMpj95"
    },
    "accessToken": "Bearer eyJhbGciOiJIUzI1NiIsInR5cCI6IkpXVCJ9.eyJpZCI6IjY4NzZhMGM2OWVkMjgwMDAxYjY1OGJlNSIsImlhdCI6MTc1MjYwNDg3MCwiZXhwIjoxNzUyNjA2MDcwfQ.-QMNAJhVoJUk3PzrUNF78da32alYFtUSxCTGauwczWg",
    "refreshToken": "9981d55f1ae70e4fd81f655c5aa8e87ff2e6dcc63f4f3a471feea8b605b634026148b24e4c1beb92"
}
HTTP/1.1 200 OK
Server: nginx/1.18.0 (Ubuntu)
Date: Tue, 15 Jul 2025 18:41:10 GMT
Content-Type: application/json; charset=utf-8
Content-Length: 367
Connection: keep-alive
X-Powered-By: Express
Access-Control-Allow-Origin: *
authorization: Bearer eyJhbGciOiJIUzI1NiIsInR5cCI6IkpXVCJ9.eyJpZCI6IjY4NzZhMGM2OWVkMjgwMDAxYjY1OGJlNSIsImlhdCI6MTc1MjYwNDg3MCwiZXhwIjoxNzUyNjA2MDcwfQ.-QMNAJhVoJUk3PzrUNF78da32alYFtUSxCTGauwczWg
ETag: W/"16f-LrkpA2qbYL9lSTjE7ZJ893aJixU"

{
    "success": true,
    "user": {
        "email": "5aphrivohz@mail.ru",
        "name": "AjoUFMpj95"
    },
    "accessToken": "Bearer eyJhbGciOiJIUzI1NiIsInR5cCI6IkpXVCJ9.eyJpZCI6IjY4NzZhMGM2OWVkMjgwMDAxYjY1OGJlNSIsImlhdCI6MTc1MjYwNDg3MCwiZXhwIjoxNzUyNjA2MDcwfQ.-QMNAJhVoJUk3PzrUNF78da32alYFtUSxCTGauwczWg",
    "refreshToken": "9981d55f1ae70e4fd81f655c5aa8e87ff2e6dcc63f4f3a471feea8b605b634026148b24e4c1beb92"
}
Request method:	POST
Request URI:	https://stellarburgers.nomoreparties.site/api/auth/login
Proxy:			<none>
Request params:	<none>
Query params:	<none>
Form params:	<none>
Path params:	<none>
Headers:		Accept=*/*
				Content-Type=application/json
Cookies:		<none>
Multiparts:		<none>
Body:
{
    "email": "5APhriVOhZ@mail.ru",
    "password": "QbSv8rP1xz"
}
Request method:	POST
Request URI:	https://stellarburgers.nomoreparties.site/api/auth/login
Proxy:			<none>
Request params:	<none>
Query params:	<none>
Form params:	<none>
Path params:	<none>
Headers:		Accept=*/*
				Content-Type=application/json
Cookies:		<none>
Multiparts:		<none>
Body:
{
    "email": "5APhriVOhZ@mail.ru",
    "password": "QbSv8rP1xz"
}
Request method:	POST
Request URI:	https://stellarburgers.nomoreparties.site/api/auth/login
Proxy:			<none>
Request params:	<none>
Query params:	<none>
Form params:	<none>
Path params:	<none>
Headers:		Accept=*/*
				Content-Type=application/json
Cookies:		<none>
Multiparts:		<none>
Body:
{
    "email": "5APhriVOhZ@mail.ru",
    "password": "QbSv8rP1xz"
}
HTTP/1.1 200 OK
Server: nginx/1.18.0 (Ubuntu)
Date: Tue, 15 Jul 2025 18:41:10 GMT
Content-Type: application/json; charset=utf-8
Content-Length: 367
Connection: keep-alive
X-Powered-By: Express
Access-Control-Allow-Origin: *
ETag: W/"16f-xL+doB6eQafnodQXRwQ3IyEdahs"

{
    "success": true,
    "accessToken": "Bearer eyJhbGciOiJIUzI1NiIsInR5cCI6IkpXVCJ9.eyJpZCI6IjY4NzZhMGM2OWVkMjgwMDAxYjY1OGJlNSIsImlhdCI6MTc1MjYwNDg3MCwiZXhwIjoxNzUyNjA2MDcwfQ.-QMNAJhVoJUk3PzrUNF78da32alYFtUSxCTGauwczWg",
    "refreshToken": "92d9f5206c111888d11fddcdebb7b1ffe2287fbc6e0129b5bab6ba5e82fa4808f85bfcd1e18a86f4",
    "user": {
        "email": "5aphrivohz@mail.ru",
        "name": "AjoUFMpj95"
    }
}
HTTP/1.1 200 OK
Server: nginx/1.18.0 (Ubuntu)
Date: Tue, 15 Jul 2025 18:41:10 GMT
Content-Type: application/json; charset=utf-8
Content-Length: 367
Connection: keep-alive
X-Powered-By: Express
Access-Control-Allow-Origin: *
ETag: W/"16f-xL+doB6eQafnodQXRwQ3IyEdahs"

{
    "success": true,
    "accessToken": "Bearer eyJhbGciOiJIUzI1NiIsInR5cCI6IkpXVCJ9.eyJpZCI6IjY4NzZhMGM2OWVkMjgwMDAxYjY1OGJlNSIsImlhdCI6MTc1MjYwNDg3MCwiZXhwIjoxNzUyNjA2MDcwfQ.-QMNAJhVoJUk3PzrUNF78da32alYFtUSxCTGauwczWg",
    "refreshToken": "92d9f5206c111888d11fddcdebb7b1ffe2287fbc6e0129b5bab6ba5e82fa4808f85bfcd1e18a86f4",
    "user": {
        "email": "5aphrivohz@mail.ru",
        "name": "AjoUFMpj95"
    }
}
HTTP/1.1 200 OK
Server: nginx/1.18.0 (Ubuntu)
Date: Tue, 15 Jul 2025 18:41:10 GMT
Content-Type: application/json; charset=utf-8
Content-Length: 367
Connection: keep-alive
X-Powered-By: Express
Access-Control-Allow-Origin: *
ETag: W/"16f-xL+doB6eQafnodQXRwQ3IyEdahs"

{
    "success": true,
    "accessToken": "Bearer eyJhbGciOiJIUzI1NiIsInR5cCI6IkpXVCJ9.eyJpZCI6IjY4NzZhMGM2OWVkMjgwMDAxYjY1OGJlNSIsImlhdCI6MTc1MjYwNDg3MCwiZXhwIjoxNzUyNjA2MDcwfQ.-QMNAJhVoJUk3PzrUNF78da32alYFtUSxCTGauwczWg",
    "refreshToken": "92d9f5206c111888d11fddcdebb7b1ffe2287fbc6e0129b5bab6ba5e82fa4808f85bfcd1e18a86f4",
    "user": {
        "email": "5aphrivohz@mail.ru",
        "name": "AjoUFMpj95"
    }
}
Request method:	POST
Request URI:	https://stellarburgers.nomoreparties.site/api/auth/login
Proxy:			<none>
Request params:	<none>
Query params:	<none>
Form params:	<none>
Path params:	<none>
Headers:		Accept=*/*
				Content-Type=application/json
Cookies:		<none>
Multiparts:		<none>
Body:
{
    "email": "5APhriVOhZ@mail.ru",
    "password": "QbSv8rP1xz"
}
Request method:	POST
Request URI:	https://stellarburgers.nomoreparties.site/api/auth/login
Proxy:			<none>
Request params:	<none>
Query params:	<none>
Form params:	<none>
Path params:	<none>
Headers:		Accept=*/*
				Content-Type=application/json
Cookies:		<none>
Multiparts:		<none>
Body:
{
    "email": "5APhriVOhZ@mail.ru",
    "password": "QbSv8rP1xz"
}
Request method:	POST
Request URI:	https://stellarburgers.nomoreparties.site/api/auth/login
Proxy:			<none>
Request params:	<none>
Query params:	<none>
Form params:	<none>
Path params:	<none>
Headers:		Accept=*/*
				Content-Type=application/json
Cookies:		<none>
Multiparts:		<none>
Body:
{
    "email": "5APhriVOhZ@mail.ru",
    "password": "QbSv8rP1xz"
}
HTTP/1.1 200 OK
Server: nginx/1.18.0 (Ubuntu)
Date: Tue, 15 Jul 2025 18:41:10 GMT
Content-Type: application/json; charset=utf-8
Content-Length: 367
Connection: keep-alive
X-Powered-By: Express
Access-Control-Allow-Origin: *
ETag: W/"16f-R/RyKic8bdA80Koy4W0BWN3qoXs"

{
    "success": true,
    "accessToken": "Bearer eyJhbGciOiJIUzI1NiIsInR5cCI6IkpXVCJ9.eyJpZCI6IjY4NzZhMGM2OWVkMjgwMDAxYjY1OGJlNSIsImlhdCI6MTc1MjYwNDg3MCwiZXhwIjoxNzUyNjA2MDcwfQ.-QMNAJhVoJUk3PzrUNF78da32alYFtUSxCTGauwczWg",
    "refreshToken": "a373531ce9095eaca55095dc0f569f5bf270ba3d0fb65527d4bba251a952d812f89901e4b540b289",
    "user": {
        "email": "5aphrivohz@mail.ru",
        "name": "AjoUFMpj95"
    }
}
HTTP/1.1 200 OK
Server: nginx/1.18.0 (Ubuntu)
Date: Tue, 15 Jul 2025 18:41:10 GMT
Content-Type: application/json; charset=utf-8
Content-Length: 367
Connection: keep-alive
X-Powered-By: Express
Access-Control-Allow-Origin: *
ETag: W/"16f-R/RyKic8bdA80Koy4W0BWN3qoXs"

{
    "success": true,
    "accessToken": "Bearer eyJhbGciOiJIUzI1NiIsInR5cCI6IkpXVCJ9.eyJpZCI6IjY4NzZhMGM2OWVkMjgwMDAxYjY1OGJlNSIsImlhdCI6MTc1MjYwNDg3MCwiZXhwIjoxNzUyNjA2MDcwfQ.-QMNAJhVoJUk3PzrUNF78da32alYFtUSxCTGauwczWg",
    "refreshToken": "a373531ce9095eaca55095dc0f569f5bf270ba3d0fb65527d4bba251a952d812f89901e4b540b289",
    "user": {
        "email": "5aphrivohz@mail.ru",
        "name": "AjoUFMpj95"
    }
}
HTTP/1.1 200 OK
Server: nginx/1.18.0 (Ubuntu)
Date: Tue, 15 Jul 2025 18:41:10 GMT
Content-Type: application/json; charset=utf-8
Content-Length: 367
Connection: keep-alive
X-Powered-By: Express
Access-Control-Allow-Origin: *
ETag: W/"16f-R/RyKic8bdA80Koy4W0BWN3qoXs"

{
    "success": true,
    "accessToken": "Bearer eyJhbGciOiJIUzI1NiIsInR5cCI6IkpXVCJ9.eyJpZCI6IjY4NzZhMGM2OWVkMjgwMDAxYjY1OGJlNSIsImlhdCI6MTc1MjYwNDg3MCwiZXhwIjoxNzUyNjA2MDcwfQ.-QMNAJhVoJUk3PzrUNF78da32alYFtUSxCTGauwczWg",
    "refreshToken": "a373531ce9095eaca55095dc0f569f5bf270ba3d0fb65527d4bba251a952d812f89901e4b540b289",
    "user": {
        "email": "5aphrivohz@mail.ru",
        "name": "AjoUFMpj95"
    }
}
Request method:	DELETE
Request URI:	https://stellarburgers.nomoreparties.site/api/auth/user
Proxy:			<none>
Request params:	<none>
Query params:	<none>
Form params:	<none>
Path params:	<none>
Headers:		Authorization=Bearer eyJhbGciOiJIUzI1NiIsInR5cCI6IkpXVCJ9.eyJpZCI6IjY4NzZhMGM2OWVkMjgwMDAxYjY1OGJlNSIsImlhdCI6MTc1MjYwNDg3MCwiZXhwIjoxNzUyNjA2MDcwfQ.-QMNAJhVoJUk3PzrUNF78da32alYFtUSxCTGauwczWg
				Accept=*/*
				Content-Type=application/json
Cookies:		<none>
Multiparts:		<none>
Body:			<none>
Request method:	DELETE
Request URI:	https://stellarburgers.nomoreparties.site/api/auth/user
Proxy:			<none>
Request params:	<none>
Query params:	<none>
Form params:	<none>
Path params:	<none>
Headers:		Authorization=Bearer eyJhbGciOiJIUzI1NiIsInR5cCI6IkpXVCJ9.eyJpZCI6IjY4NzZhMGM2OWVkMjgwMDAxYjY1OGJlNSIsImlhdCI6MTc1MjYwNDg3MCwiZXhwIjoxNzUyNjA2MDcwfQ.-QMNAJhVoJUk3PzrUNF78da32alYFtUSxCTGauwczWg
				Accept=*/*
				Content-Type=application/json
Cookies:		<none>
Multiparts:		<none>
Body:			<none>
Request method:	DELETE
Request URI:	https://stellarburgers.nomoreparties.site/api/auth/user
Proxy:			<none>
Request params:	<none>
Query params:	<none>
Form params:	<none>
Path params:	<none>
Headers:		Authorization=Bearer eyJhbGciOiJIUzI1NiIsInR5cCI6IkpXVCJ9.eyJpZCI6IjY4NzZhMGM2OWVkMjgwMDAxYjY1OGJlNSIsImlhdCI6MTc1MjYwNDg3MCwiZXhwIjoxNzUyNjA2MDcwfQ.-QMNAJhVoJUk3PzrUNF78da32alYFtUSxCTGauwczWg
				Accept=*/*
				Content-Type=application/json
Cookies:		<none>
Multiparts:		<none>
Body:			<none>
HTTP/1.1 202 Accepted
Server: nginx/1.18.0 (Ubuntu)
Date: Tue, 15 Jul 2025 18:41:11 GMT
Content-Type: application/json; charset=utf-8
Content-Length: 54
Connection: keep-alive
X-Powered-By: Express
Access-Control-Allow-Origin: *
ETag: W/"36-hDmZnQ3Ou/ynnqAeC6TYmyseuzY"

{
    "success": true,
    "message": "User successfully removed"
}
HTTP/1.1 202 Accepted
Server: nginx/1.18.0 (Ubuntu)
Date: Tue, 15 Jul 2025 18:41:11 GMT
Content-Type: application/json; charset=utf-8
Content-Length: 54
Connection: keep-alive
X-Powered-By: Express
Access-Control-Allow-Origin: *
ETag: W/"36-hDmZnQ3Ou/ynnqAeC6TYmyseuzY"

{
    "success": true,
    "message": "User successfully removed"
}
HTTP/1.1 202 Accepted
Server: nginx/1.18.0 (Ubuntu)
Date: Tue, 15 Jul 2025 18:41:11 GMT
Content-Type: application/json; charset=utf-8
Content-Length: 54
Connection: keep-alive
X-Powered-By: Express
Access-Control-Allow-Origin: *
ETag: W/"36-hDmZnQ3Ou/ynnqAeC6TYmyseuzY"

{
    "success": true,
    "message": "User successfully removed"
}
]]></system-out>
  </testcase>
  <testcase name="invalidEmailLoginTest" classname="LoginUserTest" time="1.207">
    <system-out><![CDATA[Request method:	POST
Request URI:	https://stellarburgers.nomoreparties.site/api/auth/register
Proxy:			<none>
Request params:	<none>
Query params:	<none>
Form params:	<none>
Path params:	<none>
Headers:		Accept=*/*
				Content-Type=application/json
Cookies:		<none>
Multiparts:		<none>
Body:
{
    "email": "8QbkwU0J5N@mail.ru",
    "password": "IpQ4ymgJKH",
    "name": "9eKS090Pt8"
}
Request method:	POST
Request URI:	https://stellarburgers.nomoreparties.site/api/auth/register
Proxy:			<none>
Request params:	<none>
Query params:	<none>
Form params:	<none>
Path params:	<none>
Headers:		Accept=*/*
				Content-Type=application/json
Cookies:		<none>
Multiparts:		<none>
Body:
{
    "email": "8QbkwU0J5N@mail.ru",
    "password": "IpQ4ymgJKH",
    "name": "9eKS090Pt8"
}
Request method:	POST
Request URI:	https://stellarburgers.nomoreparties.site/api/auth/register
Proxy:			<none>
Request params:	<none>
Query params:	<none>
Form params:	<none>
Path params:	<none>
Headers:		Accept=*/*
				Content-Type=application/json
Cookies:		<none>
Multiparts:		<none>
Body:
{
    "email": "8QbkwU0J5N@mail.ru",
    "password": "IpQ4ymgJKH",
    "name": "9eKS090Pt8"
}
Request method:	POST
Request URI:	https://stellarburgers.nomoreparties.site/api/auth/register
Proxy:			<none>
Request params:	<none>
Query params:	<none>
Form params:	<none>
Path params:	<none>
Headers:		Accept=*/*
				Content-Type=application/json
Cookies:		<none>
Multiparts:		<none>
Body:
{
    "email": "8QbkwU0J5N@mail.ru",
    "password": "IpQ4ymgJKH",
    "name": "9eKS090Pt8"
}
HTTP/1.1 200 OK
Server: nginx/1.18.0 (Ubuntu)
Date: Tue, 15 Jul 2025 18:41:11 GMT
Content-Type: application/json; charset=utf-8
Content-Length: 367
Connection: keep-alive
X-Powered-By: Express
Access-Control-Allow-Origin: *
authorization: Bearer eyJhbGciOiJIUzI1NiIsInR5cCI6IkpXVCJ9.eyJpZCI6IjY4NzZhMGM3OWVkMjgwMDAxYjY1OGJlOSIsImlhdCI6MTc1MjYwNDg3MSwiZXhwIjoxNzUyNjA2MDcxfQ.pW4zEDnzRsCTapWXWhkLj8KkPP5es4ZAYxl_ww4iTUM
ETag: W/"16f-vrtNXehMGR9dpwvcB/zWz6HEC3E"

{
    "success": true,
    "user": {
        "email": "8qbkwu0j5n@mail.ru",
        "name": "9eKS090Pt8"
    },
    "accessToken": "Bearer eyJhbGciOiJIUzI1NiIsInR5cCI6IkpXVCJ9.eyJpZCI6IjY4NzZhMGM3OWVkMjgwMDAxYjY1OGJlOSIsImlhdCI6MTc1MjYwNDg3MSwiZXhwIjoxNzUyNjA2MDcxfQ.pW4zEDnzRsCTapWXWhkLj8KkPP5es4ZAYxl_ww4iTUM",
    "refreshToken": "cddd5f43294669e3bc39aaac5c1724e02cdd1a0a4ff734200710f9c73869e0c2e94301c2b0f3cea7"
}
HTTP/1.1 200 OK
Server: nginx/1.18.0 (Ubuntu)
Date: Tue, 15 Jul 2025 18:41:11 GMT
Content-Type: application/json; charset=utf-8
Content-Length: 367
Connection: keep-alive
X-Powered-By: Express
Access-Control-Allow-Origin: *
authorization: Bearer eyJhbGciOiJIUzI1NiIsInR5cCI6IkpXVCJ9.eyJpZCI6IjY4NzZhMGM3OWVkMjgwMDAxYjY1OGJlOSIsImlhdCI6MTc1MjYwNDg3MSwiZXhwIjoxNzUyNjA2MDcxfQ.pW4zEDnzRsCTapWXWhkLj8KkPP5es4ZAYxl_ww4iTUM
ETag: W/"16f-vrtNXehMGR9dpwvcB/zWz6HEC3E"

{
    "success": true,
    "user": {
        "email": "8qbkwu0j5n@mail.ru",
        "name": "9eKS090Pt8"
    },
    "accessToken": "Bearer eyJhbGciOiJIUzI1NiIsInR5cCI6IkpXVCJ9.eyJpZCI6IjY4NzZhMGM3OWVkMjgwMDAxYjY1OGJlOSIsImlhdCI6MTc1MjYwNDg3MSwiZXhwIjoxNzUyNjA2MDcxfQ.pW4zEDnzRsCTapWXWhkLj8KkPP5es4ZAYxl_ww4iTUM",
    "refreshToken": "cddd5f43294669e3bc39aaac5c1724e02cdd1a0a4ff734200710f9c73869e0c2e94301c2b0f3cea7"
}
HTTP/1.1 200 OK
Server: nginx/1.18.0 (Ubuntu)
Date: Tue, 15 Jul 2025 18:41:11 GMT
Content-Type: application/json; charset=utf-8
Content-Length: 367
Connection: keep-alive
X-Powered-By: Express
Access-Control-Allow-Origin: *
authorization: Bearer eyJhbGciOiJIUzI1NiIsInR5cCI6IkpXVCJ9.eyJpZCI6IjY4NzZhMGM3OWVkMjgwMDAxYjY1OGJlOSIsImlhdCI6MTc1MjYwNDg3MSwiZXhwIjoxNzUyNjA2MDcxfQ.pW4zEDnzRsCTapWXWhkLj8KkPP5es4ZAYxl_ww4iTUM
ETag: W/"16f-vrtNXehMGR9dpwvcB/zWz6HEC3E"

{
    "success": true,
    "user": {
        "email": "8qbkwu0j5n@mail.ru",
        "name": "9eKS090Pt8"
    },
    "accessToken": "Bearer eyJhbGciOiJIUzI1NiIsInR5cCI6IkpXVCJ9.eyJpZCI6IjY4NzZhMGM3OWVkMjgwMDAxYjY1OGJlOSIsImlhdCI6MTc1MjYwNDg3MSwiZXhwIjoxNzUyNjA2MDcxfQ.pW4zEDnzRsCTapWXWhkLj8KkPP5es4ZAYxl_ww4iTUM",
    "refreshToken": "cddd5f43294669e3bc39aaac5c1724e02cdd1a0a4ff734200710f9c73869e0c2e94301c2b0f3cea7"
}
HTTP/1.1 200 OK
Server: nginx/1.18.0 (Ubuntu)
Date: Tue, 15 Jul 2025 18:41:11 GMT
Content-Type: application/json; charset=utf-8
Content-Length: 367
Connection: keep-alive
X-Powered-By: Express
Access-Control-Allow-Origin: *
authorization: Bearer eyJhbGciOiJIUzI1NiIsInR5cCI6IkpXVCJ9.eyJpZCI6IjY4NzZhMGM3OWVkMjgwMDAxYjY1OGJlOSIsImlhdCI6MTc1MjYwNDg3MSwiZXhwIjoxNzUyNjA2MDcxfQ.pW4zEDnzRsCTapWXWhkLj8KkPP5es4ZAYxl_ww4iTUM
ETag: W/"16f-vrtNXehMGR9dpwvcB/zWz6HEC3E"

{
    "success": true,
    "user": {
        "email": "8qbkwu0j5n@mail.ru",
        "name": "9eKS090Pt8"
    },
    "accessToken": "Bearer eyJhbGciOiJIUzI1NiIsInR5cCI6IkpXVCJ9.eyJpZCI6IjY4NzZhMGM3OWVkMjgwMDAxYjY1OGJlOSIsImlhdCI6MTc1MjYwNDg3MSwiZXhwIjoxNzUyNjA2MDcxfQ.pW4zEDnzRsCTapWXWhkLj8KkPP5es4ZAYxl_ww4iTUM",
    "refreshToken": "cddd5f43294669e3bc39aaac5c1724e02cdd1a0a4ff734200710f9c73869e0c2e94301c2b0f3cea7"
}
Request method:	POST
Request URI:	https://stellarburgers.nomoreparties.site/api/auth/login
Proxy:			<none>
Request params:	<none>
Query params:	<none>
Form params:	<none>
Path params:	<none>
Headers:		Accept=*/*
				Content-Type=application/json
Cookies:		<none>
Multiparts:		<none>
Body:
{
    "email": "8QbkwU0J5N@mail.ru",
    "password": "IpQ4ymgJKH"
}
Request method:	POST
Request URI:	https://stellarburgers.nomoreparties.site/api/auth/login
Proxy:			<none>
Request params:	<none>
Query params:	<none>
Form params:	<none>
Path params:	<none>
Headers:		Accept=*/*
				Content-Type=application/json
Cookies:		<none>
Multiparts:		<none>
Body:
{
    "email": "8QbkwU0J5N@mail.ru",
    "password": "IpQ4ymgJKH"
}
Request method:	POST
Request URI:	https://stellarburgers.nomoreparties.site/api/auth/login
Proxy:			<none>
Request params:	<none>
Query params:	<none>
Form params:	<none>
Path params:	<none>
Headers:		Accept=*/*
				Content-Type=application/json
Cookies:		<none>
Multiparts:		<none>
Body:
{
    "email": "8QbkwU0J5N@mail.ru",
    "password": "IpQ4ymgJKH"
}
Request method:	POST
Request URI:	https://stellarburgers.nomoreparties.site/api/auth/login
Proxy:			<none>
Request params:	<none>
Query params:	<none>
Form params:	<none>
Path params:	<none>
Headers:		Accept=*/*
				Content-Type=application/json
Cookies:		<none>
Multiparts:		<none>
Body:
{
    "email": "8QbkwU0J5N@mail.ru",
    "password": "IpQ4ymgJKH"
}
HTTP/1.1 200 OK
Server: nginx/1.18.0 (Ubuntu)
Date: Tue, 15 Jul 2025 18:41:11 GMT
Content-Type: application/json; charset=utf-8
Content-Length: 367
Connection: keep-alive
X-Powered-By: Express
Access-Control-Allow-Origin: *
ETag: W/"16f-DG8QuaURiK6seSbuGdeIaoS6ADY"

{
    "success": true,
    "accessToken": "Bearer eyJhbGciOiJIUzI1NiIsInR5cCI6IkpXVCJ9.eyJpZCI6IjY4NzZhMGM3OWVkMjgwMDAxYjY1OGJlOSIsImlhdCI6MTc1MjYwNDg3MSwiZXhwIjoxNzUyNjA2MDcxfQ.pW4zEDnzRsCTapWXWhkLj8KkPP5es4ZAYxl_ww4iTUM",
    "refreshToken": "c0d2e365e8878ec7d298b9bc7fac1988dcd3cfe417e3cf1edbb7d615f3879d220ca75e2f73d95ab8",
    "user": {
        "email": "8qbkwu0j5n@mail.ru",
        "name": "9eKS090Pt8"
    }
}
HTTP/1.1 200 OK
Server: nginx/1.18.0 (Ubuntu)
Date: Tue, 15 Jul 2025 18:41:11 GMT
Content-Type: application/json; charset=utf-8
Content-Length: 367
Connection: keep-alive
X-Powered-By: Express
Access-Control-Allow-Origin: *
ETag: W/"16f-DG8QuaURiK6seSbuGdeIaoS6ADY"

{
    "success": true,
    "accessToken": "Bearer eyJhbGciOiJIUzI1NiIsInR5cCI6IkpXVCJ9.eyJpZCI6IjY4NzZhMGM3OWVkMjgwMDAxYjY1OGJlOSIsImlhdCI6MTc1MjYwNDg3MSwiZXhwIjoxNzUyNjA2MDcxfQ.pW4zEDnzRsCTapWXWhkLj8KkPP5es4ZAYxl_ww4iTUM",
    "refreshToken": "c0d2e365e8878ec7d298b9bc7fac1988dcd3cfe417e3cf1edbb7d615f3879d220ca75e2f73d95ab8",
    "user": {
        "email": "8qbkwu0j5n@mail.ru",
        "name": "9eKS090Pt8"
    }
}
HTTP/1.1 200 OK
Server: nginx/1.18.0 (Ubuntu)
Date: Tue, 15 Jul 2025 18:41:11 GMT
Content-Type: application/json; charset=utf-8
Content-Length: 367
Connection: keep-alive
X-Powered-By: Express
Access-Control-Allow-Origin: *
ETag: W/"16f-DG8QuaURiK6seSbuGdeIaoS6ADY"

{
    "success": true,
    "accessToken": "Bearer eyJhbGciOiJIUzI1NiIsInR5cCI6IkpXVCJ9.eyJpZCI6IjY4NzZhMGM3OWVkMjgwMDAxYjY1OGJlOSIsImlhdCI6MTc1MjYwNDg3MSwiZXhwIjoxNzUyNjA2MDcxfQ.pW4zEDnzRsCTapWXWhkLj8KkPP5es4ZAYxl_ww4iTUM",
    "refreshToken": "c0d2e365e8878ec7d298b9bc7fac1988dcd3cfe417e3cf1edbb7d615f3879d220ca75e2f73d95ab8",
    "user": {
        "email": "8qbkwu0j5n@mail.ru",
        "name": "9eKS090Pt8"
    }
}
HTTP/1.1 200 OK
Server: nginx/1.18.0 (Ubuntu)
Date: Tue, 15 Jul 2025 18:41:11 GMT
Content-Type: application/json; charset=utf-8
Content-Length: 367
Connection: keep-alive
X-Powered-By: Express
Access-Control-Allow-Origin: *
ETag: W/"16f-DG8QuaURiK6seSbuGdeIaoS6ADY"

{
    "success": true,
    "accessToken": "Bearer eyJhbGciOiJIUzI1NiIsInR5cCI6IkpXVCJ9.eyJpZCI6IjY4NzZhMGM3OWVkMjgwMDAxYjY1OGJlOSIsImlhdCI6MTc1MjYwNDg3MSwiZXhwIjoxNzUyNjA2MDcxfQ.pW4zEDnzRsCTapWXWhkLj8KkPP5es4ZAYxl_ww4iTUM",
    "refreshToken": "c0d2e365e8878ec7d298b9bc7fac1988dcd3cfe417e3cf1edbb7d615f3879d220ca75e2f73d95ab8",
    "user": {
        "email": "8qbkwu0j5n@mail.ru",
        "name": "9eKS090Pt8"
    }
}
Request method:	POST
Request URI:	https://stellarburgers.nomoreparties.site/api/auth/login
Proxy:			<none>
Request params:	<none>
Query params:	<none>
Form params:	<none>
Path params:	<none>
Headers:		Accept=*/*
				Content-Type=application/json
Cookies:		<none>
Multiparts:		<none>
Body:
{
    "email": "paRrSeZyuD",
    "password": "IpQ4ymgJKH"
}
Request method:	POST
Request URI:	https://stellarburgers.nomoreparties.site/api/auth/login
Proxy:			<none>
Request params:	<none>
Query params:	<none>
Form params:	<none>
Path params:	<none>
Headers:		Accept=*/*
				Content-Type=application/json
Cookies:		<none>
Multiparts:		<none>
Body:
{
    "email": "paRrSeZyuD",
    "password": "IpQ4ymgJKH"
}
Request method:	POST
Request URI:	https://stellarburgers.nomoreparties.site/api/auth/login
Proxy:			<none>
Request params:	<none>
Query params:	<none>
Form params:	<none>
Path params:	<none>
Headers:		Accept=*/*
				Content-Type=application/json
Cookies:		<none>
Multiparts:		<none>
Body:
{
    "email": "paRrSeZyuD",
    "password": "IpQ4ymgJKH"
}
Request method:	POST
Request URI:	https://stellarburgers.nomoreparties.site/api/auth/login
Proxy:			<none>
Request params:	<none>
Query params:	<none>
Form params:	<none>
Path params:	<none>
Headers:		Accept=*/*
				Content-Type=application/json
Cookies:		<none>
Multiparts:		<none>
Body:
{
    "email": "paRrSeZyuD",
    "password": "IpQ4ymgJKH"
}
HTTP/1.1 401 Unauthorized
Server: nginx/1.18.0 (Ubuntu)
Date: Tue, 15 Jul 2025 18:41:11 GMT
Content-Type: application/json; charset=utf-8
Content-Length: 61
Connection: keep-alive
X-Powered-By: Express
Access-Control-Allow-Origin: *
ETag: W/"3d-ad9nrqlzQBuoZ0AId1U3rIgKU84"

{
    "success": false,
    "message": "email or password are incorrect"
}
HTTP/1.1 401 Unauthorized
Server: nginx/1.18.0 (Ubuntu)
Date: Tue, 15 Jul 2025 18:41:11 GMT
Content-Type: application/json; charset=utf-8
Content-Length: 61
Connection: keep-alive
X-Powered-By: Express
Access-Control-Allow-Origin: *
ETag: W/"3d-ad9nrqlzQBuoZ0AId1U3rIgKU84"

{
    "success": false,
    "message": "email or password are incorrect"
}
HTTP/1.1 401 Unauthorized
Server: nginx/1.18.0 (Ubuntu)
Date: Tue, 15 Jul 2025 18:41:11 GMT
Content-Type: application/json; charset=utf-8
Content-Length: 61
Connection: keep-alive
X-Powered-By: Express
Access-Control-Allow-Origin: *
ETag: W/"3d-ad9nrqlzQBuoZ0AId1U3rIgKU84"

{
    "success": false,
    "message": "email or password are incorrect"
}
HTTP/1.1 401 Unauthorized
Server: nginx/1.18.0 (Ubuntu)
Date: Tue, 15 Jul 2025 18:41:11 GMT
Content-Type: application/json; charset=utf-8
Content-Length: 61
Connection: keep-alive
X-Powered-By: Express
Access-Control-Allow-Origin: *
ETag: W/"3d-ad9nrqlzQBuoZ0AId1U3rIgKU84"

{
    "success": false,
    "message": "email or password are incorrect"
}
Request method:	DELETE
Request URI:	https://stellarburgers.nomoreparties.site/api/auth/user
Proxy:			<none>
Request params:	<none>
Query params:	<none>
Form params:	<none>
Path params:	<none>
Headers:		Authorization=Bearer eyJhbGciOiJIUzI1NiIsInR5cCI6IkpXVCJ9.eyJpZCI6IjY4NzZhMGM3OWVkMjgwMDAxYjY1OGJlOSIsImlhdCI6MTc1MjYwNDg3MSwiZXhwIjoxNzUyNjA2MDcxfQ.pW4zEDnzRsCTapWXWhkLj8KkPP5es4ZAYxl_ww4iTUM
				Accept=*/*
				Content-Type=application/json
Cookies:		<none>
Multiparts:		<none>
Body:			<none>
Request method:	DELETE
Request URI:	https://stellarburgers.nomoreparties.site/api/auth/user
Proxy:			<none>
Request params:	<none>
Query params:	<none>
Form params:	<none>
Path params:	<none>
Headers:		Authorization=Bearer eyJhbGciOiJIUzI1NiIsInR5cCI6IkpXVCJ9.eyJpZCI6IjY4NzZhMGM3OWVkMjgwMDAxYjY1OGJlOSIsImlhdCI6MTc1MjYwNDg3MSwiZXhwIjoxNzUyNjA2MDcxfQ.pW4zEDnzRsCTapWXWhkLj8KkPP5es4ZAYxl_ww4iTUM
				Accept=*/*
				Content-Type=application/json
Cookies:		<none>
Multiparts:		<none>
Body:			<none>
Request method:	DELETE
Request URI:	https://stellarburgers.nomoreparties.site/api/auth/user
Proxy:			<none>
Request params:	<none>
Query params:	<none>
Form params:	<none>
Path params:	<none>
Headers:		Authorization=Bearer eyJhbGciOiJIUzI1NiIsInR5cCI6IkpXVCJ9.eyJpZCI6IjY4NzZhMGM3OWVkMjgwMDAxYjY1OGJlOSIsImlhdCI6MTc1MjYwNDg3MSwiZXhwIjoxNzUyNjA2MDcxfQ.pW4zEDnzRsCTapWXWhkLj8KkPP5es4ZAYxl_ww4iTUM
				Accept=*/*
				Content-Type=application/json
Cookies:		<none>
Multiparts:		<none>
Body:			<none>
Request method:	DELETE
Request URI:	https://stellarburgers.nomoreparties.site/api/auth/user
Proxy:			<none>
Request params:	<none>
Query params:	<none>
Form params:	<none>
Path params:	<none>
Headers:		Authorization=Bearer eyJhbGciOiJIUzI1NiIsInR5cCI6IkpXVCJ9.eyJpZCI6IjY4NzZhMGM3OWVkMjgwMDAxYjY1OGJlOSIsImlhdCI6MTc1MjYwNDg3MSwiZXhwIjoxNzUyNjA2MDcxfQ.pW4zEDnzRsCTapWXWhkLj8KkPP5es4ZAYxl_ww4iTUM
				Accept=*/*
				Content-Type=application/json
Cookies:		<none>
Multiparts:		<none>
Body:			<none>
HTTP/1.1 202 Accepted
Server: nginx/1.18.0 (Ubuntu)
Date: Tue, 15 Jul 2025 18:41:12 GMT
Content-Type: application/json; charset=utf-8
Content-Length: 54
Connection: keep-alive
X-Powered-By: Express
Access-Control-Allow-Origin: *
ETag: W/"36-hDmZnQ3Ou/ynnqAeC6TYmyseuzY"

{
    "success": true,
    "message": "User successfully removed"
}
HTTP/1.1 202 Accepted
Server: nginx/1.18.0 (Ubuntu)
Date: Tue, 15 Jul 2025 18:41:12 GMT
Content-Type: application/json; charset=utf-8
Content-Length: 54
Connection: keep-alive
X-Powered-By: Express
Access-Control-Allow-Origin: *
ETag: W/"36-hDmZnQ3Ou/ynnqAeC6TYmyseuzY"

{
    "success": true,
    "message": "User successfully removed"
}
HTTP/1.1 202 Accepted
Server: nginx/1.18.0 (Ubuntu)
Date: Tue, 15 Jul 2025 18:41:12 GMT
Content-Type: application/json; charset=utf-8
Content-Length: 54
Connection: keep-alive
X-Powered-By: Express
Access-Control-Allow-Origin: *
ETag: W/"36-hDmZnQ3Ou/ynnqAeC6TYmyseuzY"

{
    "success": true,
    "message": "User successfully removed"
}
HTTP/1.1 202 Accepted
Server: nginx/1.18.0 (Ubuntu)
Date: Tue, 15 Jul 2025 18:41:12 GMT
Content-Type: application/json; charset=utf-8
Content-Length: 54
Connection: keep-alive
X-Powered-By: Express
Access-Control-Allow-Origin: *
ETag: W/"36-hDmZnQ3Ou/ynnqAeC6TYmyseuzY"

{
    "success": true,
    "message": "User successfully removed"
}
]]></system-out>
  </testcase>
  <testcase name="invalidPasswordLoginTest" classname="LoginUserTest" time="1.266">
    <system-out><![CDATA[Request method:	POST
Request URI:	https://stellarburgers.nomoreparties.site/api/auth/register
Proxy:			<none>
Request params:	<none>
Query params:	<none>
Form params:	<none>
Path params:	<none>
Headers:		Accept=*/*
				Content-Type=application/json
Cookies:		<none>
Multiparts:		<none>
Body:
{
    "email": "AlnV7WweKl@mail.ru",
    "password": "b6UVX10yFo",
    "name": "qYUi4yT6TK"
}
Request method:	POST
Request URI:	https://stellarburgers.nomoreparties.site/api/auth/register
Proxy:			<none>
Request params:	<none>
Query params:	<none>
Form params:	<none>
Path params:	<none>
Headers:		Accept=*/*
				Content-Type=application/json
Cookies:		<none>
Multiparts:		<none>
Body:
{
    "email": "AlnV7WweKl@mail.ru",
    "password": "b6UVX10yFo",
    "name": "qYUi4yT6TK"
}
Request method:	POST
Request URI:	https://stellarburgers.nomoreparties.site/api/auth/register
Proxy:			<none>
Request params:	<none>
Query params:	<none>
Form params:	<none>
Path params:	<none>
Headers:		Accept=*/*
				Content-Type=application/json
Cookies:		<none>
Multiparts:		<none>
Body:
{
    "email": "AlnV7WweKl@mail.ru",
    "password": "b6UVX10yFo",
    "name": "qYUi4yT6TK"
}
Request method:	POST
Request URI:	https://stellarburgers.nomoreparties.site/api/auth/register
Proxy:			<none>
Request params:	<none>
Query params:	<none>
Form params:	<none>
Path params:	<none>
Headers:		Accept=*/*
				Content-Type=application/json
Cookies:		<none>
Multiparts:		<none>
Body:
{
    "email": "AlnV7WweKl@mail.ru",
    "password": "b6UVX10yFo",
    "name": "qYUi4yT6TK"
}
Request method:	POST
Request URI:	https://stellarburgers.nomoreparties.site/api/auth/register
Proxy:			<none>
Request params:	<none>
Query params:	<none>
Form params:	<none>
Path params:	<none>
Headers:		Accept=*/*
				Content-Type=application/json
Cookies:		<none>
Multiparts:		<none>
Body:
{
    "email": "AlnV7WweKl@mail.ru",
    "password": "b6UVX10yFo",
    "name": "qYUi4yT6TK"
}
HTTP/1.1 200 OK
Server: nginx/1.18.0 (Ubuntu)
Date: Tue, 15 Jul 2025 18:41:12 GMT
Content-Type: application/json; charset=utf-8
Content-Length: 367
Connection: keep-alive
X-Powered-By: Express
Access-Control-Allow-Origin: *
authorization: Bearer eyJhbGciOiJIUzI1NiIsInR5cCI6IkpXVCJ9.eyJpZCI6IjY4NzZhMGM4OWVkMjgwMDAxYjY1OGJlYyIsImlhdCI6MTc1MjYwNDg3MiwiZXhwIjoxNzUyNjA2MDcyfQ.LzqcrcHNeV-8R1svVgT-c4sjwyaAdB36ud2glNZx_A8
ETag: W/"16f-1okbeNXaplw8NgQ7Q+IcZDTwi5I"

{
    "success": true,
    "user": {
        "email": "alnv7wwekl@mail.ru",
        "name": "qYUi4yT6TK"
    },
    "accessToken": "Bearer eyJhbGciOiJIUzI1NiIsInR5cCI6IkpXVCJ9.eyJpZCI6IjY4NzZhMGM4OWVkMjgwMDAxYjY1OGJlYyIsImlhdCI6MTc1MjYwNDg3MiwiZXhwIjoxNzUyNjA2MDcyfQ.LzqcrcHNeV-8R1svVgT-c4sjwyaAdB36ud2glNZx_A8",
    "refreshToken": "dc3a973e2da083dd44d5e5317e68ee53d5f306d4ca1b4cd7241fc5b18ef187b930be86720a414cb5"
}
HTTP/1.1 200 OK
Server: nginx/1.18.0 (Ubuntu)
Date: Tue, 15 Jul 2025 18:41:12 GMT
Content-Type: application/json; charset=utf-8
Content-Length: 367
Connection: keep-alive
X-Powered-By: Express
Access-Control-Allow-Origin: *
authorization: Bearer eyJhbGciOiJIUzI1NiIsInR5cCI6IkpXVCJ9.eyJpZCI6IjY4NzZhMGM4OWVkMjgwMDAxYjY1OGJlYyIsImlhdCI6MTc1MjYwNDg3MiwiZXhwIjoxNzUyNjA2MDcyfQ.LzqcrcHNeV-8R1svVgT-c4sjwyaAdB36ud2glNZx_A8
ETag: W/"16f-1okbeNXaplw8NgQ7Q+IcZDTwi5I"

{
    "success": true,
    "user": {
        "email": "alnv7wwekl@mail.ru",
        "name": "qYUi4yT6TK"
    },
    "accessToken": "Bearer eyJhbGciOiJIUzI1NiIsInR5cCI6IkpXVCJ9.eyJpZCI6IjY4NzZhMGM4OWVkMjgwMDAxYjY1OGJlYyIsImlhdCI6MTc1MjYwNDg3MiwiZXhwIjoxNzUyNjA2MDcyfQ.LzqcrcHNeV-8R1svVgT-c4sjwyaAdB36ud2glNZx_A8",
    "refreshToken": "dc3a973e2da083dd44d5e5317e68ee53d5f306d4ca1b4cd7241fc5b18ef187b930be86720a414cb5"
}
HTTP/1.1 200 OK
Server: nginx/1.18.0 (Ubuntu)
Date: Tue, 15 Jul 2025 18:41:12 GMT
Content-Type: application/json; charset=utf-8
Content-Length: 367
Connection: keep-alive
X-Powered-By: Express
Access-Control-Allow-Origin: *
authorization: Bearer eyJhbGciOiJIUzI1NiIsInR5cCI6IkpXVCJ9.eyJpZCI6IjY4NzZhMGM4OWVkMjgwMDAxYjY1OGJlYyIsImlhdCI6MTc1MjYwNDg3MiwiZXhwIjoxNzUyNjA2MDcyfQ.LzqcrcHNeV-8R1svVgT-c4sjwyaAdB36ud2glNZx_A8
ETag: W/"16f-1okbeNXaplw8NgQ7Q+IcZDTwi5I"

{
    "success": true,
    "user": {
        "email": "alnv7wwekl@mail.ru",
        "name": "qYUi4yT6TK"
    },
    "accessToken": "Bearer eyJhbGciOiJIUzI1NiIsInR5cCI6IkpXVCJ9.eyJpZCI6IjY4NzZhMGM4OWVkMjgwMDAxYjY1OGJlYyIsImlhdCI6MTc1MjYwNDg3MiwiZXhwIjoxNzUyNjA2MDcyfQ.LzqcrcHNeV-8R1svVgT-c4sjwyaAdB36ud2glNZx_A8",
    "refreshToken": "dc3a973e2da083dd44d5e5317e68ee53d5f306d4ca1b4cd7241fc5b18ef187b930be86720a414cb5"
}
HTTP/1.1 200 OK
Server: nginx/1.18.0 (Ubuntu)
Date: Tue, 15 Jul 2025 18:41:12 GMT
Content-Type: application/json; charset=utf-8
Content-Length: 367
Connection: keep-alive
X-Powered-By: Express
Access-Control-Allow-Origin: *
authorization: Bearer eyJhbGciOiJIUzI1NiIsInR5cCI6IkpXVCJ9.eyJpZCI6IjY4NzZhMGM4OWVkMjgwMDAxYjY1OGJlYyIsImlhdCI6MTc1MjYwNDg3MiwiZXhwIjoxNzUyNjA2MDcyfQ.LzqcrcHNeV-8R1svVgT-c4sjwyaAdB36ud2glNZx_A8
ETag: W/"16f-1okbeNXaplw8NgQ7Q+IcZDTwi5I"

{
    "success": true,
    "user": {
        "email": "alnv7wwekl@mail.ru",
        "name": "qYUi4yT6TK"
    },
    "accessToken": "Bearer eyJhbGciOiJIUzI1NiIsInR5cCI6IkpXVCJ9.eyJpZCI6IjY4NzZhMGM4OWVkMjgwMDAxYjY1OGJlYyIsImlhdCI6MTc1MjYwNDg3MiwiZXhwIjoxNzUyNjA2MDcyfQ.LzqcrcHNeV-8R1svVgT-c4sjwyaAdB36ud2glNZx_A8",
    "refreshToken": "dc3a973e2da083dd44d5e5317e68ee53d5f306d4ca1b4cd7241fc5b18ef187b930be86720a414cb5"
}
HTTP/1.1 200 OK
Server: nginx/1.18.0 (Ubuntu)
Date: Tue, 15 Jul 2025 18:41:12 GMT
Content-Type: application/json; charset=utf-8
Content-Length: 367
Connection: keep-alive
X-Powered-By: Express
Access-Control-Allow-Origin: *
authorization: Bearer eyJhbGciOiJIUzI1NiIsInR5cCI6IkpXVCJ9.eyJpZCI6IjY4NzZhMGM4OWVkMjgwMDAxYjY1OGJlYyIsImlhdCI6MTc1MjYwNDg3MiwiZXhwIjoxNzUyNjA2MDcyfQ.LzqcrcHNeV-8R1svVgT-c4sjwyaAdB36ud2glNZx_A8
ETag: W/"16f-1okbeNXaplw8NgQ7Q+IcZDTwi5I"

{
    "success": true,
    "user": {
        "email": "alnv7wwekl@mail.ru",
        "name": "qYUi4yT6TK"
    },
    "accessToken": "Bearer eyJhbGciOiJIUzI1NiIsInR5cCI6IkpXVCJ9.eyJpZCI6IjY4NzZhMGM4OWVkMjgwMDAxYjY1OGJlYyIsImlhdCI6MTc1MjYwNDg3MiwiZXhwIjoxNzUyNjA2MDcyfQ.LzqcrcHNeV-8R1svVgT-c4sjwyaAdB36ud2glNZx_A8",
    "refreshToken": "dc3a973e2da083dd44d5e5317e68ee53d5f306d4ca1b4cd7241fc5b18ef187b930be86720a414cb5"
}
Request method:	POST
Request URI:	https://stellarburgers.nomoreparties.site/api/auth/login
Proxy:			<none>
Request params:	<none>
Query params:	<none>
Form params:	<none>
Path params:	<none>
Headers:		Accept=*/*
				Content-Type=application/json
Cookies:		<none>
Multiparts:		<none>
Body:
{
    "email": "AlnV7WweKl@mail.ru",
    "password": "b6UVX10yFo"
}
Request method:	POST
Request URI:	https://stellarburgers.nomoreparties.site/api/auth/login
Proxy:			<none>
Request params:	<none>
Query params:	<none>
Form params:	<none>
Path params:	<none>
Headers:		Accept=*/*
				Content-Type=application/json
Cookies:		<none>
Multiparts:		<none>
Body:
{
    "email": "AlnV7WweKl@mail.ru",
    "password": "b6UVX10yFo"
}
Request method:	POST
Request URI:	https://stellarburgers.nomoreparties.site/api/auth/login
Proxy:			<none>
Request params:	<none>
Query params:	<none>
Form params:	<none>
Path params:	<none>
Headers:		Accept=*/*
				Content-Type=application/json
Cookies:		<none>
Multiparts:		<none>
Body:
{
    "email": "AlnV7WweKl@mail.ru",
    "password": "b6UVX10yFo"
}
Request method:	POST
Request URI:	https://stellarburgers.nomoreparties.site/api/auth/login
Proxy:			<none>
Request params:	<none>
Query params:	<none>
Form params:	<none>
Path params:	<none>
Headers:		Accept=*/*
				Content-Type=application/json
Cookies:		<none>
Multiparts:		<none>
Body:
{
    "email": "AlnV7WweKl@mail.ru",
    "password": "b6UVX10yFo"
}
Request method:	POST
Request URI:	https://stellarburgers.nomoreparties.site/api/auth/login
Proxy:			<none>
Request params:	<none>
Query params:	<none>
Form params:	<none>
Path params:	<none>
Headers:		Accept=*/*
				Content-Type=application/json
Cookies:		<none>
Multiparts:		<none>
Body:
{
    "email": "AlnV7WweKl@mail.ru",
    "password": "b6UVX10yFo"
}
HTTP/1.1 200 OK
Server: nginx/1.18.0 (Ubuntu)
Date: Tue, 15 Jul 2025 18:41:13 GMT
Content-Type: application/json; charset=utf-8
Content-Length: 367
Connection: keep-alive
X-Powered-By: Express
Access-Control-Allow-Origin: *
ETag: W/"16f-LA6OkNWxbH7XUQnIps4Fnz9LZ8E"

{
    "success": true,
    "accessToken": "Bearer eyJhbGciOiJIUzI1NiIsInR5cCI6IkpXVCJ9.eyJpZCI6IjY4NzZhMGM4OWVkMjgwMDAxYjY1OGJlYyIsImlhdCI6MTc1MjYwNDg3MywiZXhwIjoxNzUyNjA2MDczfQ.8zOFD6a9VUL14Qj5LCgrDps1VE_SuxX9OopqL-KeGE8",
    "refreshToken": "3f516f528437326f29e58e9664fd712a266731e1989b58d7528dfc2e21d08ec8aec0d5e2957d3aa7",
    "user": {
        "email": "alnv7wwekl@mail.ru",
        "name": "qYUi4yT6TK"
    }
}
HTTP/1.1 200 OK
Server: nginx/1.18.0 (Ubuntu)
Date: Tue, 15 Jul 2025 18:41:13 GMT
Content-Type: application/json; charset=utf-8
Content-Length: 367
Connection: keep-alive
X-Powered-By: Express
Access-Control-Allow-Origin: *
ETag: W/"16f-LA6OkNWxbH7XUQnIps4Fnz9LZ8E"

{
    "success": true,
    "accessToken": "Bearer eyJhbGciOiJIUzI1NiIsInR5cCI6IkpXVCJ9.eyJpZCI6IjY4NzZhMGM4OWVkMjgwMDAxYjY1OGJlYyIsImlhdCI6MTc1MjYwNDg3MywiZXhwIjoxNzUyNjA2MDczfQ.8zOFD6a9VUL14Qj5LCgrDps1VE_SuxX9OopqL-KeGE8",
    "refreshToken": "3f516f528437326f29e58e9664fd712a266731e1989b58d7528dfc2e21d08ec8aec0d5e2957d3aa7",
    "user": {
        "email": "alnv7wwekl@mail.ru",
        "name": "qYUi4yT6TK"
    }
}
HTTP/1.1 200 OK
Server: nginx/1.18.0 (Ubuntu)
Date: Tue, 15 Jul 2025 18:41:13 GMT
Content-Type: application/json; charset=utf-8
Content-Length: 367
Connection: keep-alive
X-Powered-By: Express
Access-Control-Allow-Origin: *
ETag: W/"16f-LA6OkNWxbH7XUQnIps4Fnz9LZ8E"

{
    "success": true,
    "accessToken": "Bearer eyJhbGciOiJIUzI1NiIsInR5cCI6IkpXVCJ9.eyJpZCI6IjY4NzZhMGM4OWVkMjgwMDAxYjY1OGJlYyIsImlhdCI6MTc1MjYwNDg3MywiZXhwIjoxNzUyNjA2MDczfQ.8zOFD6a9VUL14Qj5LCgrDps1VE_SuxX9OopqL-KeGE8",
    "refreshToken": "3f516f528437326f29e58e9664fd712a266731e1989b58d7528dfc2e21d08ec8aec0d5e2957d3aa7",
    "user": {
        "email": "alnv7wwekl@mail.ru",
        "name": "qYUi4yT6TK"
    }
}
HTTP/1.1 200 OK
Server: nginx/1.18.0 (Ubuntu)
Date: Tue, 15 Jul 2025 18:41:13 GMT
Content-Type: application/json; charset=utf-8
Content-Length: 367
Connection: keep-alive
X-Powered-By: Express
Access-Control-Allow-Origin: *
ETag: W/"16f-LA6OkNWxbH7XUQnIps4Fnz9LZ8E"

{
    "success": true,
    "accessToken": "Bearer eyJhbGciOiJIUzI1NiIsInR5cCI6IkpXVCJ9.eyJpZCI6IjY4NzZhMGM4OWVkMjgwMDAxYjY1OGJlYyIsImlhdCI6MTc1MjYwNDg3MywiZXhwIjoxNzUyNjA2MDczfQ.8zOFD6a9VUL14Qj5LCgrDps1VE_SuxX9OopqL-KeGE8",
    "refreshToken": "3f516f528437326f29e58e9664fd712a266731e1989b58d7528dfc2e21d08ec8aec0d5e2957d3aa7",
    "user": {
        "email": "alnv7wwekl@mail.ru",
        "name": "qYUi4yT6TK"
    }
}
HTTP/1.1 200 OK
Server: nginx/1.18.0 (Ubuntu)
Date: Tue, 15 Jul 2025 18:41:13 GMT
Content-Type: application/json; charset=utf-8
Content-Length: 367
Connection: keep-alive
X-Powered-By: Express
Access-Control-Allow-Origin: *
ETag: W/"16f-LA6OkNWxbH7XUQnIps4Fnz9LZ8E"

{
    "success": true,
    "accessToken": "Bearer eyJhbGciOiJIUzI1NiIsInR5cCI6IkpXVCJ9.eyJpZCI6IjY4NzZhMGM4OWVkMjgwMDAxYjY1OGJlYyIsImlhdCI6MTc1MjYwNDg3MywiZXhwIjoxNzUyNjA2MDczfQ.8zOFD6a9VUL14Qj5LCgrDps1VE_SuxX9OopqL-KeGE8",
    "refreshToken": "3f516f528437326f29e58e9664fd712a266731e1989b58d7528dfc2e21d08ec8aec0d5e2957d3aa7",
    "user": {
        "email": "alnv7wwekl@mail.ru",
        "name": "qYUi4yT6TK"
    }
}
Request method:	POST
Request URI:	https://stellarburgers.nomoreparties.site/api/auth/login
Proxy:			<none>
Request params:	<none>
Query params:	<none>
Form params:	<none>
Path params:	<none>
Headers:		Accept=*/*
				Content-Type=application/json
Cookies:		<none>
Multiparts:		<none>
Body:
{
    "email": "AlnV7WweKl@mail.ru",
    "password": "QzfVziarAX"
}
Request method:	POST
Request URI:	https://stellarburgers.nomoreparties.site/api/auth/login
Proxy:			<none>
Request params:	<none>
Query params:	<none>
Form params:	<none>
Path params:	<none>
Headers:		Accept=*/*
				Content-Type=application/json
Cookies:		<none>
Multiparts:		<none>
Body:
{
    "email": "AlnV7WweKl@mail.ru",
    "password": "QzfVziarAX"
}
Request method:	POST
Request URI:	https://stellarburgers.nomoreparties.site/api/auth/login
Proxy:			<none>
Request params:	<none>
Query params:	<none>
Form params:	<none>
Path params:	<none>
Headers:		Accept=*/*
				Content-Type=application/json
Cookies:		<none>
Multiparts:		<none>
Body:
{
    "email": "AlnV7WweKl@mail.ru",
    "password": "QzfVziarAX"
}
Request method:	POST
Request URI:	https://stellarburgers.nomoreparties.site/api/auth/login
Proxy:			<none>
Request params:	<none>
Query params:	<none>
Form params:	<none>
Path params:	<none>
Headers:		Accept=*/*
				Content-Type=application/json
Cookies:		<none>
Multiparts:		<none>
Body:
{
    "email": "AlnV7WweKl@mail.ru",
    "password": "QzfVziarAX"
}
Request method:	POST
Request URI:	https://stellarburgers.nomoreparties.site/api/auth/login
Proxy:			<none>
Request params:	<none>
Query params:	<none>
Form params:	<none>
Path params:	<none>
Headers:		Accept=*/*
				Content-Type=application/json
Cookies:		<none>
Multiparts:		<none>
Body:
{
    "email": "AlnV7WweKl@mail.ru",
    "password": "QzfVziarAX"
}
HTTP/1.1 401 Unauthorized
Server: nginx/1.18.0 (Ubuntu)
Date: Tue, 15 Jul 2025 18:41:13 GMT
Content-Type: application/json; charset=utf-8
Content-Length: 61
Connection: keep-alive
X-Powered-By: Express
Access-Control-Allow-Origin: *
ETag: W/"3d-ad9nrqlzQBuoZ0AId1U3rIgKU84"

{
    "success": false,
    "message": "email or password are incorrect"
}
HTTP/1.1 401 Unauthorized
Server: nginx/1.18.0 (Ubuntu)
Date: Tue, 15 Jul 2025 18:41:13 GMT
Content-Type: application/json; charset=utf-8
Content-Length: 61
Connection: keep-alive
X-Powered-By: Express
Access-Control-Allow-Origin: *
ETag: W/"3d-ad9nrqlzQBuoZ0AId1U3rIgKU84"

{
    "success": false,
    "message": "email or password are incorrect"
}
HTTP/1.1 401 Unauthorized
Server: nginx/1.18.0 (Ubuntu)
Date: Tue, 15 Jul 2025 18:41:13 GMT
Content-Type: application/json; charset=utf-8
Content-Length: 61
Connection: keep-alive
X-Powered-By: Express
Access-Control-Allow-Origin: *
ETag: W/"3d-ad9nrqlzQBuoZ0AId1U3rIgKU84"

{
    "success": false,
    "message": "email or password are incorrect"
}
HTTP/1.1 401 Unauthorized
Server: nginx/1.18.0 (Ubuntu)
Date: Tue, 15 Jul 2025 18:41:13 GMT
Content-Type: application/json; charset=utf-8
Content-Length: 61
Connection: keep-alive
X-Powered-By: Express
Access-Control-Allow-Origin: *
ETag: W/"3d-ad9nrqlzQBuoZ0AId1U3rIgKU84"

{
    "success": false,
    "message": "email or password are incorrect"
}
HTTP/1.1 401 Unauthorized
Server: nginx/1.18.0 (Ubuntu)
Date: Tue, 15 Jul 2025 18:41:13 GMT
Content-Type: application/json; charset=utf-8
Content-Length: 61
Connection: keep-alive
X-Powered-By: Express
Access-Control-Allow-Origin: *
ETag: W/"3d-ad9nrqlzQBuoZ0AId1U3rIgKU84"

{
    "success": false,
    "message": "email or password are incorrect"
}
Request method:	DELETE
Request URI:	https://stellarburgers.nomoreparties.site/api/auth/user
Proxy:			<none>
Request params:	<none>
Query params:	<none>
Form params:	<none>
Path params:	<none>
Headers:		Authorization=Bearer eyJhbGciOiJIUzI1NiIsInR5cCI6IkpXVCJ9.eyJpZCI6IjY4NzZhMGM4OWVkMjgwMDAxYjY1OGJlYyIsImlhdCI6MTc1MjYwNDg3MywiZXhwIjoxNzUyNjA2MDczfQ.8zOFD6a9VUL14Qj5LCgrDps1VE_SuxX9OopqL-KeGE8
				Accept=*/*
				Content-Type=application/json
Cookies:		<none>
Multiparts:		<none>
Body:			<none>
Request method:	DELETE
Request URI:	https://stellarburgers.nomoreparties.site/api/auth/user
Proxy:			<none>
Request params:	<none>
Query params:	<none>
Form params:	<none>
Path params:	<none>
Headers:		Authorization=Bearer eyJhbGciOiJIUzI1NiIsInR5cCI6IkpXVCJ9.eyJpZCI6IjY4NzZhMGM4OWVkMjgwMDAxYjY1OGJlYyIsImlhdCI6MTc1MjYwNDg3MywiZXhwIjoxNzUyNjA2MDczfQ.8zOFD6a9VUL14Qj5LCgrDps1VE_SuxX9OopqL-KeGE8
				Accept=*/*
				Content-Type=application/json
Cookies:		<none>
Multiparts:		<none>
Body:			<none>
Request method:	DELETE
Request URI:	https://stellarburgers.nomoreparties.site/api/auth/user
Proxy:			<none>
Request params:	<none>
Query params:	<none>
Form params:	<none>
Path params:	<none>
Headers:		Authorization=Bearer eyJhbGciOiJIUzI1NiIsInR5cCI6IkpXVCJ9.eyJpZCI6IjY4NzZhMGM4OWVkMjgwMDAxYjY1OGJlYyIsImlhdCI6MTc1MjYwNDg3MywiZXhwIjoxNzUyNjA2MDczfQ.8zOFD6a9VUL14Qj5LCgrDps1VE_SuxX9OopqL-KeGE8
				Accept=*/*
				Content-Type=application/json
Cookies:		<none>
Multiparts:		<none>
Body:			<none>
Request method:	DELETE
Request URI:	https://stellarburgers.nomoreparties.site/api/auth/user
Proxy:			<none>
Request params:	<none>
Query params:	<none>
Form params:	<none>
Path params:	<none>
Headers:		Authorization=Bearer eyJhbGciOiJIUzI1NiIsInR5cCI6IkpXVCJ9.eyJpZCI6IjY4NzZhMGM4OWVkMjgwMDAxYjY1OGJlYyIsImlhdCI6MTc1MjYwNDg3MywiZXhwIjoxNzUyNjA2MDczfQ.8zOFD6a9VUL14Qj5LCgrDps1VE_SuxX9OopqL-KeGE8
				Accept=*/*
				Content-Type=application/json
Cookies:		<none>
Multiparts:		<none>
Body:			<none>
Request method:	DELETE
Request URI:	https://stellarburgers.nomoreparties.site/api/auth/user
Proxy:			<none>
Request params:	<none>
Query params:	<none>
Form params:	<none>
Path params:	<none>
Headers:		Authorization=Bearer eyJhbGciOiJIUzI1NiIsInR5cCI6IkpXVCJ9.eyJpZCI6IjY4NzZhMGM4OWVkMjgwMDAxYjY1OGJlYyIsImlhdCI6MTc1MjYwNDg3MywiZXhwIjoxNzUyNjA2MDczfQ.8zOFD6a9VUL14Qj5LCgrDps1VE_SuxX9OopqL-KeGE8
				Accept=*/*
				Content-Type=application/json
Cookies:		<none>
Multiparts:		<none>
Body:			<none>
HTTP/1.1 202 Accepted
Server: nginx/1.18.0 (Ubuntu)
Date: Tue, 15 Jul 2025 18:41:13 GMT
Content-Type: application/json; charset=utf-8
Content-Length: 54
Connection: keep-alive
X-Powered-By: Express
Access-Control-Allow-Origin: *
ETag: W/"36-hDmZnQ3Ou/ynnqAeC6TYmyseuzY"

{
    "success": true,
    "message": "User successfully removed"
}
HTTP/1.1 202 Accepted
Server: nginx/1.18.0 (Ubuntu)
Date: Tue, 15 Jul 2025 18:41:13 GMT
Content-Type: application/json; charset=utf-8
Content-Length: 54
Connection: keep-alive
X-Powered-By: Express
Access-Control-Allow-Origin: *
ETag: W/"36-hDmZnQ3Ou/ynnqAeC6TYmyseuzY"

{
    "success": true,
    "message": "User successfully removed"
}
HTTP/1.1 202 Accepted
Server: nginx/1.18.0 (Ubuntu)
Date: Tue, 15 Jul 2025 18:41:13 GMT
Content-Type: application/json; charset=utf-8
Content-Length: 54
Connection: keep-alive
X-Powered-By: Express
Access-Control-Allow-Origin: *
ETag: W/"36-hDmZnQ3Ou/ynnqAeC6TYmyseuzY"

{
    "success": true,
    "message": "User successfully removed"
}
HTTP/1.1 202 Accepted
Server: nginx/1.18.0 (Ubuntu)
Date: Tue, 15 Jul 2025 18:41:13 GMT
Content-Type: application/json; charset=utf-8
Content-Length: 54
Connection: keep-alive
X-Powered-By: Express
Access-Control-Allow-Origin: *
ETag: W/"36-hDmZnQ3Ou/ynnqAeC6TYmyseuzY"

{
    "success": true,
    "message": "User successfully removed"
}
HTTP/1.1 202 Accepted
Server: nginx/1.18.0 (Ubuntu)
Date: Tue, 15 Jul 2025 18:41:13 GMT
Content-Type: application/json; charset=utf-8
Content-Length: 54
Connection: keep-alive
X-Powered-By: Express
Access-Control-Allow-Origin: *
ETag: W/"36-hDmZnQ3Ou/ynnqAeC6TYmyseuzY"

{
    "success": true,
    "message": "User successfully removed"
}
]]></system-out>
  </testcase>
</testsuite>