<?xml version="1.0" encoding="UTF-8"?>
<testsuite xmlns:xsi="http://www.w3.org/2001/XMLSchema-instance" xsi:noNamespaceSchemaLocation="https://maven.apache.org/surefire/maven-surefire-plugin/xsd/surefire-test-report-3.0.xsd" version="3.0" name="UserTest" time="1.107" tests="5" errors="0" skipped="0" failures="0">
  <properties>
[...]
</properties>
  <testcase name="createUserWhithoutPasswordTest" classname="UserTest" time="0.154">
    <system-out><![CDATA[Request method:	POST
Request URI:	https://stellarburgers.nomoreparties.site/api/auth/register
Proxy:			<none>
Request params:	<none>
Query params:	<none>
Form params:	<none>
Path params:	<none>
Headers:		Accept=*/*
				Content-Type=application/json
Cookies:		<none>
Multiparts:		<none>
Body:
{
    "email": "ZWvqF3qc6W@mail.ru",
    "password": null,
    "name": "dgsXu3CPbM"
}
Request method:	POST
Request URI:	https://stellarburgers.nomoreparties.site/api/auth/register
Proxy:			<none>
Request params:	<none>
Query params:	<none>
Form params:	<none>
Path params:	<none>
Headers:		Accept=*/*
				Content-Type=application/json
Cookies:		<none>
Multiparts:		<none>
Body:
{
    "email": "ZWvqF3qc6W@mail.ru",
    "password": null,
    "name": "dgsXu3CPbM"
}
Request method:	POST
Request URI:	https://stellarburgers.nomoreparties.site/api/auth/register
Proxy:			<none>
Request params:	<none>
Query params:	<none>
Form params:	<none>
Path params:	<none>
Headers:		Accept=*/*
				Content-Type=application/json
Cookies:		<none>
Multiparts:		<none>
Body:
{
    "email": "ZWvqF3qc6W@mail.ru",
    "password": null,
    "name": "dgsXu3CPbM"
}
Request method:	POST
Request URI:	https://stellarburgers.nomoreparties.site/api/auth/register
Proxy:			<none>
Request params:	<none>
Query params:	<none>
Form params:	<none>
Path params:	<none>
Headers:		Accept=*/*
				Content-Type=application/json
Cookies:		<none>
Multiparts:		<none>
Body:
{
    "email": "ZWvqF3qc6W@mail.ru",
    "password": null,
    "name": "dgsXu3CPbM"
}
Request method:	POST
Request URI:	https://stellarburgers.nomoreparties.site/api/auth/register
Proxy:			<none>
Request params:	<none>
Query params:	<none>
Form params:	<none>
Path params:	<none>
Headers:		Accept=*/*
				Content-Type=application/json
Cookies:		<none>
Multiparts:		<none>
Body:
{
    "email": "ZWvqF3qc6W@mail.ru",
    "password": null,
    "name": "dgsXu3CPbM"
}
Request method:	POST
Request URI:	https://stellarburgers.nomoreparties.site/api/auth/register
Proxy:			<none>
Request params:	<none>
Query params:	<none>
Form params:	<none>
Path params:	<none>
Headers:		Accept=*/*
				Content-Type=application/json
Cookies:		<none>
Multiparts:		<none>
Body:
{
    "email": "ZWvqF3qc6W@mail.ru",
    "password": null,
    "name": "dgsXu3CPbM"
}
Request method:	POST
Request URI:	https://stellarburgers.nomoreparties.site/api/auth/register
Proxy:			<none>
Request params:	<none>
Query params:	<none>
Form params:	<none>
Path params:	<none>
Headers:		Accept=*/*
				Content-Type=application/json
Cookies:		<none>
Multiparts:		<none>
Body:
{
    "email": "ZWvqF3qc6W@mail.ru",
    "password": null,
    "name": "dgsXu3CPbM"
}
Request method:	POST
Request URI:	https://stellarburgers.nomoreparties.site/api/auth/register
Proxy:			<none>
Request params:	<none>
Query params:	<none>
Form params:	<none>
Path params:	<none>
Headers:		Accept=*/*
				Content-Type=application/json
Cookies:		<none>
Multiparts:		<none>
Body:
{
    "email": "ZWvqF3qc6W@mail.ru",
    "password": null,
    "name": "dgsXu3CPbM"
}
Request method:	POST
Request URI:	https://stellarburgers.nomoreparties.site/api/auth/register
Proxy:			<none>
Request params:	<none>
Query params:	<none>
Form params:	<none>
Path params:	<none>
Headers:		Accept=*/*
				Content-Type=application/json
Cookies:		<none>
Multiparts:		<none>
Body:
{
    "email": "ZWvqF3qc6W@mail.ru",
    "password": null,
    "name": "dgsXu3CPbM"
}
Request method:	POST
Request URI:	https://stellarburgers.nomoreparties.site/api/auth/register
Proxy:			<none>
Request params:	<none>
Query params:	<none>
Form params:	<none>
Path params:	<none>
Headers:		Accept=*/*
				Content-Type=application/json
Cookies:		<none>
Multiparts:		<none>
Body:
{
    "email": "ZWvqF3qc6W@mail.ru",
    "password": null,
    "name": "dgsXu3CPbM"
}
Request method:	POST
Request URI:	https://stellarburgers.nomoreparties.site/api/auth/register
Proxy:			<none>
Request params:	<none>
Query params:	<none>
Form params:	<none>
Path params:	<none>
Headers:		Accept=*/*
				Content-Type=application/json
Cookies:		<none>
Multiparts:		<none>
Body:
{
    "email": "ZWvqF3qc6W@mail.ru",
    "password": null,
    "name": "dgsXu3CPbM"
}
Request method:	POST
Request URI:	https://stellarburgers.nomoreparties.site/api/auth/register
Proxy:			<none>
Request params:	<none>
Query params:	<none>
Form params:	<none>
Path params:	<none>
Headers:		Accept=*/*
				Content-Type=application/json
Cookies:		<none>
Multiparts:		<none>
Body:
{
    "email": "ZWvqF3qc6W@mail.ru",
    "password": null,
    "name": "dgsXu3CPbM"
}
Request method:	POST
Request URI:	https://stellarburgers.nomoreparties.site/api/auth/register
Proxy:			<none>
Request params:	<none>
Query params:	<none>
Form params:	<none>
Path params:	<none>
Headers:		Accept=*/*
				Content-Type=application/json
Cookies:		<none>
Multiparts:		<none>
Body:
{
    "email": "ZWvqF3qc6W@mail.ru",
    "password": null,
    "name": "dgsXu3CPbM"
}
HTTP/1.1 403 Forbidden
Server: nginx/1.18.0 (Ubuntu)
Date: Tue, 15 Jul 2025 18:41:25 GMT
Content-Type: application/json; charset=utf-8
Content-Length: 74
Connection: keep-alive
X-Powered-By: Express
Access-Control-Allow-Origin: *
ETag: W/"4a-EmWdisR78lCFKIQWVZ3yQkk5Ixs"

{
    "success": false,
    "message": "Email, password and name are required fields"
}
HTTP/1.1 403 Forbidden
Server: nginx/1.18.0 (Ubuntu)
Date: Tue, 15 Jul 2025 18:41:25 GMT
Content-Type: application/json; charset=utf-8
Content-Length: 74
Connection: keep-alive
X-Powered-By: Express
Access-Control-Allow-Origin: *
ETag: W/"4a-EmWdisR78lCFKIQWVZ3yQkk5Ixs"

{
    "success": false,
    "message": "Email, password and name are required fields"
}
HTTP/1.1 403 Forbidden
Server: nginx/1.18.0 (Ubuntu)
Date: Tue, 15 Jul 2025 18:41:25 GMT
Content-Type: application/json; charset=utf-8
Content-Length: 74
Connection: keep-alive
X-Powered-By: Express
Access-Control-Allow-Origin: *
ETag: W/"4a-EmWdisR78lCFKIQWVZ3yQkk5Ixs"

{
    "success": false,
    "message": "Email, password and name are required fields"
}
HTTP/1.1 403 Forbidden
Server: nginx/1.18.0 (Ubuntu)
Date: Tue, 15 Jul 2025 18:41:25 GMT
Content-Type: application/json; charset=utf-8
Content-Length: 74
Connection: keep-alive
X-Powered-By: Express
Access-Control-Allow-Origin: *
ETag: W/"4a-EmWdisR78lCFKIQWVZ3yQkk5Ixs"

{
    "success": false,
    "message": "Email, password and name are required fields"
}
HTTP/1.1 403 Forbidden
Server: nginx/1.18.0 (Ubuntu)
Date: Tue, 15 Jul 2025 18:41:25 GMT
Content-Type: application/json; charset=utf-8
Content-Length: 74
Connection: keep-alive
X-Powered-By: Express
Access-Control-Allow-Origin: *
ETag: W/"4a-EmWdisR78lCFKIQWVZ3yQkk5Ixs"

{
    "success": false,
    "message": "Email, password and name are required fields"
}
HTTP/1.1 403 Forbidden
Server: nginx/1.18.0 (Ubuntu)
Date: Tue, 15 Jul 2025 18:41:25 GMT
Content-Type: application/json; charset=utf-8
Content-Length: 74
Connection: keep-alive
X-Powered-By: Express
Access-Control-Allow-Origin: *
ETag: W/"4a-EmWdisR78lCFKIQWVZ3yQkk5Ixs"

{
    "success": false,
    "message": "Email, password and name are required fields"
}
HTTP/1.1 403 Forbidden
Server: nginx/1.18.0 (Ubuntu)
Date: Tue, 15 Jul 2025 18:41:25 GMT
Content-Type: application/json; charset=utf-8
Content-Length: 74
Connection: keep-alive
X-Powered-By: Express
Access-Control-Allow-Origin: *
ETag: W/"4a-EmWdisR78lCFKIQWVZ3yQkk5Ixs"

{
    "success": false,
    "message": "Email, password and name are required fields"
}
HTTP/1.1 403 Forbidden
Server: nginx/1.18.0 (Ubuntu)
Date: Tue, 15 Jul 2025 18:41:25 GMT
Content-Type: application/json; charset=utf-8
Content-Length: 74
Connection: keep-alive
X-Powered-By: Express
Access-Control-Allow-Origin: *
ETag: W/"4a-EmWdisR78lCFKIQWVZ3yQkk5Ixs"

{
    "success": false,
    "message": "Email, password and name are required fields"
}
HTTP/1.1 403 Forbidden
Server: nginx/1.18.0 (Ubuntu)
Date: Tue, 15 Jul 2025 18:41:25 GMT
Content-Type: application/json; charset=utf-8
Content-Length: 74
Connection: keep-alive
X-Powered-By: Express
Access-Control-Allow-Origin: *
ETag: W/"4a-EmWdisR78lCFKIQWVZ3yQkk5Ixs"

{
    "success": false,
    "message": "Email, password and name are required fields"
}
HTTP/1.1 403 Forbidden
Server: nginx/1.18.0 (Ubuntu)
Date: Tue, 15 Jul 2025 18:41:25 GMT
Content-Type: application/json; charset=utf-8
Content-Length: 74
Connection: keep-alive
X-Powered-By: Express
Access-Control-Allow-Origin: *
ETag: W/"4a-EmWdisR78lCFKIQWVZ3yQkk5Ixs"

{
    "success": false,
    "message": "Email, password and name are required fields"
}
HTTP/1.1 403 Forbidden
Server: nginx/1.18.0 (Ubuntu)
Date: Tue, 15 Jul 2025 18:41:25 GMT
Content-Type: application/json; charset=utf-8
Content-Length: 74
Connection: keep-alive
X-Powered-By: Express
Access-Control-Allow-Origin: *
ETag: W/"4a-EmWdisR78lCFKIQWVZ3yQkk5Ixs"

{
    "success": false,
    "message": "Email, password and name are required fields"
}
HTTP/1.1 403 Forbidden
Server: nginx/1.18.0 (Ubuntu)
Date: Tue, 15 Jul 2025 18:41:25 GMT
Content-Type: application/json; charset=utf-8
Content-Length: 74
Connection: keep-alive
X-Powered-By: Express
Access-Control-Allow-Origin: *
ETag: W/"4a-EmWdisR78lCFKIQWVZ3yQkk5Ixs"

{
    "success": false,
    "message": "Email, password and name are required fields"
}
HTTP/1.1 403 Forbidden
Server: nginx/1.18.0 (Ubuntu)
Date: Tue, 15 Jul 2025 18:41:25 GMT
Content-Type: application/json; charset=utf-8
Content-Length: 74
Connection: keep-alive
X-Powered-By: Express
Access-Control-Allow-Origin: *
ETag: W/"4a-EmWdisR78lCFKIQWVZ3yQkk5Ixs"

{
    "success": false,
    "message": "Email, password and name are required fields"
}
]]></system-out>
  </testcase>
  <testcase name="createUserWhithoutNameTest" classname="UserTest" time="0.15">
    <system-out><![CDATA[Request method:	POST
Request URI:	https://stellarburgers.nomoreparties.site/api/auth/register
Proxy:			<none>
Request params:	<none>
Query params:	<none>
Form params:	<none>
Path params:	<none>
Headers:		Accept=*/*
				Content-Type=application/json
Cookies:		<none>
Multiparts:		<none>
Body:
{
    "email": "lnm6aO3zHP@mail.ru",
    "password": "xTj0yzLxrH",
    "name": null
}
Request method:	POST
Request URI:	https://stellarburgers.nomoreparties.site/api/auth/register
Proxy:			<none>
Request params:	<none>
Query params:	<none>
Form params:	<none>
Path params:	<none>
Headers:		Accept=*/*
				Content-Type=application/json
Cookies:		<none>
Multiparts:		<none>
Body:
{
    "email": "lnm6aO3zHP@mail.ru",
    "password": "xTj0yzLxrH",
    "name": null
}
Request method:	POST
Request URI:	https://stellarburgers.nomoreparties.site/api/auth/register
Proxy:			<none>
Request params:	<none>
Query params:	<none>
Form params:	<none>
Path params:	<none>
Headers:		Accept=*/*
				Content-Type=application/json
Cookies:		<none>
Multiparts:		<none>
Body:
{
    "email": "lnm6aO3zHP@mail.ru",
    "password": "xTj0yzLxrH",
    "name": null
}
Request method:	POST
Request URI:	https://stellarburgers.nomoreparties.site/api/auth/register
Proxy:			<none>
Request params:	<none>
Query params:	<none>
Form params:	<none>
Path params:	<none>
Headers:		Accept=*/*
				Content-Type=application/json
Cookies:		<none>
Multiparts:		<none>
Body:
{
    "email": "lnm6aO3zHP@mail.ru",
    "password": "xTj0yzLxrH",
    "name": null
}
Request method:	POST
Request URI:	https://stellarburgers.nomoreparties.site/api/auth/register
Proxy:			<none>
Request params:	<none>
Query params:	<none>
Form params:	<none>
Path params:	<none>
Headers:		Accept=*/*
				Content-Type=application/json
Cookies:		<none>
Multiparts:		<none>
Body:
{
    "email": "lnm6aO3zHP@mail.ru",
    "password": "xTj0yzLxrH",
    "name": null
}
Request method:	POST
Request URI:	https://stellarburgers.nomoreparties.site/api/auth/register
Proxy:			<none>
Request params:	<none>
Query params:	<none>
Form params:	<none>
Path params:	<none>
Headers:		Accept=*/*
				Content-Type=application/json
Cookies:		<none>
Multiparts:		<none>
Body:
{
    "email": "lnm6aO3zHP@mail.ru",
    "password": "xTj0yzLxrH",
    "name": null
}
Request method:	POST
Request URI:	https://stellarburgers.nomoreparties.site/api/auth/register
Proxy:			<none>
Request params:	<none>
Query params:	<none>
Form params:	<none>
Path params:	<none>
Headers:		Accept=*/*
				Content-Type=application/json
Cookies:		<none>
Multiparts:		<none>
Body:
{
    "email": "lnm6aO3zHP@mail.ru",
    "password": "xTj0yzLxrH",
    "name": null
}
Request method:	POST
Request URI:	https://stellarburgers.nomoreparties.site/api/auth/register
Proxy:			<none>
Request params:	<none>
Query params:	<none>
Form params:	<none>
Path params:	<none>
Headers:		Accept=*/*
				Content-Type=application/json
Cookies:		<none>
Multiparts:		<none>
Body:
{
    "email": "lnm6aO3zHP@mail.ru",
    "password": "xTj0yzLxrH",
    "name": null
}
Request method:	POST
Request URI:	https://stellarburgers.nomoreparties.site/api/auth/register
Proxy:			<none>
Request params:	<none>
Query params:	<none>
Form params:	<none>
Path params:	<none>
Headers:		Accept=*/*
				Content-Type=application/json
Cookies:		<none>
Multiparts:		<none>
Body:
{
    "email": "lnm6aO3zHP@mail.ru",
    "password": "xTj0yzLxrH",
    "name": null
}
Request method:	POST
Request URI:	https://stellarburgers.nomoreparties.site/api/auth/register
Proxy:			<none>
Request params:	<none>
Query params:	<none>
Form params:	<none>
Path params:	<none>
Headers:		Accept=*/*
				Content-Type=application/json
Cookies:		<none>
Multiparts:		<none>
Body:
{
    "email": "lnm6aO3zHP@mail.ru",
    "password": "xTj0yzLxrH",
    "name": null
}
Request method:	POST
Request URI:	https://stellarburgers.nomoreparties.site/api/auth/register
Proxy:			<none>
Request params:	<none>
Query params:	<none>
Form params:	<none>
Path params:	<none>
Headers:		Accept=*/*
				Content-Type=application/json
Cookies:		<none>
Multiparts:		<none>
Body:
{
    "email": "lnm6aO3zHP@mail.ru",
    "password": "xTj0yzLxrH",
    "name": null
}
Request method:	POST
Request URI:	https://stellarburgers.nomoreparties.site/api/auth/register
Proxy:			<none>
Request params:	<none>
Query params:	<none>
Form params:	<none>
Path params:	<none>
Headers:		Accept=*/*
				Content-Type=application/json
Cookies:		<none>
Multiparts:		<none>
Body:
{
    "email": "lnm6aO3zHP@mail.ru",
    "password": "xTj0yzLxrH",
    "name": null
}
Request method:	POST
Request URI:	https://stellarburgers.nomoreparties.site/api/auth/register
Proxy:			<none>
Request params:	<none>
Query params:	<none>
Form params:	<none>
Path params:	<none>
Headers:		Accept=*/*
				Content-Type=application/json
Cookies:		<none>
Multiparts:		<none>
Body:
{
    "email": "lnm6aO3zHP@mail.ru",
    "password": "xTj0yzLxrH",
    "name": null
}
Request method:	POST
Request URI:	https://stellarburgers.nomoreparties.site/api/auth/register
Proxy:			<none>
Request params:	<none>
Query params:	<none>
Form params:	<none>
Path params:	<none>
Headers:		Accept=*/*
				Content-Type=application/json
Cookies:		<none>
Multiparts:		<none>
Body:
{
    "email": "lnm6aO3zHP@mail.ru",
    "password": "xTj0yzLxrH",
    "name": null
}
HTTP/1.1 403 Forbidden
Server: nginx/1.18.0 (Ubuntu)
Date: Tue, 15 Jul 2025 18:41:25 GMT
Content-Type: application/json; charset=utf-8
Content-Length: 74
Connection: keep-alive
X-Powered-By: Express
Access-Control-Allow-Origin: *
ETag: W/"4a-EmWdisR78lCFKIQWVZ3yQkk5Ixs"

{
    "success": false,
    "message": "Email, password and name are required fields"
}
HTTP/1.1 403 Forbidden
Server: nginx/1.18.0 (Ubuntu)
Date: Tue, 15 Jul 2025 18:41:25 GMT
Content-Type: application/json; charset=utf-8
Content-Length: 74
Connection: keep-alive
X-Powered-By: Express
Access-Control-Allow-Origin: *
ETag: W/"4a-EmWdisR78lCFKIQWVZ3yQkk5Ixs"

{
    "success": false,
    "message": "Email, password and name are required fields"
}
HTTP/1.1 403 Forbidden
Server: nginx/1.18.0 (Ubuntu)
Date: Tue, 15 Jul 2025 18:41:25 GMT
Content-Type: application/json; charset=utf-8
Content-Length: 74
Connection: keep-alive
X-Powered-By: Express
Access-Control-Allow-Origin: *
ETag: W/"4a-EmWdisR78lCFKIQWVZ3yQkk5Ixs"

{
    "success": false,
    "message": "Email, password and name are required fields"
}
HTTP/1.1 403 Forbidden
Server: nginx/1.18.0 (Ubuntu)
Date: Tue, 15 Jul 2025 18:41:25 GMT
Content-Type: application/json; charset=utf-8
Content-Length: 74
Connection: keep-alive
X-Powered-By: Express
Access-Control-Allow-Origin: *
ETag: W/"4a-EmWdisR78lCFKIQWVZ3yQkk5Ixs"

{
    "success": false,
    "message": "Email, password and name are required fields"
}
HTTP/1.1 403 Forbidden
Server: nginx/1.18.0 (Ubuntu)
Date: Tue, 15 Jul 2025 18:41:25 GMT
Content-Type: application/json; charset=utf-8
Content-Length: 74
Connection: keep-alive
X-Powered-By: Express
Access-Control-Allow-Origin: *
ETag: W/"4a-EmWdisR78lCFKIQWVZ3yQkk5Ixs"

{
    "success": false,
    "message": "Email, password and name are required fields"
}
HTTP/1.1 403 Forbidden
Server: nginx/1.18.0 (Ubuntu)
Date: Tue, 15 Jul 2025 18:41:25 GMT
Content-Type: application/json; charset=utf-8
Content-Length: 74
Connection: keep-alive
X-Powered-By: Express
Access-Control-Allow-Origin: *
ETag: W/"4a-EmWdisR78lCFKIQWVZ3yQkk5Ixs"

{
    "success": false,
    "message": "Email, password and name are required fields"
}
HTTP/1.1 403 Forbidden
Server: nginx/1.18.0 (Ubuntu)
Date: Tue, 15 Jul 2025 18:41:25 GMT
Content-Type: application/json; charset=utf-8
Content-Length: 74
Connection: keep-alive
X-Powered-By: Express
Access-Control-Allow-Origin: *
ETag: W/"4a-EmWdisR78lCFKIQWVZ3yQkk5Ixs"

{
    "success": false,
    "message": "Email, password and name are required fields"
}
HTTP/1.1 403 Forbidden
Server: nginx/1.18.0 (Ubuntu)
Date: Tue, 15 Jul 2025 18:41:25 GMT
Content-Type: application/json; charset=utf-8
Content-Length: 74
Connection: keep-alive
X-Powered-By: Express
Access-Control-Allow-Origin: *
ETag: W/"4a-EmWdisR78lCFKIQWVZ3yQkk5Ixs"

{
    "success": false,
    "message": "Email, password and name are required fields"
}
HTTP/1.1 403 Forbidden
Server: nginx/1.18.0 (Ubuntu)
Date: Tue, 15 Jul 2025 18:41:25 GMT
Content-Type: application/json; charset=utf-8
Content-Length: 74
Connection: keep-alive
X-Powered-By: Express
Access-Control-Allow-Origin: *
ETag: W/"4a-EmWdisR78lCFKIQWVZ3yQkk5Ixs"

{
    "success": false,
    "message": "Email, password and name are required fields"
}
HTTP/1.1 403 Forbidden
Server: nginx/1.18.0 (Ubuntu)
Date: Tue, 15 Jul 2025 18:41:25 GMT
Content-Type: application/json; charset=utf-8
Content-Length: 74
Connection: keep-alive
X-Powered-By: Express
Access-Control-Allow-Origin: *
ETag: W/"4a-EmWdisR78lCFKIQWVZ3yQkk5Ixs"

{
    "success": false,
    "message": "Email, password and name are required fields"
}
HTTP/1.1 403 Forbidden
Server: nginx/1.18.0 (Ubuntu)
Date: Tue, 15 Jul 2025 18:41:25 GMT
Content-Type: application/json; charset=utf-8
Content-Length: 74
Connection: keep-alive
X-Powered-By: Express
Access-Control-Allow-Origin: *
ETag: W/"4a-EmWdisR78lCFKIQWVZ3yQkk5Ixs"

{
    "success": false,
    "message": "Email, password and name are required fields"
}
HTTP/1.1 403 Forbidden
Server: nginx/1.18.0 (Ubuntu)
Date: Tue, 15 Jul 2025 18:41:25 GMT
Content-Type: application/json; charset=utf-8
Content-Length: 74
Connection: keep-alive
X-Powered-By: Express
Access-Control-Allow-Origin: *
ETag: W/"4a-EmWdisR78lCFKIQWVZ3yQkk5Ixs"

{
    "success": false,
    "message": "Email, password and name are required fields"
}
HTTP/1.1 403 Forbidden
Server: nginx/1.18.0 (Ubuntu)
Date: Tue, 15 Jul 2025 18:41:25 GMT
Content-Type: application/json; charset=utf-8
Content-Length: 74
Connection: keep-alive
X-Powered-By: Express
Access-Control-Allow-Origin: *
ETag: W/"4a-EmWdisR78lCFKIQWVZ3yQkk5Ixs"

{
    "success": false,
    "message": "Email, password and name are required fields"
}
HTTP/1.1 403 Forbidden
Server: nginx/1.18.0 (Ubuntu)
Date: Tue, 15 Jul 2025 18:41:25 GMT
Content-Type: application/json; charset=utf-8
Content-Length: 74
Connection: keep-alive
X-Powered-By: Express
Access-Control-Allow-Origin: *
ETag: W/"4a-EmWdisR78lCFKIQWVZ3yQkk5Ixs"

{
    "success": false,
    "message": "Email, password and name are required fields"
}
]]></system-out>
  </testcase>
  <testcase name="createAreadyExistsUserTest" classname="UserTest" time="0.394">
    <system-out><![CDATA[Request method:	POST
Request URI:	https://stellarburgers.nomoreparties.site/api/auth/register
Proxy:			<none>
Request params:	<none>
Query params:	<none>
Form params:	<none>
Path params:	<none>
Headers:		Accept=*/*
				Content-Type=application/json
Cookies:		<none>
Multiparts:		<none>
Body:
{
    "email": "0bhTzJd1Ho@mail.ru",
    "password": "rv0ONgX3GY",
    "name": "0klsKMXiPP"
}
Request method:	POST
Request URI:	https://stellarburgers.nomoreparties.site/api/auth/register
Proxy:			<none>
Request params:	<none>
Query params:	<none>
Form params:	<none>
Path params:	<none>
Headers:		Accept=*/*
				Content-Type=application/json
Cookies:		<none>
Multiparts:		<none>
Body:
{
    "email": "0bhTzJd1Ho@mail.ru",
    "password": "rv0ONgX3GY",
    "name": "0klsKMXiPP"
}
Request method:	POST
Request URI:	https://stellarburgers.nomoreparties.site/api/auth/register
Proxy:			<none>
Request params:	<none>
Query params:	<none>
Form params:	<none>
Path params:	<none>
Headers:		Accept=*/*
				Content-Type=application/json
Cookies:		<none>
Multiparts:		<none>
Body:
{
    "email": "0bhTzJd1Ho@mail.ru",
    "password": "rv0ONgX3GY",
    "name": "0klsKMXiPP"
}
Request method:	POST
Request URI:	https://stellarburgers.nomoreparties.site/api/auth/register
Proxy:			<none>
Request params:	<none>
Query params:	<none>
Form params:	<none>
Path params:	<none>
Headers:		Accept=*/*
				Content-Type=application/json
Cookies:		<none>
Multiparts:		<none>
Body:
{
    "email": "0bhTzJd1Ho@mail.ru",
    "password": "rv0ONgX3GY",
    "name": "0klsKMXiPP"
}
Request method:	POST
Request URI:	https://stellarburgers.nomoreparties.site/api/auth/register
Proxy:			<none>
Request params:	<none>
Query params:	<none>
Form params:	<none>
Path params:	<none>
Headers:		Accept=*/*
				Content-Type=application/json
Cookies:		<none>
Multiparts:		<none>
Body:
{
    "email": "0bhTzJd1Ho@mail.ru",
    "password": "rv0ONgX3GY",
    "name": "0klsKMXiPP"
}
Request method:	POST
Request URI:	https://stellarburgers.nomoreparties.site/api/auth/register
Proxy:			<none>
Request params:	<none>
Query params:	<none>
Form params:	<none>
Path params:	<none>
Headers:		Accept=*/*
				Content-Type=application/json
Cookies:		<none>
Multiparts:		<none>
Body:
{
    "email": "0bhTzJd1Ho@mail.ru",
    "password": "rv0ONgX3GY",
    "name": "0klsKMXiPP"
}
Request method:	POST
Request URI:	https://stellarburgers.nomoreparties.site/api/auth/register
Proxy:			<none>
Request params:	<none>
Query params:	<none>
Form params:	<none>
Path params:	<none>
Headers:		Accept=*/*
				Content-Type=application/json
Cookies:		<none>
Multiparts:		<none>
Body:
{
    "email": "0bhTzJd1Ho@mail.ru",
    "password": "rv0ONgX3GY",
    "name": "0klsKMXiPP"
}
Request method:	POST
Request URI:	https://stellarburgers.nomoreparties.site/api/auth/register
Proxy:			<none>
Request params:	<none>
Query params:	<none>
Form params:	<none>
Path params:	<none>
Headers:		Accept=*/*
				Content-Type=application/json
Cookies:		<none>
Multiparts:		<none>
Body:
{
    "email": "0bhTzJd1Ho@mail.ru",
    "password": "rv0ONgX3GY",
    "name": "0klsKMXiPP"
}
Request method:	POST
Request URI:	https://stellarburgers.nomoreparties.site/api/auth/register
Proxy:			<none>
Request params:	<none>
Query params:	<none>
Form params:	<none>
Path params:	<none>
Headers:		Accept=*/*
				Content-Type=application/json
Cookies:		<none>
Multiparts:		<none>
Body:
{
    "email": "0bhTzJd1Ho@mail.ru",
    "password": "rv0ONgX3GY",
    "name": "0klsKMXiPP"
}
Request method:	POST
Request URI:	https://stellarburgers.nomoreparties.site/api/auth/register
Proxy:			<none>
Request params:	<none>
Query params:	<none>
Form params:	<none>
Path params:	<none>
Headers:		Accept=*/*
				Content-Type=application/json
Cookies:		<none>
Multiparts:		<none>
Body:
{
    "email": "0bhTzJd1Ho@mail.ru",
    "password": "rv0ONgX3GY",
    "name": "0klsKMXiPP"
}
Request method:	POST
Request URI:	https://stellarburgers.nomoreparties.site/api/auth/register
Proxy:			<none>
Request params:	<none>
Query params:	<none>
Form params:	<none>
Path params:	<none>
Headers:		Accept=*/*
				Content-Type=application/json
Cookies:		<none>
Multiparts:		<none>
Body:
{
    "email": "0bhTzJd1Ho@mail.ru",
    "password": "rv0ONgX3GY",
    "name": "0klsKMXiPP"
}
Request method:	POST
Request URI:	https://stellarburgers.nomoreparties.site/api/auth/register
Proxy:			<none>
Request params:	<none>
Query params:	<none>
Form params:	<none>
Path params:	<none>
Headers:		Accept=*/*
				Content-Type=application/json
Cookies:		<none>
Multiparts:		<none>
Body:
{
    "email": "0bhTzJd1Ho@mail.ru",
    "password": "rv0ONgX3GY",
    "name": "0klsKMXiPP"
}
Request method:	POST
Request URI:	https://stellarburgers.nomoreparties.site/api/auth/register
Proxy:			<none>
Request params:	<none>
Query params:	<none>
Form params:	<none>
Path params:	<none>
Headers:		Accept=*/*
				Content-Type=application/json
Cookies:		<none>
Multiparts:		<none>
Body:
{
    "email": "0bhTzJd1Ho@mail.ru",
    "password": "rv0ONgX3GY",
    "name": "0klsKMXiPP"
}
Request method:	POST
Request URI:	https://stellarburgers.nomoreparties.site/api/auth/register
Proxy:			<none>
Request params:	<none>
Query params:	<none>
Form params:	<none>
Path params:	<none>
Headers:		Accept=*/*
				Content-Type=application/json
Cookies:		<none>
Multiparts:		<none>
Body:
{
    "email": "0bhTzJd1Ho@mail.ru",
    "password": "rv0ONgX3GY",
    "name": "0klsKMXiPP"
}
Request method:	POST
Request URI:	https://stellarburgers.nomoreparties.site/api/auth/register
Proxy:			<none>
Request params:	<none>
Query params:	<none>
Form params:	<none>
Path params:	<none>
Headers:		Accept=*/*
				Content-Type=application/json
Cookies:		<none>
Multiparts:		<none>
Body:
{
    "email": "0bhTzJd1Ho@mail.ru",
    "password": "rv0ONgX3GY",
    "name": "0klsKMXiPP"
}
HTTP/1.1 200 OK
Server: nginx/1.18.0 (Ubuntu)
Date: Tue, 15 Jul 2025 18:41:25 GMT
Content-Type: application/json; charset=utf-8
Content-Length: 367
Connection: keep-alive
X-Powered-By: Express
Access-Control-Allow-Origin: *
authorization: Bearer eyJhbGciOiJIUzI1NiIsInR5cCI6IkpXVCJ9.eyJpZCI6IjY4NzZhMGQ1OWVkMjgwMDAxYjY1OGMwNSIsImlhdCI6MTc1MjYwNDg4NSwiZXhwIjoxNzUyNjA2MDg1fQ.DrsZmhs4UCp-kZvRbUW2EsaIT6Ab7H6k1JzE6zq15Xs
ETag: W/"16f-FrL5FbSSvEE+RL8Gt9I7fbQQy0s"

{
    "success": true,
    "user": {
        "email": "0bhtzjd1ho@mail.ru",
        "name": "0klsKMXiPP"
    },
    "accessToken": "Bearer eyJhbGciOiJIUzI1NiIsInR5cCI6IkpXVCJ9.eyJpZCI6IjY4NzZhMGQ1OWVkMjgwMDAxYjY1OGMwNSIsImlhdCI6MTc1MjYwNDg4NSwiZXhwIjoxNzUyNjA2MDg1fQ.DrsZmhs4UCp-kZvRbUW2EsaIT6Ab7H6k1JzE6zq15Xs",
    "refreshToken": "1ad06495e98b1dfc3c762843755c661048522b919a5fcd9236556b0020eb2d53dbaa15946e770104"
}
HTTP/1.1 200 OK
Server: nginx/1.18.0 (Ubuntu)
Date: Tue, 15 Jul 2025 18:41:25 GMT
Content-Type: application/json; charset=utf-8
Content-Length: 367
Connection: keep-alive
X-Powered-By: Express
Access-Control-Allow-Origin: *
authorization: Bearer eyJhbGciOiJIUzI1NiIsInR5cCI6IkpXVCJ9.eyJpZCI6IjY4NzZhMGQ1OWVkMjgwMDAxYjY1OGMwNSIsImlhdCI6MTc1MjYwNDg4NSwiZXhwIjoxNzUyNjA2MDg1fQ.DrsZmhs4UCp-kZvRbUW2EsaIT6Ab7H6k1JzE6zq15Xs
ETag: W/"16f-FrL5FbSSvEE+RL8Gt9I7fbQQy0s"

{
    "success": true,
    "user": {
        "email": "0bhtzjd1ho@mail.ru",
        "name": "0klsKMXiPP"
    },
    "accessToken": "Bearer eyJhbGciOiJIUzI1NiIsInR5cCI6IkpXVCJ9.eyJpZCI6IjY4NzZhMGQ1OWVkMjgwMDAxYjY1OGMwNSIsImlhdCI6MTc1MjYwNDg4NSwiZXhwIjoxNzUyNjA2MDg1fQ.DrsZmhs4UCp-kZvRbUW2EsaIT6Ab7H6k1JzE6zq15Xs",
    "refreshToken": "1ad06495e98b1dfc3c762843755c661048522b919a5fcd9236556b0020eb2d53dbaa15946e770104"
}
HTTP/1.1 200 OK
Server: nginx/1.18.0 (Ubuntu)
Date: Tue, 15 Jul 2025 18:41:25 GMT
Content-Type: application/json; charset=utf-8
Content-Length: 367
Connection: keep-alive
X-Powered-By: Express
Access-Control-Allow-Origin: *
authorization: Bearer eyJhbGciOiJIUzI1NiIsInR5cCI6IkpXVCJ9.eyJpZCI6IjY4NzZhMGQ1OWVkMjgwMDAxYjY1OGMwNSIsImlhdCI6MTc1MjYwNDg4NSwiZXhwIjoxNzUyNjA2MDg1fQ.DrsZmhs4UCp-kZvRbUW2EsaIT6Ab7H6k1JzE6zq15Xs
ETag: W/"16f-FrL5FbSSvEE+RL8Gt9I7fbQQy0s"

{
    "success": true,
    "user": {
        "email": "0bhtzjd1ho@mail.ru",
        "name": "0klsKMXiPP"
    },
    "accessToken": "Bearer eyJhbGciOiJIUzI1NiIsInR5cCI6IkpXVCJ9.eyJpZCI6IjY4NzZhMGQ1OWVkMjgwMDAxYjY1OGMwNSIsImlhdCI6MTc1MjYwNDg4NSwiZXhwIjoxNzUyNjA2MDg1fQ.DrsZmhs4UCp-kZvRbUW2EsaIT6Ab7H6k1JzE6zq15Xs",
    "refreshToken": "1ad06495e98b1dfc3c762843755c661048522b919a5fcd9236556b0020eb2d53dbaa15946e770104"
}
HTTP/1.1 200 OK
Server: nginx/1.18.0 (Ubuntu)
Date: Tue, 15 Jul 2025 18:41:25 GMT
Content-Type: application/json; charset=utf-8
Content-Length: 367
Connection: keep-alive
X-Powered-By: Express
Access-Control-Allow-Origin: *
authorization: Bearer eyJhbGciOiJIUzI1NiIsInR5cCI6IkpXVCJ9.eyJpZCI6IjY4NzZhMGQ1OWVkMjgwMDAxYjY1OGMwNSIsImlhdCI6MTc1MjYwNDg4NSwiZXhwIjoxNzUyNjA2MDg1fQ.DrsZmhs4UCp-kZvRbUW2EsaIT6Ab7H6k1JzE6zq15Xs
ETag: W/"16f-FrL5FbSSvEE+RL8Gt9I7fbQQy0s"

{
    "success": true,
    "user": {
        "email": "0bhtzjd1ho@mail.ru",
        "name": "0klsKMXiPP"
    },
    "accessToken": "Bearer eyJhbGciOiJIUzI1NiIsInR5cCI6IkpXVCJ9.eyJpZCI6IjY4NzZhMGQ1OWVkMjgwMDAxYjY1OGMwNSIsImlhdCI6MTc1MjYwNDg4NSwiZXhwIjoxNzUyNjA2MDg1fQ.DrsZmhs4UCp-kZvRbUW2EsaIT6Ab7H6k1JzE6zq15Xs",
    "refreshToken": "1ad06495e98b1dfc3c762843755c661048522b919a5fcd9236556b0020eb2d53dbaa15946e770104"
}
HTTP/1.1 200 OK
Server: nginx/1.18.0 (Ubuntu)
Date: Tue, 15 Jul 2025 18:41:25 GMT
Content-Type: application/json; charset=utf-8
Content-Length: 367
Connection: keep-alive
X-Powered-By: Express
Access-Control-Allow-Origin: *
authorization: Bearer eyJhbGciOiJIUzI1NiIsInR5cCI6IkpXVCJ9.eyJpZCI6IjY4NzZhMGQ1OWVkMjgwMDAxYjY1OGMwNSIsImlhdCI6MTc1MjYwNDg4NSwiZXhwIjoxNzUyNjA2MDg1fQ.DrsZmhs4UCp-kZvRbUW2EsaIT6Ab7H6k1JzE6zq15Xs
ETag: W/"16f-FrL5FbSSvEE+RL8Gt9I7fbQQy0s"

{
    "success": true,
    "user": {
        "email": "0bhtzjd1ho@mail.ru",
        "name": "0klsKMXiPP"
    },
    "accessToken": "Bearer eyJhbGciOiJIUzI1NiIsInR5cCI6IkpXVCJ9.eyJpZCI6IjY4NzZhMGQ1OWVkMjgwMDAxYjY1OGMwNSIsImlhdCI6MTc1MjYwNDg4NSwiZXhwIjoxNzUyNjA2MDg1fQ.DrsZmhs4UCp-kZvRbUW2EsaIT6Ab7H6k1JzE6zq15Xs",
    "refreshToken": "1ad06495e98b1dfc3c762843755c661048522b919a5fcd9236556b0020eb2d53dbaa15946e770104"
}
HTTP/1.1 200 OK
Server: nginx/1.18.0 (Ubuntu)
Date: Tue, 15 Jul 2025 18:41:25 GMT
Content-Type: application/json; charset=utf-8
Content-Length: 367
Connection: keep-alive
X-Powered-By: Express
Access-Control-Allow-Origin: *
authorization: Bearer eyJhbGciOiJIUzI1NiIsInR5cCI6IkpXVCJ9.eyJpZCI6IjY4NzZhMGQ1OWVkMjgwMDAxYjY1OGMwNSIsImlhdCI6MTc1MjYwNDg4NSwiZXhwIjoxNzUyNjA2MDg1fQ.DrsZmhs4UCp-kZvRbUW2EsaIT6Ab7H6k1JzE6zq15Xs
ETag: W/"16f-FrL5FbSSvEE+RL8Gt9I7fbQQy0s"

{
    "success": true,
    "user": {
        "email": "0bhtzjd1ho@mail.ru",
        "name": "0klsKMXiPP"
    },
    "accessToken": "Bearer eyJhbGciOiJIUzI1NiIsInR5cCI6IkpXVCJ9.eyJpZCI6IjY4NzZhMGQ1OWVkMjgwMDAxYjY1OGMwNSIsImlhdCI6MTc1MjYwNDg4NSwiZXhwIjoxNzUyNjA2MDg1fQ.DrsZmhs4UCp-kZvRbUW2EsaIT6Ab7H6k1JzE6zq15Xs",
    "refreshToken": "1ad06495e98b1dfc3c762843755c661048522b919a5fcd9236556b0020eb2d53dbaa15946e770104"
}
HTTP/1.1 200 OK
Server: nginx/1.18.0 (Ubuntu)
Date: Tue, 15 Jul 2025 18:41:25 GMT
Content-Type: application/json; charset=utf-8
Content-Length: 367
Connection: keep-alive
X-Powered-By: Express
Access-Control-Allow-Origin: *
authorization: Bearer eyJhbGciOiJIUzI1NiIsInR5cCI6IkpXVCJ9.eyJpZCI6IjY4NzZhMGQ1OWVkMjgwMDAxYjY1OGMwNSIsImlhdCI6MTc1MjYwNDg4NSwiZXhwIjoxNzUyNjA2MDg1fQ.DrsZmhs4UCp-kZvRbUW2EsaIT6Ab7H6k1JzE6zq15Xs
ETag: W/"16f-FrL5FbSSvEE+RL8Gt9I7fbQQy0s"

{
    "success": true,
    "user": {
        "email": "0bhtzjd1ho@mail.ru",
        "name": "0klsKMXiPP"
    },
    "accessToken": "Bearer eyJhbGciOiJIUzI1NiIsInR5cCI6IkpXVCJ9.eyJpZCI6IjY4NzZhMGQ1OWVkMjgwMDAxYjY1OGMwNSIsImlhdCI6MTc1MjYwNDg4NSwiZXhwIjoxNzUyNjA2MDg1fQ.DrsZmhs4UCp-kZvRbUW2EsaIT6Ab7H6k1JzE6zq15Xs",
    "refreshToken": "1ad06495e98b1dfc3c762843755c661048522b919a5fcd9236556b0020eb2d53dbaa15946e770104"
}
HTTP/1.1 200 OK
Server: nginx/1.18.0 (Ubuntu)
Date: Tue, 15 Jul 2025 18:41:25 GMT
Content-Type: application/json; charset=utf-8
Content-Length: 367
Connection: keep-alive
X-Powered-By: Express
Access-Control-Allow-Origin: *
authorization: Bearer eyJhbGciOiJIUzI1NiIsInR5cCI6IkpXVCJ9.eyJpZCI6IjY4NzZhMGQ1OWVkMjgwMDAxYjY1OGMwNSIsImlhdCI6MTc1MjYwNDg4NSwiZXhwIjoxNzUyNjA2MDg1fQ.DrsZmhs4UCp-kZvRbUW2EsaIT6Ab7H6k1JzE6zq15Xs
ETag: W/"16f-FrL5FbSSvEE+RL8Gt9I7fbQQy0s"

{
    "success": true,
    "user": {
        "email": "0bhtzjd1ho@mail.ru",
        "name": "0klsKMXiPP"
    },
    "accessToken": "Bearer eyJhbGciOiJIUzI1NiIsInR5cCI6IkpXVCJ9.eyJpZCI6IjY4NzZhMGQ1OWVkMjgwMDAxYjY1OGMwNSIsImlhdCI6MTc1MjYwNDg4NSwiZXhwIjoxNzUyNjA2MDg1fQ.DrsZmhs4UCp-kZvRbUW2EsaIT6Ab7H6k1JzE6zq15Xs",
    "refreshToken": "1ad06495e98b1dfc3c762843755c661048522b919a5fcd9236556b0020eb2d53dbaa15946e770104"
}
HTTP/1.1 200 OK
Server: nginx/1.18.0 (Ubuntu)
Date: Tue, 15 Jul 2025 18:41:25 GMT
Content-Type: application/json; charset=utf-8
Content-Length: 367
Connection: keep-alive
X-Powered-By: Express
Access-Control-Allow-Origin: *
authorization: Bearer eyJhbGciOiJIUzI1NiIsInR5cCI6IkpXVCJ9.eyJpZCI6IjY4NzZhMGQ1OWVkMjgwMDAxYjY1OGMwNSIsImlhdCI6MTc1MjYwNDg4NSwiZXhwIjoxNzUyNjA2MDg1fQ.DrsZmhs4UCp-kZvRbUW2EsaIT6Ab7H6k1JzE6zq15Xs
ETag: W/"16f-FrL5FbSSvEE+RL8Gt9I7fbQQy0s"

{
    "success": true,
    "user": {
        "email": "0bhtzjd1ho@mail.ru",
        "name": "0klsKMXiPP"
    },
    "accessToken": "Bearer eyJhbGciOiJIUzI1NiIsInR5cCI6IkpXVCJ9.eyJpZCI6IjY4NzZhMGQ1OWVkMjgwMDAxYjY1OGMwNSIsImlhdCI6MTc1MjYwNDg4NSwiZXhwIjoxNzUyNjA2MDg1fQ.DrsZmhs4UCp-kZvRbUW2EsaIT6Ab7H6k1JzE6zq15Xs",
    "refreshToken": "1ad06495e98b1dfc3c762843755c661048522b919a5fcd9236556b0020eb2d53dbaa15946e770104"
}
HTTP/1.1 200 OK
Server: nginx/1.18.0 (Ubuntu)
Date: Tue, 15 Jul 2025 18:41:25 GMT
Content-Type: application/json; charset=utf-8
Content-Length: 367
Connection: keep-alive
X-Powered-By: Express
Access-Control-Allow-Origin: *
authorization: Bearer eyJhbGciOiJIUzI1NiIsInR5cCI6IkpXVCJ9.eyJpZCI6IjY4NzZhMGQ1OWVkMjgwMDAxYjY1OGMwNSIsImlhdCI6MTc1MjYwNDg4NSwiZXhwIjoxNzUyNjA2MDg1fQ.DrsZmhs4UCp-kZvRbUW2EsaIT6Ab7H6k1JzE6zq15Xs
ETag: W/"16f-FrL5FbSSvEE+RL8Gt9I7fbQQy0s"

{
    "success": true,
    "user": {
        "email": "0bhtzjd1ho@mail.ru",
        "name": "0klsKMXiPP"
    },
    "accessToken": "Bearer eyJhbGciOiJIUzI1NiIsInR5cCI6IkpXVCJ9.eyJpZCI6IjY4NzZhMGQ1OWVkMjgwMDAxYjY1OGMwNSIsImlhdCI6MTc1MjYwNDg4NSwiZXhwIjoxNzUyNjA2MDg1fQ.DrsZmhs4UCp-kZvRbUW2EsaIT6Ab7H6k1JzE6zq15Xs",
    "refreshToken": "1ad06495e98b1dfc3c762843755c661048522b919a5fcd9236556b0020eb2d53dbaa15946e770104"
}
HTTP/1.1 200 OK
Server: nginx/1.18.0 (Ubuntu)
Date: Tue, 15 Jul 2025 18:41:25 GMT
Content-Type: application/json; charset=utf-8
Content-Length: 367
Connection: keep-alive
X-Powered-By: Express
Access-Control-Allow-Origin: *
authorization: Bearer eyJhbGciOiJIUzI1NiIsInR5cCI6IkpXVCJ9.eyJpZCI6IjY4NzZhMGQ1OWVkMjgwMDAxYjY1OGMwNSIsImlhdCI6MTc1MjYwNDg4NSwiZXhwIjoxNzUyNjA2MDg1fQ.DrsZmhs4UCp-kZvRbUW2EsaIT6Ab7H6k1JzE6zq15Xs
ETag: W/"16f-FrL5FbSSvEE+RL8Gt9I7fbQQy0s"

{
    "success": true,
    "user": {
        "email": "0bhtzjd1ho@mail.ru",
        "name": "0klsKMXiPP"
    },
    "accessToken": "Bearer eyJhbGciOiJIUzI1NiIsInR5cCI6IkpXVCJ9.eyJpZCI6IjY4NzZhMGQ1OWVkMjgwMDAxYjY1OGMwNSIsImlhdCI6MTc1MjYwNDg4NSwiZXhwIjoxNzUyNjA2MDg1fQ.DrsZmhs4UCp-kZvRbUW2EsaIT6Ab7H6k1JzE6zq15Xs",
    "refreshToken": "1ad06495e98b1dfc3c762843755c661048522b919a5fcd9236556b0020eb2d53dbaa15946e770104"
}
HTTP/1.1 200 OK
Server: nginx/1.18.0 (Ubuntu)
Date: Tue, 15 Jul 2025 18:41:25 GMT
Content-Type: application/json; charset=utf-8
Content-Length: 367
Connection: keep-alive
X-Powered-By: Express
Access-Control-Allow-Origin: *
authorization: Bearer eyJhbGciOiJIUzI1NiIsInR5cCI6IkpXVCJ9.eyJpZCI6IjY4NzZhMGQ1OWVkMjgwMDAxYjY1OGMwNSIsImlhdCI6MTc1MjYwNDg4NSwiZXhwIjoxNzUyNjA2MDg1fQ.DrsZmhs4UCp-kZvRbUW2EsaIT6Ab7H6k1JzE6zq15Xs
ETag: W/"16f-FrL5FbSSvEE+RL8Gt9I7fbQQy0s"

{
    "success": true,
    "user": {
        "email": "0bhtzjd1ho@mail.ru",
        "name": "0klsKMXiPP"
    },
    "accessToken": "Bearer eyJhbGciOiJIUzI1NiIsInR5cCI6IkpXVCJ9.eyJpZCI6IjY4NzZhMGQ1OWVkMjgwMDAxYjY1OGMwNSIsImlhdCI6MTc1MjYwNDg4NSwiZXhwIjoxNzUyNjA2MDg1fQ.DrsZmhs4UCp-kZvRbUW2EsaIT6Ab7H6k1JzE6zq15Xs",
    "refreshToken": "1ad06495e98b1dfc3c762843755c661048522b919a5fcd9236556b0020eb2d53dbaa15946e770104"
}
HTTP/1.1 200 OK
Server: nginx/1.18.0 (Ubuntu)
Date: Tue, 15 Jul 2025 18:41:25 GMT
Content-Type: application/json; charset=utf-8
Content-Length: 367
Connection: keep-alive
X-Powered-By: Express
Access-Control-Allow-Origin: *
authorization: Bearer eyJhbGciOiJIUzI1NiIsInR5cCI6IkpXVCJ9.eyJpZCI6IjY4NzZhMGQ1OWVkMjgwMDAxYjY1OGMwNSIsImlhdCI6MTc1MjYwNDg4NSwiZXhwIjoxNzUyNjA2MDg1fQ.DrsZmhs4UCp-kZvRbUW2EsaIT6Ab7H6k1JzE6zq15Xs
ETag: W/"16f-FrL5FbSSvEE+RL8Gt9I7fbQQy0s"

{
    "success": true,
    "user": {
        "email": "0bhtzjd1ho@mail.ru",
        "name": "0klsKMXiPP"
    },
    "accessToken": "Bearer eyJhbGciOiJIUzI1NiIsInR5cCI6IkpXVCJ9.eyJpZCI6IjY4NzZhMGQ1OWVkMjgwMDAxYjY1OGMwNSIsImlhdCI6MTc1MjYwNDg4NSwiZXhwIjoxNzUyNjA2MDg1fQ.DrsZmhs4UCp-kZvRbUW2EsaIT6Ab7H6k1JzE6zq15Xs",
    "refreshToken": "1ad06495e98b1dfc3c762843755c661048522b919a5fcd9236556b0020eb2d53dbaa15946e770104"
}
HTTP/1.1 200 OK
Server: nginx/1.18.0 (Ubuntu)
Date: Tue, 15 Jul 2025 18:41:25 GMT
Content-Type: application/json; charset=utf-8
Content-Length: 367
Connection: keep-alive
X-Powered-By: Express
Access-Control-Allow-Origin: *
authorization: Bearer eyJhbGciOiJIUzI1NiIsInR5cCI6IkpXVCJ9.eyJpZCI6IjY4NzZhMGQ1OWVkMjgwMDAxYjY1OGMwNSIsImlhdCI6MTc1MjYwNDg4NSwiZXhwIjoxNzUyNjA2MDg1fQ.DrsZmhs4UCp-kZvRbUW2EsaIT6Ab7H6k1JzE6zq15Xs
ETag: W/"16f-FrL5FbSSvEE+RL8Gt9I7fbQQy0s"

{
    "success": true,
    "user": {
        "email": "0bhtzjd1ho@mail.ru",
        "name": "0klsKMXiPP"
    },
    "accessToken": "Bearer eyJhbGciOiJIUzI1NiIsInR5cCI6IkpXVCJ9.eyJpZCI6IjY4NzZhMGQ1OWVkMjgwMDAxYjY1OGMwNSIsImlhdCI6MTc1MjYwNDg4NSwiZXhwIjoxNzUyNjA2MDg1fQ.DrsZmhs4UCp-kZvRbUW2EsaIT6Ab7H6k1JzE6zq15Xs",
    "refreshToken": "1ad06495e98b1dfc3c762843755c661048522b919a5fcd9236556b0020eb2d53dbaa15946e770104"
}
HTTP/1.1 200 OK
Server: nginx/1.18.0 (Ubuntu)
Date: Tue, 15 Jul 2025 18:41:25 GMT
Content-Type: application/json; charset=utf-8
Content-Length: 367
Connection: keep-alive
X-Powered-By: Express
Access-Control-Allow-Origin: *
authorization: Bearer eyJhbGciOiJIUzI1NiIsInR5cCI6IkpXVCJ9.eyJpZCI6IjY4NzZhMGQ1OWVkMjgwMDAxYjY1OGMwNSIsImlhdCI6MTc1MjYwNDg4NSwiZXhwIjoxNzUyNjA2MDg1fQ.DrsZmhs4UCp-kZvRbUW2EsaIT6Ab7H6k1JzE6zq15Xs
ETag: W/"16f-FrL5FbSSvEE+RL8Gt9I7fbQQy0s"

{
    "success": true,
    "user": {
        "email": "0bhtzjd1ho@mail.ru",
        "name": "0klsKMXiPP"
    },
    "accessToken": "Bearer eyJhbGciOiJIUzI1NiIsInR5cCI6IkpXVCJ9.eyJpZCI6IjY4NzZhMGQ1OWVkMjgwMDAxYjY1OGMwNSIsImlhdCI6MTc1MjYwNDg4NSwiZXhwIjoxNzUyNjA2MDg1fQ.DrsZmhs4UCp-kZvRbUW2EsaIT6Ab7H6k1JzE6zq15Xs",
    "refreshToken": "1ad06495e98b1dfc3c762843755c661048522b919a5fcd9236556b0020eb2d53dbaa15946e770104"
}
Request method:	POST
Request URI:	https://stellarburgers.nomoreparties.site/api/auth/register
Proxy:			<none>
Request params:	<none>
Query params:	<none>
Form params:	<none>
Path params:	<none>
Headers:		Accept=*/*
				Content-Type=application/json
Cookies:		<none>
Multiparts:		<none>
Body:
{
    "email": "0bhTzJd1Ho@mail.ru",
    "password": "rv0ONgX3GY",
    "name": "0klsKMXiPP"
}
Request method:	POST
Request URI:	https://stellarburgers.nomoreparties.site/api/auth/register
Proxy:			<none>
Request params:	<none>
Query params:	<none>
Form params:	<none>
Path params:	<none>
Headers:		Accept=*/*
				Content-Type=application/json
Cookies:		<none>
Multiparts:		<none>
Body:
{
    "email": "0bhTzJd1Ho@mail.ru",
    "password": "rv0ONgX3GY",
    "name": "0klsKMXiPP"
}
Request method:	POST
Request URI:	https://stellarburgers.nomoreparties.site/api/auth/register
Proxy:			<none>
Request params:	<none>
Query params:	<none>
Form params:	<none>
Path params:	<none>
Headers:		Accept=*/*
				Content-Type=application/json
Cookies:		<none>
Multiparts:		<none>
Body:
{
    "email": "0bhTzJd1Ho@mail.ru",
    "password": "rv0ONgX3GY",
    "name": "0klsKMXiPP"
}
Request method:	POST
Request URI:	https://stellarburgers.nomoreparties.site/api/auth/register
Proxy:			<none>
Request params:	<none>
Query params:	<none>
Form params:	<none>
Path params:	<none>
Headers:		Accept=*/*
				Content-Type=application/json
Cookies:		<none>
Multiparts:		<none>
Body:
{
    "email": "0bhTzJd1Ho@mail.ru",
    "password": "rv0ONgX3GY",
    "name": "0klsKMXiPP"
}
Request method:	POST
Request URI:	https://stellarburgers.nomoreparties.site/api/auth/register
Proxy:			<none>
Request params:	<none>
Query params:	<none>
Form params:	<none>
Path params:	<none>
Headers:		Accept=*/*
				Content-Type=application/json
Cookies:		<none>
Multiparts:		<none>
Body:
{
    "email": "0bhTzJd1Ho@mail.ru",
    "password": "rv0ONgX3GY",
    "name": "0klsKMXiPP"
}
Request method:	POST
Request URI:	https://stellarburgers.nomoreparties.site/api/auth/register
Proxy:			<none>
Request params:	<none>
Query params:	<none>
Form params:	<none>
Path params:	<none>
Headers:		Accept=*/*
				Content-Type=application/json
Cookies:		<none>
Multiparts:		<none>
Body:
{
    "email": "0bhTzJd1Ho@mail.ru",
    "password": "rv0ONgX3GY",
    "name": "0klsKMXiPP"
}
Request method:	POST
Request URI:	https://stellarburgers.nomoreparties.site/api/auth/register
Proxy:			<none>
Request params:	<none>
Query params:	<none>
Form params:	<none>
Path params:	<none>
Headers:		Accept=*/*
				Content-Type=application/json
Cookies:		<none>
Multiparts:		<none>
Body:
{
    "email": "0bhTzJd1Ho@mail.ru",
    "password": "rv0ONgX3GY",
    "name": "0klsKMXiPP"
}
Request method:	POST
Request URI:	https://stellarburgers.nomoreparties.site/api/auth/register
Proxy:			<none>
Request params:	<none>
Query params:	<none>
Form params:	<none>
Path params:	<none>
Headers:		Accept=*/*
				Content-Type=application/json
Cookies:		<none>
Multiparts:		<none>
Body:
{
    "email": "0bhTzJd1Ho@mail.ru",
    "password": "rv0ONgX3GY",
    "name": "0klsKMXiPP"
}
Request method:	POST
Request URI:	https://stellarburgers.nomoreparties.site/api/auth/register
Proxy:			<none>
Request params:	<none>
Query params:	<none>
Form params:	<none>
Path params:	<none>
Headers:		Accept=*/*
				Content-Type=application/json
Cookies:		<none>
Multiparts:		<none>
Body:
{
    "email": "0bhTzJd1Ho@mail.ru",
    "password": "rv0ONgX3GY",
    "name": "0klsKMXiPP"
}
Request method:	POST
Request URI:	https://stellarburgers.nomoreparties.site/api/auth/register
Proxy:			<none>
Request params:	<none>
Query params:	<none>
Form params:	<none>
Path params:	<none>
Headers:		Accept=*/*
				Content-Type=application/json
Cookies:		<none>
Multiparts:		<none>
Body:
{
    "email": "0bhTzJd1Ho@mail.ru",
    "password": "rv0ONgX3GY",
    "name": "0klsKMXiPP"
}
Request method:	POST
Request URI:	https://stellarburgers.nomoreparties.site/api/auth/register
Proxy:			<none>
Request params:	<none>
Query params:	<none>
Form params:	<none>
Path params:	<none>
Headers:		Accept=*/*
				Content-Type=application/json
Cookies:		<none>
Multiparts:		<none>
Body:
{
    "email": "0bhTzJd1Ho@mail.ru",
    "password": "rv0ONgX3GY",
    "name": "0klsKMXiPP"
}
Request method:	POST
Request URI:	https://stellarburgers.nomoreparties.site/api/auth/register
Proxy:			<none>
Request params:	<none>
Query params:	<none>
Form params:	<none>
Path params:	<none>
Headers:		Accept=*/*
				Content-Type=application/json
Cookies:		<none>
Multiparts:		<none>
Body:
{
    "email": "0bhTzJd1Ho@mail.ru",
    "password": "rv0ONgX3GY",
    "name": "0klsKMXiPP"
}
Request method:	POST
Request URI:	https://stellarburgers.nomoreparties.site/api/auth/register
Proxy:			<none>
Request params:	<none>
Query params:	<none>
Form params:	<none>
Path params:	<none>
Headers:		Accept=*/*
				Content-Type=application/json
Cookies:		<none>
Multiparts:		<none>
Body:
{
    "email": "0bhTzJd1Ho@mail.ru",
    "password": "rv0ONgX3GY",
    "name": "0klsKMXiPP"
}
Request method:	POST
Request URI:	https://stellarburgers.nomoreparties.site/api/auth/register
Proxy:			<none>
Request params:	<none>
Query params:	<none>
Form params:	<none>
Path params:	<none>
Headers:		Accept=*/*
				Content-Type=application/json
Cookies:		<none>
Multiparts:		<none>
Body:
{
    "email": "0bhTzJd1Ho@mail.ru",
    "password": "rv0ONgX3GY",
    "name": "0klsKMXiPP"
}
Request method:	POST
Request URI:	https://stellarburgers.nomoreparties.site/api/auth/register
Proxy:			<none>
Request params:	<none>
Query params:	<none>
Form params:	<none>
Path params:	<none>
Headers:		Accept=*/*
				Content-Type=application/json
Cookies:		<none>
Multiparts:		<none>
Body:
{
    "email": "0bhTzJd1Ho@mail.ru",
    "password": "rv0ONgX3GY",
    "name": "0klsKMXiPP"
}
HTTP/1.1 403 Forbidden
Server: nginx/1.18.0 (Ubuntu)
Date: Tue, 15 Jul 2025 18:41:25 GMT
Content-Type: application/json; charset=utf-8
Content-Length: 49
Connection: keep-alive
X-Powered-By: Express
Access-Control-Allow-Origin: *
ETag: W/"31-WKEMg8zALB1Ko0WjUHi/6RBGHVc"

{
    "success": false,
    "message": "User already exists"
}
HTTP/1.1 403 Forbidden
Server: nginx/1.18.0 (Ubuntu)
Date: Tue, 15 Jul 2025 18:41:25 GMT
Content-Type: application/json; charset=utf-8
Content-Length: 49
Connection: keep-alive
X-Powered-By: Express
Access-Control-Allow-Origin: *
ETag: W/"31-WKEMg8zALB1Ko0WjUHi/6RBGHVc"

{
    "success": false,
    "message": "User already exists"
}
HTTP/1.1 403 Forbidden
Server: nginx/1.18.0 (Ubuntu)
Date: Tue, 15 Jul 2025 18:41:25 GMT
Content-Type: application/json; charset=utf-8
Content-Length: 49
Connection: keep-alive
X-Powered-By: Express
Access-Control-Allow-Origin: *
ETag: W/"31-WKEMg8zALB1Ko0WjUHi/6RBGHVc"

{
    "success": false,
    "message": "User already exists"
}
HTTP/1.1 403 Forbidden
Server: nginx/1.18.0 (Ubuntu)
Date: Tue, 15 Jul 2025 18:41:25 GMT
Content-Type: application/json; charset=utf-8
Content-Length: 49
Connection: keep-alive
X-Powered-By: Express
Access-Control-Allow-Origin: *
ETag: W/"31-WKEMg8zALB1Ko0WjUHi/6RBGHVc"

{
    "success": false,
    "message": "User already exists"
}
HTTP/1.1 403 Forbidden
Server: nginx/1.18.0 (Ubuntu)
Date: Tue, 15 Jul 2025 18:41:25 GMT
Content-Type: application/json; charset=utf-8
Content-Length: 49
Connection: keep-alive
X-Powered-By: Express
Access-Control-Allow-Origin: *
ETag: W/"31-WKEMg8zALB1Ko0WjUHi/6RBGHVc"

{
    "success": false,
    "message": "User already exists"
}
HTTP/1.1 403 Forbidden
Server: nginx/1.18.0 (Ubuntu)
Date: Tue, 15 Jul 2025 18:41:25 GMT
Content-Type: application/json; charset=utf-8
Content-Length: 49
Connection: keep-alive
X-Powered-By: Express
Access-Control-Allow-Origin: *
ETag: W/"31-WKEMg8zALB1Ko0WjUHi/6RBGHVc"

{
    "success": false,
    "message": "User already exists"
}
HTTP/1.1 403 Forbidden
Server: nginx/1.18.0 (Ubuntu)
Date: Tue, 15 Jul 2025 18:41:25 GMT
Content-Type: application/json; charset=utf-8
Content-Length: 49
Connection: keep-alive
X-Powered-By: Express
Access-Control-Allow-Origin: *
ETag: W/"31-WKEMg8zALB1Ko0WjUHi/6RBGHVc"

{
    "success": false,
    "message": "User already exists"
}
HTTP/1.1 403 Forbidden
Server: nginx/1.18.0 (Ubuntu)
Date: Tue, 15 Jul 2025 18:41:25 GMT
Content-Type: application/json; charset=utf-8
Content-Length: 49
Connection: keep-alive
X-Powered-By: Express
Access-Control-Allow-Origin: *
ETag: W/"31-WKEMg8zALB1Ko0WjUHi/6RBGHVc"

{
    "success": false,
    "message": "User already exists"
}
HTTP/1.1 403 Forbidden
Server: nginx/1.18.0 (Ubuntu)
Date: Tue, 15 Jul 2025 18:41:25 GMT
Content-Type: application/json; charset=utf-8
Content-Length: 49
Connection: keep-alive
X-Powered-By: Express
Access-Control-Allow-Origin: *
ETag: W/"31-WKEMg8zALB1Ko0WjUHi/6RBGHVc"

{
    "success": false,
    "message": "User already exists"
}
HTTP/1.1 403 Forbidden
Server: nginx/1.18.0 (Ubuntu)
Date: Tue, 15 Jul 2025 18:41:25 GMT
Content-Type: application/json; charset=utf-8
Content-Length: 49
Connection: keep-alive
X-Powered-By: Express
Access-Control-Allow-Origin: *
ETag: W/"31-WKEMg8zALB1Ko0WjUHi/6RBGHVc"

{
    "success": false,
    "message": "User already exists"
}
HTTP/1.1 403 Forbidden
Server: nginx/1.18.0 (Ubuntu)
Date: Tue, 15 Jul 2025 18:41:25 GMT
Content-Type: application/json; charset=utf-8
Content-Length: 49
Connection: keep-alive
X-Powered-By: Express
Access-Control-Allow-Origin: *
ETag: W/"31-WKEMg8zALB1Ko0WjUHi/6RBGHVc"

{
    "success": false,
    "message": "User already exists"
}
HTTP/1.1 403 Forbidden
Server: nginx/1.18.0 (Ubuntu)
Date: Tue, 15 Jul 2025 18:41:25 GMT
Content-Type: application/json; charset=utf-8
Content-Length: 49
Connection: keep-alive
X-Powered-By: Express
Access-Control-Allow-Origin: *
ETag: W/"31-WKEMg8zALB1Ko0WjUHi/6RBGHVc"

{
    "success": false,
    "message": "User already exists"
}
HTTP/1.1 403 Forbidden
Server: nginx/1.18.0 (Ubuntu)
Date: Tue, 15 Jul 2025 18:41:25 GMT
Content-Type: application/json; charset=utf-8
Content-Length: 49
Connection: keep-alive
X-Powered-By: Express
Access-Control-Allow-Origin: *
ETag: W/"31-WKEMg8zALB1Ko0WjUHi/6RBGHVc"

{
    "success": false,
    "message": "User already exists"
}
HTTP/1.1 403 Forbidden
Server: nginx/1.18.0 (Ubuntu)
Date: Tue, 15 Jul 2025 18:41:25 GMT
Content-Type: application/json; charset=utf-8
Content-Length: 49
Connection: keep-alive
X-Powered-By: Express
Access-Control-Allow-Origin: *
ETag: W/"31-WKEMg8zALB1Ko0WjUHi/6RBGHVc"

{
    "success": false,
    "message": "User already exists"
}
HTTP/1.1 403 Forbidden
Server: nginx/1.18.0 (Ubuntu)
Date: Tue, 15 Jul 2025 18:41:25 GMT
Content-Type: application/json; charset=utf-8
Content-Length: 49
Connection: keep-alive
X-Powered-By: Express
Access-Control-Allow-Origin: *
ETag: W/"31-WKEMg8zALB1Ko0WjUHi/6RBGHVc"

{
    "success": false,
    "message": "User already exists"
}
]]></system-out>
  </testcase>
  <testcase name="createNewUserTest" classname="UserTest" time="0.259">
    <system-out><![CDATA[Request method:	POST
Request URI:	https://stellarburgers.nomoreparties.site/api/auth/register
Proxy:			<none>
Request params:	<none>
Query params:	<none>
Form params:	<none>
Path params:	<none>
Headers:		Accept=*/*
				Content-Type=application/json
Cookies:		<none>
Multiparts:		<none>
Body:
{
    "email": "iEhPtjmqAv@mail.ru",
    "password": "kn4618d7FD",
    "name": "Ixjy5h0n52"
}
Request method:	POST
Request URI:	https://stellarburgers.nomoreparties.site/api/auth/register
Proxy:			<none>
Request params:	<none>
Query params:	<none>
Form params:	<none>
Path params:	<none>
Headers:		Accept=*/*
				Content-Type=application/json
Cookies:		<none>
Multiparts:		<none>
Body:
{
    "email": "iEhPtjmqAv@mail.ru",
    "password": "kn4618d7FD",
    "name": "Ixjy5h0n52"
}
Request method:	POST
Request URI:	https://stellarburgers.nomoreparties.site/api/auth/register
Proxy:			<none>
Request params:	<none>
Query params:	<none>
Form params:	<none>
Path params:	<none>
Headers:		Accept=*/*
				Content-Type=application/json
Cookies:		<none>
Multiparts:		<none>
Body:
{
    "email": "iEhPtjmqAv@mail.ru",
    "password": "kn4618d7FD",
    "name": "Ixjy5h0n52"
}
Request method:	POST
Request URI:	https://stellarburgers.nomoreparties.site/api/auth/register
Proxy:			<none>
Request params:	<none>
Query params:	<none>
Form params:	<none>
Path params:	<none>
Headers:		Accept=*/*
				Content-Type=application/json
Cookies:		<none>
Multiparts:		<none>
Body:
{
    "email": "iEhPtjmqAv@mail.ru",
    "password": "kn4618d7FD",
    "name": "Ixjy5h0n52"
}
Request method:	POST
Request URI:	https://stellarburgers.nomoreparties.site/api/auth/register
Proxy:			<none>
Request params:	<none>
Query params:	<none>
Form params:	<none>
Path params:	<none>
Headers:		Accept=*/*
				Content-Type=application/json
Cookies:		<none>
Multiparts:		<none>
Body:
{
    "email": "iEhPtjmqAv@mail.ru",
    "password": "kn4618d7FD",
    "name": "Ixjy5h0n52"
}
Request method:	POST
Request URI:	https://stellarburgers.nomoreparties.site/api/auth/register
Proxy:			<none>
Request params:	<none>
Query params:	<none>
Form params:	<none>
Path params:	<none>
Headers:		Accept=*/*
				Content-Type=application/json
Cookies:		<none>
Multiparts:		<none>
Body:
{
    "email": "iEhPtjmqAv@mail.ru",
    "password": "kn4618d7FD",
    "name": "Ixjy5h0n52"
}
Request method:	POST
Request URI:	https://stellarburgers.nomoreparties.site/api/auth/register
Proxy:			<none>
Request params:	<none>
Query params:	<none>
Form params:	<none>
Path params:	<none>
Headers:		Accept=*/*
				Content-Type=application/json
Cookies:		<none>
Multiparts:		<none>
Body:
{
    "email": "iEhPtjmqAv@mail.ru",
    "password": "kn4618d7FD",
    "name": "Ixjy5h0n52"
}
Request method:	POST
Request URI:	https://stellarburgers.nomoreparties.site/api/auth/register
Proxy:			<none>
Request params:	<none>
Query params:	<none>
Form params:	<none>
Path params:	<none>
Headers:		Accept=*/*
				Content-Type=application/json
Cookies:		<none>
Multiparts:		<none>
Body:
{
    "email": "iEhPtjmqAv@mail.ru",
    "password": "kn4618d7FD",
    "name": "Ixjy5h0n52"
}
Request method:	POST
Request URI:	https://stellarburgers.nomoreparties.site/api/auth/register
Proxy:			<none>
Request params:	<none>
Query params:	<none>
Form params:	<none>
Path params:	<none>
Headers:		Accept=*/*
				Content-Type=application/json
Cookies:		<none>
Multiparts:		<none>
Body:
{
    "email": "iEhPtjmqAv@mail.ru",
    "password": "kn4618d7FD",
    "name": "Ixjy5h0n52"
}
Request method:	POST
Request URI:	https://stellarburgers.nomoreparties.site/api/auth/register
Proxy:			<none>
Request params:	<none>
Query params:	<none>
Form params:	<none>
Path params:	<none>
Headers:		Accept=*/*
				Content-Type=application/json
Cookies:		<none>
Multiparts:		<none>
Body:
{
    "email": "iEhPtjmqAv@mail.ru",
    "password": "kn4618d7FD",
    "name": "Ixjy5h0n52"
}
Request method:	POST
Request URI:	https://stellarburgers.nomoreparties.site/api/auth/register
Proxy:			<none>
Request params:	<none>
Query params:	<none>
Form params:	<none>
Path params:	<none>
Headers:		Accept=*/*
				Content-Type=application/json
Cookies:		<none>
Multiparts:		<none>
Body:
{
    "email": "iEhPtjmqAv@mail.ru",
    "password": "kn4618d7FD",
    "name": "Ixjy5h0n52"
}
Request method:	POST
Request URI:	https://stellarburgers.nomoreparties.site/api/auth/register
Proxy:			<none>
Request params:	<none>
Query params:	<none>
Form params:	<none>
Path params:	<none>
Headers:		Accept=*/*
				Content-Type=application/json
Cookies:		<none>
Multiparts:		<none>
Body:
{
    "email": "iEhPtjmqAv@mail.ru",
    "password": "kn4618d7FD",
    "name": "Ixjy5h0n52"
}
Request method:	POST
Request URI:	https://stellarburgers.nomoreparties.site/api/auth/register
Proxy:			<none>
Request params:	<none>
Query params:	<none>
Form params:	<none>
Path params:	<none>
Headers:		Accept=*/*
				Content-Type=application/json
Cookies:		<none>
Multiparts:		<none>
Body:
{
    "email": "iEhPtjmqAv@mail.ru",
    "password": "kn4618d7FD",
    "name": "Ixjy5h0n52"
}
Request method:	POST
Request URI:	https://stellarburgers.nomoreparties.site/api/auth/register
Proxy:			<none>
Request params:	<none>
Query params:	<none>
Form params:	<none>
Path params:	<none>
Headers:		Accept=*/*
				Content-Type=application/json
Cookies:		<none>
Multiparts:		<none>
Body:
{
    "email": "iEhPtjmqAv@mail.ru",
    "password": "kn4618d7FD",
    "name": "Ixjy5h0n52"
}
Request method:	POST
Request URI:	https://stellarburgers.nomoreparties.site/api/auth/register
Proxy:			<none>
Request params:	<none>
Query params:	<none>
Form params:	<none>
Path params:	<none>
Headers:		Accept=*/*
				Content-Type=application/json
Cookies:		<none>
Multiparts:		<none>
Body:
{
    "email": "iEhPtjmqAv@mail.ru",
    "password": "kn4618d7FD",
    "name": "Ixjy5h0n52"
}
Request method:	POST
Request URI:	https://stellarburgers.nomoreparties.site/api/auth/register
Proxy:			<none>
Request params:	<none>
Query params:	<none>
Form params:	<none>
Path params:	<none>
Headers:		Accept=*/*
				Content-Type=application/json
Cookies:		<none>
Multiparts:		<none>
Body:
{
    "email": "iEhPtjmqAv@mail.ru",
    "password": "kn4618d7FD",
    "name": "Ixjy5h0n52"
}
HTTP/1.1 200 OK
Server: nginx/1.18.0 (Ubuntu)
Date: Tue, 15 Jul 2025 18:41:26 GMT
Content-Type: application/json; charset=utf-8
Content-Length: 367
Connection: keep-alive
X-Powered-By: Express
Access-Control-Allow-Origin: *
authorization: Bearer eyJhbGciOiJIUzI1NiIsInR5cCI6IkpXVCJ9.eyJpZCI6IjY4NzZhMGQ2OWVkMjgwMDAxYjY1OGMwNyIsImlhdCI6MTc1MjYwNDg4NiwiZXhwIjoxNzUyNjA2MDg2fQ.Z1ZwTgYDbUAxgPGxjiiYw_MgtbkN9SuGvUAqxBT7QP8
ETag: W/"16f-ioOVPVFetMC4QEH6emivwdiAR0w"

{
    "success": true,
    "user": {
        "email": "iehptjmqav@mail.ru",
        "name": "Ixjy5h0n52"
    },
    "accessToken": "Bearer eyJhbGciOiJIUzI1NiIsInR5cCI6IkpXVCJ9.eyJpZCI6IjY4NzZhMGQ2OWVkMjgwMDAxYjY1OGMwNyIsImlhdCI6MTc1MjYwNDg4NiwiZXhwIjoxNzUyNjA2MDg2fQ.Z1ZwTgYDbUAxgPGxjiiYw_MgtbkN9SuGvUAqxBT7QP8",
    "refreshToken": "c0084cfec1c1d8581ea38ef4220b173fb20fb1bb687f6b2a6434418fc97b23ec2ff514ee1a4a4b1e"
}
HTTP/1.1 200 OK
Server: nginx/1.18.0 (Ubuntu)
Date: Tue, 15 Jul 2025 18:41:26 GMT
Content-Type: application/json; charset=utf-8
Content-Length: 367
Connection: keep-alive
X-Powered-By: Express
Access-Control-Allow-Origin: *
authorization: Bearer eyJhbGciOiJIUzI1NiIsInR5cCI6IkpXVCJ9.eyJpZCI6IjY4NzZhMGQ2OWVkMjgwMDAxYjY1OGMwNyIsImlhdCI6MTc1MjYwNDg4NiwiZXhwIjoxNzUyNjA2MDg2fQ.Z1ZwTgYDbUAxgPGxjiiYw_MgtbkN9SuGvUAqxBT7QP8
ETag: W/"16f-ioOVPVFetMC4QEH6emivwdiAR0w"

{
    "success": true,
    "user": {
        "email": "iehptjmqav@mail.ru",
        "name": "Ixjy5h0n52"
    },
    "accessToken": "Bearer eyJhbGciOiJIUzI1NiIsInR5cCI6IkpXVCJ9.eyJpZCI6IjY4NzZhMGQ2OWVkMjgwMDAxYjY1OGMwNyIsImlhdCI6MTc1MjYwNDg4NiwiZXhwIjoxNzUyNjA2MDg2fQ.Z1ZwTgYDbUAxgPGxjiiYw_MgtbkN9SuGvUAqxBT7QP8",
    "refreshToken": "c0084cfec1c1d8581ea38ef4220b173fb20fb1bb687f6b2a6434418fc97b23ec2ff514ee1a4a4b1e"
}
HTTP/1.1 200 OK
Server: nginx/1.18.0 (Ubuntu)
Date: Tue, 15 Jul 2025 18:41:26 GMT
Content-Type: application/json; charset=utf-8
Content-Length: 367
Connection: keep-alive
X-Powered-By: Express
Access-Control-Allow-Origin: *
authorization: Bearer eyJhbGciOiJIUzI1NiIsInR5cCI6IkpXVCJ9.eyJpZCI6IjY4NzZhMGQ2OWVkMjgwMDAxYjY1OGMwNyIsImlhdCI6MTc1MjYwNDg4NiwiZXhwIjoxNzUyNjA2MDg2fQ.Z1ZwTgYDbUAxgPGxjiiYw_MgtbkN9SuGvUAqxBT7QP8
ETag: W/"16f-ioOVPVFetMC4QEH6emivwdiAR0w"

{
    "success": true,
    "user": {
        "email": "iehptjmqav@mail.ru",
        "name": "Ixjy5h0n52"
    },
    "accessToken": "Bearer eyJhbGciOiJIUzI1NiIsInR5cCI6IkpXVCJ9.eyJpZCI6IjY4NzZhMGQ2OWVkMjgwMDAxYjY1OGMwNyIsImlhdCI6MTc1MjYwNDg4NiwiZXhwIjoxNzUyNjA2MDg2fQ.Z1ZwTgYDbUAxgPGxjiiYw_MgtbkN9SuGvUAqxBT7QP8",
    "refreshToken": "c0084cfec1c1d8581ea38ef4220b173fb20fb1bb687f6b2a6434418fc97b23ec2ff514ee1a4a4b1e"
}
HTTP/1.1 200 OK
Server: nginx/1.18.0 (Ubuntu)
Date: Tue, 15 Jul 2025 18:41:26 GMT
Content-Type: application/json; charset=utf-8
Content-Length: 367
Connection: keep-alive
X-Powered-By: Express
Access-Control-Allow-Origin: *
authorization: Bearer eyJhbGciOiJIUzI1NiIsInR5cCI6IkpXVCJ9.eyJpZCI6IjY4NzZhMGQ2OWVkMjgwMDAxYjY1OGMwNyIsImlhdCI6MTc1MjYwNDg4NiwiZXhwIjoxNzUyNjA2MDg2fQ.Z1ZwTgYDbUAxgPGxjiiYw_MgtbkN9SuGvUAqxBT7QP8
ETag: W/"16f-ioOVPVFetMC4QEH6emivwdiAR0w"

{
    "success": true,
    "user": {
        "email": "iehptjmqav@mail.ru",
        "name": "Ixjy5h0n52"
    },
    "accessToken": "Bearer eyJhbGciOiJIUzI1NiIsInR5cCI6IkpXVCJ9.eyJpZCI6IjY4NzZhMGQ2OWVkMjgwMDAxYjY1OGMwNyIsImlhdCI6MTc1MjYwNDg4NiwiZXhwIjoxNzUyNjA2MDg2fQ.Z1ZwTgYDbUAxgPGxjiiYw_MgtbkN9SuGvUAqxBT7QP8",
    "refreshToken": "c0084cfec1c1d8581ea38ef4220b173fb20fb1bb687f6b2a6434418fc97b23ec2ff514ee1a4a4b1e"
}
HTTP/1.1 200 OK
Server: nginx/1.18.0 (Ubuntu)
Date: Tue, 15 Jul 2025 18:41:26 GMT
Content-Type: application/json; charset=utf-8
Content-Length: 367
Connection: keep-alive
X-Powered-By: Express
Access-Control-Allow-Origin: *
authorization: Bearer eyJhbGciOiJIUzI1NiIsInR5cCI6IkpXVCJ9.eyJpZCI6IjY4NzZhMGQ2OWVkMjgwMDAxYjY1OGMwNyIsImlhdCI6MTc1MjYwNDg4NiwiZXhwIjoxNzUyNjA2MDg2fQ.Z1ZwTgYDbUAxgPGxjiiYw_MgtbkN9SuGvUAqxBT7QP8
ETag: W/"16f-ioOVPVFetMC4QEH6emivwdiAR0w"

{
    "success": true,
    "user": {
        "email": "iehptjmqav@mail.ru",
        "name": "Ixjy5h0n52"
    },
    "accessToken": "Bearer eyJhbGciOiJIUzI1NiIsInR5cCI6IkpXVCJ9.eyJpZCI6IjY4NzZhMGQ2OWVkMjgwMDAxYjY1OGMwNyIsImlhdCI6MTc1MjYwNDg4NiwiZXhwIjoxNzUyNjA2MDg2fQ.Z1ZwTgYDbUAxgPGxjiiYw_MgtbkN9SuGvUAqxBT7QP8",
    "refreshToken": "c0084cfec1c1d8581ea38ef4220b173fb20fb1bb687f6b2a6434418fc97b23ec2ff514ee1a4a4b1e"
}
HTTP/1.1 200 OK
Server: nginx/1.18.0 (Ubuntu)
Date: Tue, 15 Jul 2025 18:41:26 GMT
Content-Type: application/json; charset=utf-8
Content-Length: 367
Connection: keep-alive
X-Powered-By: Express
Access-Control-Allow-Origin: *
authorization: Bearer eyJhbGciOiJIUzI1NiIsInR5cCI6IkpXVCJ9.eyJpZCI6IjY4NzZhMGQ2OWVkMjgwMDAxYjY1OGMwNyIsImlhdCI6MTc1MjYwNDg4NiwiZXhwIjoxNzUyNjA2MDg2fQ.Z1ZwTgYDbUAxgPGxjiiYw_MgtbkN9SuGvUAqxBT7QP8
ETag: W/"16f-ioOVPVFetMC4QEH6emivwdiAR0w"

{
    "success": true,
    "user": {
        "email": "iehptjmqav@mail.ru",
        "name": "Ixjy5h0n52"
    },
    "accessToken": "Bearer eyJhbGciOiJIUzI1NiIsInR5cCI6IkpXVCJ9.eyJpZCI6IjY4NzZhMGQ2OWVkMjgwMDAxYjY1OGMwNyIsImlhdCI6MTc1MjYwNDg4NiwiZXhwIjoxNzUyNjA2MDg2fQ.Z1ZwTgYDbUAxgPGxjiiYw_MgtbkN9SuGvUAqxBT7QP8",
    "refreshToken": "c0084cfec1c1d8581ea38ef4220b173fb20fb1bb687f6b2a6434418fc97b23ec2ff514ee1a4a4b1e"
}
HTTP/1.1 200 OK
Server: nginx/1.18.0 (Ubuntu)
Date: Tue, 15 Jul 2025 18:41:26 GMT
Content-Type: application/json; charset=utf-8
Content-Length: 367
Connection: keep-alive
X-Powered-By: Express
Access-Control-Allow-Origin: *
authorization: Bearer eyJhbGciOiJIUzI1NiIsInR5cCI6IkpXVCJ9.eyJpZCI6IjY4NzZhMGQ2OWVkMjgwMDAxYjY1OGMwNyIsImlhdCI6MTc1MjYwNDg4NiwiZXhwIjoxNzUyNjA2MDg2fQ.Z1ZwTgYDbUAxgPGxjiiYw_MgtbkN9SuGvUAqxBT7QP8
ETag: W/"16f-ioOVPVFetMC4QEH6emivwdiAR0w"

{
    "success": true,
    "user": {
        "email": "iehptjmqav@mail.ru",
        "name": "Ixjy5h0n52"
    },
    "accessToken": "Bearer eyJhbGciOiJIUzI1NiIsInR5cCI6IkpXVCJ9.eyJpZCI6IjY4NzZhMGQ2OWVkMjgwMDAxYjY1OGMwNyIsImlhdCI6MTc1MjYwNDg4NiwiZXhwIjoxNzUyNjA2MDg2fQ.Z1ZwTgYDbUAxgPGxjiiYw_MgtbkN9SuGvUAqxBT7QP8",
    "refreshToken": "c0084cfec1c1d8581ea38ef4220b173fb20fb1bb687f6b2a6434418fc97b23ec2ff514ee1a4a4b1e"
}
HTTP/1.1 200 OK
Server: nginx/1.18.0 (Ubuntu)
Date: Tue, 15 Jul 2025 18:41:26 GMT
Content-Type: application/json; charset=utf-8
Content-Length: 367
Connection: keep-alive
X-Powered-By: Express
Access-Control-Allow-Origin: *
authorization: Bearer eyJhbGciOiJIUzI1NiIsInR5cCI6IkpXVCJ9.eyJpZCI6IjY4NzZhMGQ2OWVkMjgwMDAxYjY1OGMwNyIsImlhdCI6MTc1MjYwNDg4NiwiZXhwIjoxNzUyNjA2MDg2fQ.Z1ZwTgYDbUAxgPGxjiiYw_MgtbkN9SuGvUAqxBT7QP8
ETag: W/"16f-ioOVPVFetMC4QEH6emivwdiAR0w"

{
    "success": true,
    "user": {
        "email": "iehptjmqav@mail.ru",
        "name": "Ixjy5h0n52"
    },
    "accessToken": "Bearer eyJhbGciOiJIUzI1NiIsInR5cCI6IkpXVCJ9.eyJpZCI6IjY4NzZhMGQ2OWVkMjgwMDAxYjY1OGMwNyIsImlhdCI6MTc1MjYwNDg4NiwiZXhwIjoxNzUyNjA2MDg2fQ.Z1ZwTgYDbUAxgPGxjiiYw_MgtbkN9SuGvUAqxBT7QP8",
    "refreshToken": "c0084cfec1c1d8581ea38ef4220b173fb20fb1bb687f6b2a6434418fc97b23ec2ff514ee1a4a4b1e"
}
HTTP/1.1 200 OK
Server: nginx/1.18.0 (Ubuntu)
Date: Tue, 15 Jul 2025 18:41:26 GMT
Content-Type: application/json; charset=utf-8
Content-Length: 367
Connection: keep-alive
X-Powered-By: Express
Access-Control-Allow-Origin: *
authorization: Bearer eyJhbGciOiJIUzI1NiIsInR5cCI6IkpXVCJ9.eyJpZCI6IjY4NzZhMGQ2OWVkMjgwMDAxYjY1OGMwNyIsImlhdCI6MTc1MjYwNDg4NiwiZXhwIjoxNzUyNjA2MDg2fQ.Z1ZwTgYDbUAxgPGxjiiYw_MgtbkN9SuGvUAqxBT7QP8
ETag: W/"16f-ioOVPVFetMC4QEH6emivwdiAR0w"

{
    "success": true,
    "user": {
        "email": "iehptjmqav@mail.ru",
        "name": "Ixjy5h0n52"
    },
    "accessToken": "Bearer eyJhbGciOiJIUzI1NiIsInR5cCI6IkpXVCJ9.eyJpZCI6IjY4NzZhMGQ2OWVkMjgwMDAxYjY1OGMwNyIsImlhdCI6MTc1MjYwNDg4NiwiZXhwIjoxNzUyNjA2MDg2fQ.Z1ZwTgYDbUAxgPGxjiiYw_MgtbkN9SuGvUAqxBT7QP8",
    "refreshToken": "c0084cfec1c1d8581ea38ef4220b173fb20fb1bb687f6b2a6434418fc97b23ec2ff514ee1a4a4b1e"
}
HTTP/1.1 200 OK
Server: nginx/1.18.0 (Ubuntu)
Date: Tue, 15 Jul 2025 18:41:26 GMT
Content-Type: application/json; charset=utf-8
Content-Length: 367
Connection: keep-alive
X-Powered-By: Express
Access-Control-Allow-Origin: *
authorization: Bearer eyJhbGciOiJIUzI1NiIsInR5cCI6IkpXVCJ9.eyJpZCI6IjY4NzZhMGQ2OWVkMjgwMDAxYjY1OGMwNyIsImlhdCI6MTc1MjYwNDg4NiwiZXhwIjoxNzUyNjA2MDg2fQ.Z1ZwTgYDbUAxgPGxjiiYw_MgtbkN9SuGvUAqxBT7QP8
ETag: W/"16f-ioOVPVFetMC4QEH6emivwdiAR0w"

{
    "success": true,
    "user": {
        "email": "iehptjmqav@mail.ru",
        "name": "Ixjy5h0n52"
    },
    "accessToken": "Bearer eyJhbGciOiJIUzI1NiIsInR5cCI6IkpXVCJ9.eyJpZCI6IjY4NzZhMGQ2OWVkMjgwMDAxYjY1OGMwNyIsImlhdCI6MTc1MjYwNDg4NiwiZXhwIjoxNzUyNjA2MDg2fQ.Z1ZwTgYDbUAxgPGxjiiYw_MgtbkN9SuGvUAqxBT7QP8",
    "refreshToken": "c0084cfec1c1d8581ea38ef4220b173fb20fb1bb687f6b2a6434418fc97b23ec2ff514ee1a4a4b1e"
}
HTTP/1.1 200 OK
Server: nginx/1.18.0 (Ubuntu)
Date: Tue, 15 Jul 2025 18:41:26 GMT
Content-Type: application/json; charset=utf-8
Content-Length: 367
Connection: keep-alive
X-Powered-By: Express
Access-Control-Allow-Origin: *
authorization: Bearer eyJhbGciOiJIUzI1NiIsInR5cCI6IkpXVCJ9.eyJpZCI6IjY4NzZhMGQ2OWVkMjgwMDAxYjY1OGMwNyIsImlhdCI6MTc1MjYwNDg4NiwiZXhwIjoxNzUyNjA2MDg2fQ.Z1ZwTgYDbUAxgPGxjiiYw_MgtbkN9SuGvUAqxBT7QP8
ETag: W/"16f-ioOVPVFetMC4QEH6emivwdiAR0w"

{
    "success": true,
    "user": {
        "email": "iehptjmqav@mail.ru",
        "name": "Ixjy5h0n52"
    },
    "accessToken": "Bearer eyJhbGciOiJIUzI1NiIsInR5cCI6IkpXVCJ9.eyJpZCI6IjY4NzZhMGQ2OWVkMjgwMDAxYjY1OGMwNyIsImlhdCI6MTc1MjYwNDg4NiwiZXhwIjoxNzUyNjA2MDg2fQ.Z1ZwTgYDbUAxgPGxjiiYw_MgtbkN9SuGvUAqxBT7QP8",
    "refreshToken": "c0084cfec1c1d8581ea38ef4220b173fb20fb1bb687f6b2a6434418fc97b23ec2ff514ee1a4a4b1e"
}
HTTP/1.1 200 OK
Server: nginx/1.18.0 (Ubuntu)
Date: Tue, 15 Jul 2025 18:41:26 GMT
Content-Type: application/json; charset=utf-8
Content-Length: 367
Connection: keep-alive
X-Powered-By: Express
Access-Control-Allow-Origin: *
authorization: Bearer eyJhbGciOiJIUzI1NiIsInR5cCI6IkpXVCJ9.eyJpZCI6IjY4NzZhMGQ2OWVkMjgwMDAxYjY1OGMwNyIsImlhdCI6MTc1MjYwNDg4NiwiZXhwIjoxNzUyNjA2MDg2fQ.Z1ZwTgYDbUAxgPGxjiiYw_MgtbkN9SuGvUAqxBT7QP8
ETag: W/"16f-ioOVPVFetMC4QEH6emivwdiAR0w"

{
    "success": true,
    "user": {
        "email": "iehptjmqav@mail.ru",
        "name": "Ixjy5h0n52"
    },
    "accessToken": "Bearer eyJhbGciOiJIUzI1NiIsInR5cCI6IkpXVCJ9.eyJpZCI6IjY4NzZhMGQ2OWVkMjgwMDAxYjY1OGMwNyIsImlhdCI6MTc1MjYwNDg4NiwiZXhwIjoxNzUyNjA2MDg2fQ.Z1ZwTgYDbUAxgPGxjiiYw_MgtbkN9SuGvUAqxBT7QP8",
    "refreshToken": "c0084cfec1c1d8581ea38ef4220b173fb20fb1bb687f6b2a6434418fc97b23ec2ff514ee1a4a4b1e"
}
HTTP/1.1 200 OK
Server: nginx/1.18.0 (Ubuntu)
Date: Tue, 15 Jul 2025 18:41:26 GMT
Content-Type: application/json; charset=utf-8
Content-Length: 367
Connection: keep-alive
X-Powered-By: Express
Access-Control-Allow-Origin: *
authorization: Bearer eyJhbGciOiJIUzI1NiIsInR5cCI6IkpXVCJ9.eyJpZCI6IjY4NzZhMGQ2OWVkMjgwMDAxYjY1OGMwNyIsImlhdCI6MTc1MjYwNDg4NiwiZXhwIjoxNzUyNjA2MDg2fQ.Z1ZwTgYDbUAxgPGxjiiYw_MgtbkN9SuGvUAqxBT7QP8
ETag: W/"16f-ioOVPVFetMC4QEH6emivwdiAR0w"

{
    "success": true,
    "user": {
        "email": "iehptjmqav@mail.ru",
        "name": "Ixjy5h0n52"
    },
    "accessToken": "Bearer eyJhbGciOiJIUzI1NiIsInR5cCI6IkpXVCJ9.eyJpZCI6IjY4NzZhMGQ2OWVkMjgwMDAxYjY1OGMwNyIsImlhdCI6MTc1MjYwNDg4NiwiZXhwIjoxNzUyNjA2MDg2fQ.Z1ZwTgYDbUAxgPGxjiiYw_MgtbkN9SuGvUAqxBT7QP8",
    "refreshToken": "c0084cfec1c1d8581ea38ef4220b173fb20fb1bb687f6b2a6434418fc97b23ec2ff514ee1a4a4b1e"
}
HTTP/1.1 200 OK
Server: nginx/1.18.0 (Ubuntu)
Date: Tue, 15 Jul 2025 18:41:26 GMT
Content-Type: application/json; charset=utf-8
Content-Length: 367
Connection: keep-alive
X-Powered-By: Express
Access-Control-Allow-Origin: *
authorization: Bearer eyJhbGciOiJIUzI1NiIsInR5cCI6IkpXVCJ9.eyJpZCI6IjY4NzZhMGQ2OWVkMjgwMDAxYjY1OGMwNyIsImlhdCI6MTc1MjYwNDg4NiwiZXhwIjoxNzUyNjA2MDg2fQ.Z1ZwTgYDbUAxgPGxjiiYw_MgtbkN9SuGvUAqxBT7QP8
ETag: W/"16f-ioOVPVFetMC4QEH6emivwdiAR0w"

{
    "success": true,
    "user": {
        "email": "iehptjmqav@mail.ru",
        "name": "Ixjy5h0n52"
    },
    "accessToken": "Bearer eyJhbGciOiJIUzI1NiIsInR5cCI6IkpXVCJ9.eyJpZCI6IjY4NzZhMGQ2OWVkMjgwMDAxYjY1OGMwNyIsImlhdCI6MTc1MjYwNDg4NiwiZXhwIjoxNzUyNjA2MDg2fQ.Z1ZwTgYDbUAxgPGxjiiYw_MgtbkN9SuGvUAqxBT7QP8",
    "refreshToken": "c0084cfec1c1d8581ea38ef4220b173fb20fb1bb687f6b2a6434418fc97b23ec2ff514ee1a4a4b1e"
}
HTTP/1.1 200 OK
Server: nginx/1.18.0 (Ubuntu)
Date: Tue, 15 Jul 2025 18:41:26 GMT
Content-Type: application/json; charset=utf-8
Content-Length: 367
Connection: keep-alive
X-Powered-By: Express
Access-Control-Allow-Origin: *
authorization: Bearer eyJhbGciOiJIUzI1NiIsInR5cCI6IkpXVCJ9.eyJpZCI6IjY4NzZhMGQ2OWVkMjgwMDAxYjY1OGMwNyIsImlhdCI6MTc1MjYwNDg4NiwiZXhwIjoxNzUyNjA2MDg2fQ.Z1ZwTgYDbUAxgPGxjiiYw_MgtbkN9SuGvUAqxBT7QP8
ETag: W/"16f-ioOVPVFetMC4QEH6emivwdiAR0w"

{
    "success": true,
    "user": {
        "email": "iehptjmqav@mail.ru",
        "name": "Ixjy5h0n52"
    },
    "accessToken": "Bearer eyJhbGciOiJIUzI1NiIsInR5cCI6IkpXVCJ9.eyJpZCI6IjY4NzZhMGQ2OWVkMjgwMDAxYjY1OGMwNyIsImlhdCI6MTc1MjYwNDg4NiwiZXhwIjoxNzUyNjA2MDg2fQ.Z1ZwTgYDbUAxgPGxjiiYw_MgtbkN9SuGvUAqxBT7QP8",
    "refreshToken": "c0084cfec1c1d8581ea38ef4220b173fb20fb1bb687f6b2a6434418fc97b23ec2ff514ee1a4a4b1e"
}
HTTP/1.1 200 OK
Server: nginx/1.18.0 (Ubuntu)
Date: Tue, 15 Jul 2025 18:41:26 GMT
Content-Type: application/json; charset=utf-8
Content-Length: 367
Connection: keep-alive
X-Powered-By: Express
Access-Control-Allow-Origin: *
authorization: Bearer eyJhbGciOiJIUzI1NiIsInR5cCI6IkpXVCJ9.eyJpZCI6IjY4NzZhMGQ2OWVkMjgwMDAxYjY1OGMwNyIsImlhdCI6MTc1MjYwNDg4NiwiZXhwIjoxNzUyNjA2MDg2fQ.Z1ZwTgYDbUAxgPGxjiiYw_MgtbkN9SuGvUAqxBT7QP8
ETag: W/"16f-ioOVPVFetMC4QEH6emivwdiAR0w"

{
    "success": true,
    "user": {
        "email": "iehptjmqav@mail.ru",
        "name": "Ixjy5h0n52"
    },
    "accessToken": "Bearer eyJhbGciOiJIUzI1NiIsInR5cCI6IkpXVCJ9.eyJpZCI6IjY4NzZhMGQ2OWVkMjgwMDAxYjY1OGMwNyIsImlhdCI6MTc1MjYwNDg4NiwiZXhwIjoxNzUyNjA2MDg2fQ.Z1ZwTgYDbUAxgPGxjiiYw_MgtbkN9SuGvUAqxBT7QP8",
    "refreshToken": "c0084cfec1c1d8581ea38ef4220b173fb20fb1bb687f6b2a6434418fc97b23ec2ff514ee1a4a4b1e"
}
]]></system-out>
  </testcase>
  <testcase name="createUserWhithoutEmailTest" classname="UserTest" time="0.148">
    <system-out><![CDATA[Request method:	POST
Request URI:	https://stellarburgers.nomoreparties.site/api/auth/register
Proxy:			<none>
Request params:	<none>
Query params:	<none>
Form params:	<none>
Path params:	<none>
Headers:		Accept=*/*
				Content-Type=application/json
Cookies:		<none>
Multiparts:		<none>
Body:
{
    "email": null,
    "password": "mfjT3Lb8OB",
    "name": "zagtGue0YU"
}
Request method:	POST
Request URI:	https://stellarburgers.nomoreparties.site/api/auth/register
Proxy:			<none>
Request params:	<none>
Query params:	<none>
Form params:	<none>
Path params:	<none>
Headers:		Accept=*/*
				Content-Type=application/json
Cookies:		<none>
Multiparts:		<none>
Body:
{
    "email": null,
    "password": "mfjT3Lb8OB",
    "name": "zagtGue0YU"
}
Request method:	POST
Request URI:	https://stellarburgers.nomoreparties.site/api/auth/register
Proxy:			<none>
Request params:	<none>
Query params:	<none>
Form params:	<none>
Path params:	<none>
Headers:		Accept=*/*
				Content-Type=application/json
Cookies:		<none>
Multiparts:		<none>
Body:
{
    "email": null,
    "password": "mfjT3Lb8OB",
    "name": "zagtGue0YU"
}
Request method:	POST
Request URI:	https://stellarburgers.nomoreparties.site/api/auth/register
Proxy:			<none>
Request params:	<none>
Query params:	<none>
Form params:	<none>
Path params:	<none>
Headers:		Accept=*/*
				Content-Type=application/json
Cookies:		<none>
Multiparts:		<none>
Body:
{
    "email": null,
    "password": "mfjT3Lb8OB",
    "name": "zagtGue0YU"
}
Request method:	POST
Request URI:	https://stellarburgers.nomoreparties.site/api/auth/register
Proxy:			<none>
Request params:	<none>
Query params:	<none>
Form params:	<none>
Path params:	<none>
Headers:		Accept=*/*
				Content-Type=application/json
Cookies:		<none>
Multiparts:		<none>
Body:
{
    "email": null,
    "password": "mfjT3Lb8OB",
    "name": "zagtGue0YU"
}
Request method:	POST
Request URI:	https://stellarburgers.nomoreparties.site/api/auth/register
Proxy:			<none>
Request params:	<none>
Query params:	<none>
Form params:	<none>
Path params:	<none>
Headers:		Accept=*/*
				Content-Type=application/json
Cookies:		<none>
Multiparts:		<none>
Body:
{
    "email": null,
    "password": "mfjT3Lb8OB",
    "name": "zagtGue0YU"
}
Request method:	POST
Request URI:	https://stellarburgers.nomoreparties.site/api/auth/register
Proxy:			<none>
Request params:	<none>
Query params:	<none>
Form params:	<none>
Path params:	<none>
Headers:		Accept=*/*
				Content-Type=application/json
Cookies:		<none>
Multiparts:		<none>
Body:
{
    "email": null,
    "password": "mfjT3Lb8OB",
    "name": "zagtGue0YU"
}
Request method:	POST
Request URI:	https://stellarburgers.nomoreparties.site/api/auth/register
Proxy:			<none>
Request params:	<none>
Query params:	<none>
Form params:	<none>
Path params:	<none>
Headers:		Accept=*/*
				Content-Type=application/json
Cookies:		<none>
Multiparts:		<none>
Body:
{
    "email": null,
    "password": "mfjT3Lb8OB",
    "name": "zagtGue0YU"
}
Request method:	POST
Request URI:	https://stellarburgers.nomoreparties.site/api/auth/register
Proxy:			<none>
Request params:	<none>
Query params:	<none>
Form params:	<none>
Path params:	<none>
Headers:		Accept=*/*
				Content-Type=application/json
Cookies:		<none>
Multiparts:		<none>
Body:
{
    "email": null,
    "password": "mfjT3Lb8OB",
    "name": "zagtGue0YU"
}
Request method:	POST
Request URI:	https://stellarburgers.nomoreparties.site/api/auth/register
Proxy:			<none>
Request params:	<none>
Query params:	<none>
Form params:	<none>
Path params:	<none>
Headers:		Accept=*/*
				Content-Type=application/json
Cookies:		<none>
Multiparts:		<none>
Body:
{
    "email": null,
    "password": "mfjT3Lb8OB",
    "name": "zagtGue0YU"
}
Request method:	POST
Request URI:	https://stellarburgers.nomoreparties.site/api/auth/register
Proxy:			<none>
Request params:	<none>
Query params:	<none>
Form params:	<none>
Path params:	<none>
Headers:		Accept=*/*
				Content-Type=application/json
Cookies:		<none>
Multiparts:		<none>
Body:
{
    "email": null,
    "password": "mfjT3Lb8OB",
    "name": "zagtGue0YU"
}
Request method:	POST
Request URI:	https://stellarburgers.nomoreparties.site/api/auth/register
Proxy:			<none>
Request params:	<none>
Query params:	<none>
Form params:	<none>
Path params:	<none>
Headers:		Accept=*/*
				Content-Type=application/json
Cookies:		<none>
Multiparts:		<none>
Body:
{
    "email": null,
    "password": "mfjT3Lb8OB",
    "name": "zagtGue0YU"
}
Request method:	POST
Request URI:	https://stellarburgers.nomoreparties.site/api/auth/register
Proxy:			<none>
Request params:	<none>
Query params:	<none>
Form params:	<none>
Path params:	<none>
Headers:		Accept=*/*
				Content-Type=application/json
Cookies:		<none>
Multiparts:		<none>
Body:
{
    "email": null,
    "password": "mfjT3Lb8OB",
    "name": "zagtGue0YU"
}
Request method:	POST
Request URI:	https://stellarburgers.nomoreparties.site/api/auth/register
Proxy:			<none>
Request params:	<none>
Query params:	<none>
Form params:	<none>
Path params:	<none>
Headers:		Accept=*/*
				Content-Type=application/json
Cookies:		<none>
Multiparts:		<none>
Body:
{
    "email": null,
    "password": "mfjT3Lb8OB",
    "name": "zagtGue0YU"
}
Request method:	POST
Request URI:	https://stellarburgers.nomoreparties.site/api/auth/register
Proxy:			<none>
Request params:	<none>
Query params:	<none>
Form params:	<none>
Path params:	<none>
Headers:		Accept=*/*
				Content-Type=application/json
Cookies:		<none>
Multiparts:		<none>
Body:
{
    "email": null,
    "password": "mfjT3Lb8OB",
    "name": "zagtGue0YU"
}
Request method:	POST
Request URI:	https://stellarburgers.nomoreparties.site/api/auth/register
Proxy:			<none>
Request params:	<none>
Query params:	<none>
Form params:	<none>
Path params:	<none>
Headers:		Accept=*/*
				Content-Type=application/json
Cookies:		<none>
Multiparts:		<none>
Body:
{
    "email": null,
    "password": "mfjT3Lb8OB",
    "name": "zagtGue0YU"
}
Request method:	POST
Request URI:	https://stellarburgers.nomoreparties.site/api/auth/register
Proxy:			<none>
Request params:	<none>
Query params:	<none>
Form params:	<none>
Path params:	<none>
Headers:		Accept=*/*
				Content-Type=application/json
Cookies:		<none>
Multiparts:		<none>
Body:
{
    "email": null,
    "password": "mfjT3Lb8OB",
    "name": "zagtGue0YU"
}
HTTP/1.1 403 Forbidden
Server: nginx/1.18.0 (Ubuntu)
Date: Tue, 15 Jul 2025 18:41:26 GMT
Content-Type: application/json; charset=utf-8
Content-Length: 74
Connection: keep-alive
X-Powered-By: Express
Access-Control-Allow-Origin: *
ETag: W/"4a-EmWdisR78lCFKIQWVZ3yQkk5Ixs"

{
    "success": false,
    "message": "Email, password and name are required fields"
}
HTTP/1.1 403 Forbidden
Server: nginx/1.18.0 (Ubuntu)
Date: Tue, 15 Jul 2025 18:41:26 GMT
Content-Type: application/json; charset=utf-8
Content-Length: 74
Connection: keep-alive
X-Powered-By: Express
Access-Control-Allow-Origin: *
ETag: W/"4a-EmWdisR78lCFKIQWVZ3yQkk5Ixs"

{
    "success": false,
    "message": "Email, password and name are required fields"
}
HTTP/1.1 403 Forbidden
Server: nginx/1.18.0 (Ubuntu)
Date: Tue, 15 Jul 2025 18:41:26 GMT
Content-Type: application/json; charset=utf-8
Content-Length: 74
Connection: keep-alive
X-Powered-By: Express
Access-Control-Allow-Origin: *
ETag: W/"4a-EmWdisR78lCFKIQWVZ3yQkk5Ixs"

{
    "success": false,
    "message": "Email, password and name are required fields"
}
HTTP/1.1 403 Forbidden
Server: nginx/1.18.0 (Ubuntu)
Date: Tue, 15 Jul 2025 18:41:26 GMT
Content-Type: application/json; charset=utf-8
Content-Length: 74
Connection: keep-alive
X-Powered-By: Express
Access-Control-Allow-Origin: *
ETag: W/"4a-EmWdisR78lCFKIQWVZ3yQkk5Ixs"

{
    "success": false,
    "message": "Email, password and name are required fields"
}
HTTP/1.1 403 Forbidden
Server: nginx/1.18.0 (Ubuntu)
Date: Tue, 15 Jul 2025 18:41:26 GMT
Content-Type: application/json; charset=utf-8
Content-Length: 74
Connection: keep-alive
X-Powered-By: Express
Access-Control-Allow-Origin: *
ETag: W/"4a-EmWdisR78lCFKIQWVZ3yQkk5Ixs"

{
    "success": false,
    "message": "Email, password and name are required fields"
}
HTTP/1.1 403 Forbidden
Server: nginx/1.18.0 (Ubuntu)
Date: Tue, 15 Jul 2025 18:41:26 GMT
Content-Type: application/json; charset=utf-8
Content-Length: 74
Connection: keep-alive
X-Powered-By: Express
Access-Control-Allow-Origin: *
ETag: W/"4a-EmWdisR78lCFKIQWVZ3yQkk5Ixs"

{
    "success": false,
    "message": "Email, password and name are required fields"
}
HTTP/1.1 403 Forbidden
Server: nginx/1.18.0 (Ubuntu)
Date: Tue, 15 Jul 2025 18:41:26 GMT
Content-Type: application/json; charset=utf-8
Content-Length: 74
Connection: keep-alive
X-Powered-By: Express
Access-Control-Allow-Origin: *
ETag: W/"4a-EmWdisR78lCFKIQWVZ3yQkk5Ixs"

{
    "success": false,
    "message": "Email, password and name are required fields"
}
HTTP/1.1 403 Forbidden
Server: nginx/1.18.0 (Ubuntu)
Date: Tue, 15 Jul 2025 18:41:26 GMT
Content-Type: application/json; charset=utf-8
Content-Length: 74
Connection: keep-alive
X-Powered-By: Express
Access-Control-Allow-Origin: *
ETag: W/"4a-EmWdisR78lCFKIQWVZ3yQkk5Ixs"

{
    "success": false,
    "message": "Email, password and name are required fields"
}
HTTP/1.1 403 Forbidden
Server: nginx/1.18.0 (Ubuntu)
Date: Tue, 15 Jul 2025 18:41:26 GMT
Content-Type: application/json; charset=utf-8
Content-Length: 74
Connection: keep-alive
X-Powered-By: Express
Access-Control-Allow-Origin: *
ETag: W/"4a-EmWdisR78lCFKIQWVZ3yQkk5Ixs"

{
    "success": false,
    "message": "Email, password and name are required fields"
}
HTTP/1.1 403 Forbidden
Server: nginx/1.18.0 (Ubuntu)
Date: Tue, 15 Jul 2025 18:41:26 GMT
Content-Type: application/json; charset=utf-8
Content-Length: 74
Connection: keep-alive
X-Powered-By: Express
Access-Control-Allow-Origin: *
ETag: W/"4a-EmWdisR78lCFKIQWVZ3yQkk5Ixs"

{
    "success": false,
    "message": "Email, password and name are required fields"
}
HTTP/1.1 403 Forbidden
Server: nginx/1.18.0 (Ubuntu)
Date: Tue, 15 Jul 2025 18:41:26 GMT
Content-Type: application/json; charset=utf-8
Content-Length: 74
Connection: keep-alive
X-Powered-By: Express
Access-Control-Allow-Origin: *
ETag: W/"4a-EmWdisR78lCFKIQWVZ3yQkk5Ixs"

{
    "success": false,
    "message": "Email, password and name are required fields"
}
HTTP/1.1 403 Forbidden
Server: nginx/1.18.0 (Ubuntu)
Date: Tue, 15 Jul 2025 18:41:26 GMT
Content-Type: application/json; charset=utf-8
Content-Length: 74
Connection: keep-alive
X-Powered-By: Express
Access-Control-Allow-Origin: *
ETag: W/"4a-EmWdisR78lCFKIQWVZ3yQkk5Ixs"

{
    "success": false,
    "message": "Email, password and name are required fields"
}
HTTP/1.1 403 Forbidden
Server: nginx/1.18.0 (Ubuntu)
Date: Tue, 15 Jul 2025 18:41:26 GMT
Content-Type: application/json; charset=utf-8
Content-Length: 74
Connection: keep-alive
X-Powered-By: Express
Access-Control-Allow-Origin: *
ETag: W/"4a-EmWdisR78lCFKIQWVZ3yQkk5Ixs"

{
    "success": false,
    "message": "Email, password and name are required fields"
}
HTTP/1.1 403 Forbidden
Server: nginx/1.18.0 (Ubuntu)
Date: Tue, 15 Jul 2025 18:41:26 GMT
Content-Type: application/json; charset=utf-8
Content-Length: 74
Connection: keep-alive
X-Powered-By: Express
Access-Control-Allow-Origin: *
ETag: W/"4a-EmWdisR78lCFKIQWVZ3yQkk5Ixs"

{
    "success": false,
    "message": "Email, password and name are required fields"
}
HTTP/1.1 403 Forbidden
Server: nginx/1.18.0 (Ubuntu)
Date: Tue, 15 Jul 2025 18:41:26 GMT
Content-Type: application/json; charset=utf-8
Content-Length: 74
Connection: keep-alive
X-Powered-By: Express
Access-Control-Allow-Origin: *
ETag: W/"4a-EmWdisR78lCFKIQWVZ3yQkk5Ixs"

{
    "success": false,
    "message": "Email, password and name are required fields"
}
HTTP/1.1 403 Forbidden
Server: nginx/1.18.0 (Ubuntu)
Date: Tue, 15 Jul 2025 18:41:26 GMT
Content-Type: application/json; charset=utf-8
Content-Length: 74
Connection: keep-alive
X-Powered-By: Express
Access-Control-Allow-Origin: *
ETag: W/"4a-EmWdisR78lCFKIQWVZ3yQkk5Ixs"

{
    "success": false,
    "message": "Email, password and name are required fields"
}
HTTP/1.1 403 Forbidden
Server: nginx/1.18.0 (Ubuntu)
Date: Tue, 15 Jul 2025 18:41:26 GMT
Content-Type: application/json; charset=utf-8
Content-Length: 74
Connection: keep-alive
X-Powered-By: Express
Access-Control-Allow-Origin: *
ETag: W/"4a-EmWdisR78lCFKIQWVZ3yQkk5Ixs"

{
    "success": false,
    "message": "Email, password and name are required fields"
}
]]></system-out>
  </testcase>
</testsuite>