<?xml version="1.0" encoding="UTF-8"?>
<testsuite xmlns:xsi="http://www.w3.org/2001/XMLSchema-instance" xsi:noNamespaceSchemaLocation="https://maven.apache.org/surefire/maven-surefire-plugin/xsd/surefire-test-report-3.0.xsd" version="3.0" name="OrderTest" time="11.426" tests="7" errors="0" skipped="0" failures="0">
  <properties>
[...]
</properties>
  <testcase name="createOrderWithInvalidIngredientsTest" classname="OrderTest" time="1.474">
    <system-out><![CDATA[Request method:	POST
Request URI:	https://stellarburgers.nomoreparties.site/api/auth/register
Proxy:			<none>
Request params:	<none>
Query params:	<none>
Form params:	<none>
Path params:	<none>
Headers:		Accept=*/*
				Content-Type=application/json
Cookies:		<none>
Multiparts:		<none>
Body:
{
    "email": "R3cyilE6Dc@mail.ru",
    "password": "G8JVTwsPMt",
    "name": "PYwtiUepdo"
}
Request method:	POST
Request URI:	https://stellarburgers.nomoreparties.site/api/auth/register
Proxy:			<none>
Request params:	<none>
Query params:	<none>
Form params:	<none>
Path params:	<none>
Headers:		Accept=*/*
				Content-Type=application/json
Cookies:		<none>
Multiparts:		<none>
Body:
{
    "email": "R3cyilE6Dc@mail.ru",
    "password": "G8JVTwsPMt",
    "name": "PYwtiUepdo"
}
Request method:	POST
Request URI:	https://stellarburgers.nomoreparties.site/api/auth/register
Proxy:			<none>
Request params:	<none>
Query params:	<none>
Form params:	<none>
Path params:	<none>
Headers:		Accept=*/*
				Content-Type=application/json
Cookies:		<none>
Multiparts:		<none>
Body:
{
    "email": "R3cyilE6Dc@mail.ru",
    "password": "G8JVTwsPMt",
    "name": "PYwtiUepdo"
}
Request method:	POST
Request URI:	https://stellarburgers.nomoreparties.site/api/auth/register
Proxy:			<none>
Request params:	<none>
Query params:	<none>
Form params:	<none>
Path params:	<none>
Headers:		Accept=*/*
				Content-Type=application/json
Cookies:		<none>
Multiparts:		<none>
Body:
{
    "email": "R3cyilE6Dc@mail.ru",
    "password": "G8JVTwsPMt",
    "name": "PYwtiUepdo"
}
Request method:	POST
Request URI:	https://stellarburgers.nomoreparties.site/api/auth/register
Proxy:			<none>
Request params:	<none>
Query params:	<none>
Form params:	<none>
Path params:	<none>
Headers:		Accept=*/*
				Content-Type=application/json
Cookies:		<none>
Multiparts:		<none>
Body:
{
    "email": "R3cyilE6Dc@mail.ru",
    "password": "G8JVTwsPMt",
    "name": "PYwtiUepdo"
}
Request method:	POST
Request URI:	https://stellarburgers.nomoreparties.site/api/auth/register
Proxy:			<none>
Request params:	<none>
Query params:	<none>
Form params:	<none>
Path params:	<none>
Headers:		Accept=*/*
				Content-Type=application/json
Cookies:		<none>
Multiparts:		<none>
Body:
{
    "email": "R3cyilE6Dc@mail.ru",
    "password": "G8JVTwsPMt",
    "name": "PYwtiUepdo"
}
HTTP/1.1 200 OK
Server: nginx/1.18.0 (Ubuntu)
Date: Tue, 15 Jul 2025 18:41:14 GMT
Content-Type: application/json; charset=utf-8
Content-Length: 367
Connection: keep-alive
X-Powered-By: Express
Access-Control-Allow-Origin: *
authorization: Bearer eyJhbGciOiJIUzI1NiIsInR5cCI6IkpXVCJ9.eyJpZCI6IjY4NzZhMGNhOWVkMjgwMDAxYjY1OGJlZiIsImlhdCI6MTc1MjYwNDg3NCwiZXhwIjoxNzUyNjA2MDc0fQ.oaP0sTIRGz-zXgUzW10026i7741agvhboIa4dkJdwtM
ETag: W/"16f-Vf3Km1tkp8phYKC+M1g7OBu4fk4"

{
    "success": true,
    "user": {
        "email": "r3cyile6dc@mail.ru",
        "name": "PYwtiUepdo"
    },
    "accessToken": "Bearer eyJhbGciOiJIUzI1NiIsInR5cCI6IkpXVCJ9.eyJpZCI6IjY4NzZhMGNhOWVkMjgwMDAxYjY1OGJlZiIsImlhdCI6MTc1MjYwNDg3NCwiZXhwIjoxNzUyNjA2MDc0fQ.oaP0sTIRGz-zXgUzW10026i7741agvhboIa4dkJdwtM",
    "refreshToken": "8a24b838a3ec934c7ccdad91d848bf1b768b0a8fa1ce78d99d7d78adaa02b2e69cfd7352548eb64d"
}
HTTP/1.1 200 OK
Server: nginx/1.18.0 (Ubuntu)
Date: Tue, 15 Jul 2025 18:41:14 GMT
Content-Type: application/json; charset=utf-8
Content-Length: 367
Connection: keep-alive
X-Powered-By: Express
Access-Control-Allow-Origin: *
authorization: Bearer eyJhbGciOiJIUzI1NiIsInR5cCI6IkpXVCJ9.eyJpZCI6IjY4NzZhMGNhOWVkMjgwMDAxYjY1OGJlZiIsImlhdCI6MTc1MjYwNDg3NCwiZXhwIjoxNzUyNjA2MDc0fQ.oaP0sTIRGz-zXgUzW10026i7741agvhboIa4dkJdwtM
ETag: W/"16f-Vf3Km1tkp8phYKC+M1g7OBu4fk4"

{
    "success": true,
    "user": {
        "email": "r3cyile6dc@mail.ru",
        "name": "PYwtiUepdo"
    },
    "accessToken": "Bearer eyJhbGciOiJIUzI1NiIsInR5cCI6IkpXVCJ9.eyJpZCI6IjY4NzZhMGNhOWVkMjgwMDAxYjY1OGJlZiIsImlhdCI6MTc1MjYwNDg3NCwiZXhwIjoxNzUyNjA2MDc0fQ.oaP0sTIRGz-zXgUzW10026i7741agvhboIa4dkJdwtM",
    "refreshToken": "8a24b838a3ec934c7ccdad91d848bf1b768b0a8fa1ce78d99d7d78adaa02b2e69cfd7352548eb64d"
}
HTTP/1.1 200 OK
Server: nginx/1.18.0 (Ubuntu)
Date: Tue, 15 Jul 2025 18:41:14 GMT
Content-Type: application/json; charset=utf-8
Content-Length: 367
Connection: keep-alive
X-Powered-By: Express
Access-Control-Allow-Origin: *
authorization: Bearer eyJhbGciOiJIUzI1NiIsInR5cCI6IkpXVCJ9.eyJpZCI6IjY4NzZhMGNhOWVkMjgwMDAxYjY1OGJlZiIsImlhdCI6MTc1MjYwNDg3NCwiZXhwIjoxNzUyNjA2MDc0fQ.oaP0sTIRGz-zXgUzW10026i7741agvhboIa4dkJdwtM
ETag: W/"16f-Vf3Km1tkp8phYKC+M1g7OBu4fk4"

{
    "success": true,
    "user": {
        "email": "r3cyile6dc@mail.ru",
        "name": "PYwtiUepdo"
    },
    "accessToken": "Bearer eyJhbGciOiJIUzI1NiIsInR5cCI6IkpXVCJ9.eyJpZCI6IjY4NzZhMGNhOWVkMjgwMDAxYjY1OGJlZiIsImlhdCI6MTc1MjYwNDg3NCwiZXhwIjoxNzUyNjA2MDc0fQ.oaP0sTIRGz-zXgUzW10026i7741agvhboIa4dkJdwtM",
    "refreshToken": "8a24b838a3ec934c7ccdad91d848bf1b768b0a8fa1ce78d99d7d78adaa02b2e69cfd7352548eb64d"
}
HTTP/1.1 200 OK
Server: nginx/1.18.0 (Ubuntu)
Date: Tue, 15 Jul 2025 18:41:14 GMT
Content-Type: application/json; charset=utf-8
Content-Length: 367
Connection: keep-alive
X-Powered-By: Express
Access-Control-Allow-Origin: *
authorization: Bearer eyJhbGciOiJIUzI1NiIsInR5cCI6IkpXVCJ9.eyJpZCI6IjY4NzZhMGNhOWVkMjgwMDAxYjY1OGJlZiIsImlhdCI6MTc1MjYwNDg3NCwiZXhwIjoxNzUyNjA2MDc0fQ.oaP0sTIRGz-zXgUzW10026i7741agvhboIa4dkJdwtM
ETag: W/"16f-Vf3Km1tkp8phYKC+M1g7OBu4fk4"

{
    "success": true,
    "user": {
        "email": "r3cyile6dc@mail.ru",
        "name": "PYwtiUepdo"
    },
    "accessToken": "Bearer eyJhbGciOiJIUzI1NiIsInR5cCI6IkpXVCJ9.eyJpZCI6IjY4NzZhMGNhOWVkMjgwMDAxYjY1OGJlZiIsImlhdCI6MTc1MjYwNDg3NCwiZXhwIjoxNzUyNjA2MDc0fQ.oaP0sTIRGz-zXgUzW10026i7741agvhboIa4dkJdwtM",
    "refreshToken": "8a24b838a3ec934c7ccdad91d848bf1b768b0a8fa1ce78d99d7d78adaa02b2e69cfd7352548eb64d"
}
HTTP/1.1 200 OK
Server: nginx/1.18.0 (Ubuntu)
Date: Tue, 15 Jul 2025 18:41:14 GMT
Content-Type: application/json; charset=utf-8
Content-Length: 367
Connection: keep-alive
X-Powered-By: Express
Access-Control-Allow-Origin: *
authorization: Bearer eyJhbGciOiJIUzI1NiIsInR5cCI6IkpXVCJ9.eyJpZCI6IjY4NzZhMGNhOWVkMjgwMDAxYjY1OGJlZiIsImlhdCI6MTc1MjYwNDg3NCwiZXhwIjoxNzUyNjA2MDc0fQ.oaP0sTIRGz-zXgUzW10026i7741agvhboIa4dkJdwtM
ETag: W/"16f-Vf3Km1tkp8phYKC+M1g7OBu4fk4"

{
    "success": true,
    "user": {
        "email": "r3cyile6dc@mail.ru",
        "name": "PYwtiUepdo"
    },
    "accessToken": "Bearer eyJhbGciOiJIUzI1NiIsInR5cCI6IkpXVCJ9.eyJpZCI6IjY4NzZhMGNhOWVkMjgwMDAxYjY1OGJlZiIsImlhdCI6MTc1MjYwNDg3NCwiZXhwIjoxNzUyNjA2MDc0fQ.oaP0sTIRGz-zXgUzW10026i7741agvhboIa4dkJdwtM",
    "refreshToken": "8a24b838a3ec934c7ccdad91d848bf1b768b0a8fa1ce78d99d7d78adaa02b2e69cfd7352548eb64d"
}
HTTP/1.1 200 OK
Server: nginx/1.18.0 (Ubuntu)
Date: Tue, 15 Jul 2025 18:41:14 GMT
Content-Type: application/json; charset=utf-8
Content-Length: 367
Connection: keep-alive
X-Powered-By: Express
Access-Control-Allow-Origin: *
authorization: Bearer eyJhbGciOiJIUzI1NiIsInR5cCI6IkpXVCJ9.eyJpZCI6IjY4NzZhMGNhOWVkMjgwMDAxYjY1OGJlZiIsImlhdCI6MTc1MjYwNDg3NCwiZXhwIjoxNzUyNjA2MDc0fQ.oaP0sTIRGz-zXgUzW10026i7741agvhboIa4dkJdwtM
ETag: W/"16f-Vf3Km1tkp8phYKC+M1g7OBu4fk4"

{
    "success": true,
    "user": {
        "email": "r3cyile6dc@mail.ru",
        "name": "PYwtiUepdo"
    },
    "accessToken": "Bearer eyJhbGciOiJIUzI1NiIsInR5cCI6IkpXVCJ9.eyJpZCI6IjY4NzZhMGNhOWVkMjgwMDAxYjY1OGJlZiIsImlhdCI6MTc1MjYwNDg3NCwiZXhwIjoxNzUyNjA2MDc0fQ.oaP0sTIRGz-zXgUzW10026i7741agvhboIa4dkJdwtM",
    "refreshToken": "8a24b838a3ec934c7ccdad91d848bf1b768b0a8fa1ce78d99d7d78adaa02b2e69cfd7352548eb64d"
}
Request method:	POST
Request URI:	https://stellarburgers.nomoreparties.site/api/auth/login
Proxy:			<none>
Request params:	<none>
Query params:	<none>
Form params:	<none>
Path params:	<none>
Headers:		Accept=*/*
				Content-Type=application/json
Cookies:		<none>
Multiparts:		<none>
Body:
{
    "email": "R3cyilE6Dc@mail.ru",
    "password": "G8JVTwsPMt"
}
Request method:	POST
Request URI:	https://stellarburgers.nomoreparties.site/api/auth/login
Proxy:			<none>
Request params:	<none>
Query params:	<none>
Form params:	<none>
Path params:	<none>
Headers:		Accept=*/*
				Content-Type=application/json
Cookies:		<none>
Multiparts:		<none>
Body:
{
    "email": "R3cyilE6Dc@mail.ru",
    "password": "G8JVTwsPMt"
}
Request method:	POST
Request URI:	https://stellarburgers.nomoreparties.site/api/auth/login
Proxy:			<none>
Request params:	<none>
Query params:	<none>
Form params:	<none>
Path params:	<none>
Headers:		Accept=*/*
				Content-Type=application/json
Cookies:		<none>
Multiparts:		<none>
Body:
{
    "email": "R3cyilE6Dc@mail.ru",
    "password": "G8JVTwsPMt"
}
Request method:	POST
Request URI:	https://stellarburgers.nomoreparties.site/api/auth/login
Proxy:			<none>
Request params:	<none>
Query params:	<none>
Form params:	<none>
Path params:	<none>
Headers:		Accept=*/*
				Content-Type=application/json
Cookies:		<none>
Multiparts:		<none>
Body:
{
    "email": "R3cyilE6Dc@mail.ru",
    "password": "G8JVTwsPMt"
}
Request method:	POST
Request URI:	https://stellarburgers.nomoreparties.site/api/auth/login
Proxy:			<none>
Request params:	<none>
Query params:	<none>
Form params:	<none>
Path params:	<none>
Headers:		Accept=*/*
				Content-Type=application/json
Cookies:		<none>
Multiparts:		<none>
Body:
{
    "email": "R3cyilE6Dc@mail.ru",
    "password": "G8JVTwsPMt"
}
Request method:	POST
Request URI:	https://stellarburgers.nomoreparties.site/api/auth/login
Proxy:			<none>
Request params:	<none>
Query params:	<none>
Form params:	<none>
Path params:	<none>
Headers:		Accept=*/*
				Content-Type=application/json
Cookies:		<none>
Multiparts:		<none>
Body:
{
    "email": "R3cyilE6Dc@mail.ru",
    "password": "G8JVTwsPMt"
}
HTTP/1.1 200 OK
Server: nginx/1.18.0 (Ubuntu)
Date: Tue, 15 Jul 2025 18:41:14 GMT
Content-Type: application/json; charset=utf-8
Content-Length: 367
Connection: keep-alive
X-Powered-By: Express
Access-Control-Allow-Origin: *
ETag: W/"16f-3UrF40f2DJV3CVg5R0lIICkOOjE"

{
    "success": true,
    "accessToken": "Bearer eyJhbGciOiJIUzI1NiIsInR5cCI6IkpXVCJ9.eyJpZCI6IjY4NzZhMGNhOWVkMjgwMDAxYjY1OGJlZiIsImlhdCI6MTc1MjYwNDg3NCwiZXhwIjoxNzUyNjA2MDc0fQ.oaP0sTIRGz-zXgUzW10026i7741agvhboIa4dkJdwtM",
    "refreshToken": "2edfa13629f5b7a6ba88bc344a8b73999d78868d66f439578d1d4758a6564ad7cdba10798670a519",
    "user": {
        "email": "r3cyile6dc@mail.ru",
        "name": "PYwtiUepdo"
    }
}
HTTP/1.1 200 OK
Server: nginx/1.18.0 (Ubuntu)
Date: Tue, 15 Jul 2025 18:41:14 GMT
Content-Type: application/json; charset=utf-8
Content-Length: 367
Connection: keep-alive
X-Powered-By: Express
Access-Control-Allow-Origin: *
ETag: W/"16f-3UrF40f2DJV3CVg5R0lIICkOOjE"

{
    "success": true,
    "accessToken": "Bearer eyJhbGciOiJIUzI1NiIsInR5cCI6IkpXVCJ9.eyJpZCI6IjY4NzZhMGNhOWVkMjgwMDAxYjY1OGJlZiIsImlhdCI6MTc1MjYwNDg3NCwiZXhwIjoxNzUyNjA2MDc0fQ.oaP0sTIRGz-zXgUzW10026i7741agvhboIa4dkJdwtM",
    "refreshToken": "2edfa13629f5b7a6ba88bc344a8b73999d78868d66f439578d1d4758a6564ad7cdba10798670a519",
    "user": {
        "email": "r3cyile6dc@mail.ru",
        "name": "PYwtiUepdo"
    }
}
HTTP/1.1 200 OK
Server: nginx/1.18.0 (Ubuntu)
Date: Tue, 15 Jul 2025 18:41:14 GMT
Content-Type: application/json; charset=utf-8
Content-Length: 367
Connection: keep-alive
X-Powered-By: Express
Access-Control-Allow-Origin: *
ETag: W/"16f-3UrF40f2DJV3CVg5R0lIICkOOjE"

{
    "success": true,
    "accessToken": "Bearer eyJhbGciOiJIUzI1NiIsInR5cCI6IkpXVCJ9.eyJpZCI6IjY4NzZhMGNhOWVkMjgwMDAxYjY1OGJlZiIsImlhdCI6MTc1MjYwNDg3NCwiZXhwIjoxNzUyNjA2MDc0fQ.oaP0sTIRGz-zXgUzW10026i7741agvhboIa4dkJdwtM",
    "refreshToken": "2edfa13629f5b7a6ba88bc344a8b73999d78868d66f439578d1d4758a6564ad7cdba10798670a519",
    "user": {
        "email": "r3cyile6dc@mail.ru",
        "name": "PYwtiUepdo"
    }
}
HTTP/1.1 200 OK
Server: nginx/1.18.0 (Ubuntu)
Date: Tue, 15 Jul 2025 18:41:14 GMT
Content-Type: application/json; charset=utf-8
Content-Length: 367
Connection: keep-alive
X-Powered-By: Express
Access-Control-Allow-Origin: *
ETag: W/"16f-3UrF40f2DJV3CVg5R0lIICkOOjE"

{
    "success": true,
    "accessToken": "Bearer eyJhbGciOiJIUzI1NiIsInR5cCI6IkpXVCJ9.eyJpZCI6IjY4NzZhMGNhOWVkMjgwMDAxYjY1OGJlZiIsImlhdCI6MTc1MjYwNDg3NCwiZXhwIjoxNzUyNjA2MDc0fQ.oaP0sTIRGz-zXgUzW10026i7741agvhboIa4dkJdwtM",
    "refreshToken": "2edfa13629f5b7a6ba88bc344a8b73999d78868d66f439578d1d4758a6564ad7cdba10798670a519",
    "user": {
        "email": "r3cyile6dc@mail.ru",
        "name": "PYwtiUepdo"
    }
}
HTTP/1.1 200 OK
Server: nginx/1.18.0 (Ubuntu)
Date: Tue, 15 Jul 2025 18:41:14 GMT
Content-Type: application/json; charset=utf-8
Content-Length: 367
Connection: keep-alive
X-Powered-By: Express
Access-Control-Allow-Origin: *
ETag: W/"16f-3UrF40f2DJV3CVg5R0lIICkOOjE"

{
    "success": true,
    "accessToken": "Bearer eyJhbGciOiJIUzI1NiIsInR5cCI6IkpXVCJ9.eyJpZCI6IjY4NzZhMGNhOWVkMjgwMDAxYjY1OGJlZiIsImlhdCI6MTc1MjYwNDg3NCwiZXhwIjoxNzUyNjA2MDc0fQ.oaP0sTIRGz-zXgUzW10026i7741agvhboIa4dkJdwtM",
    "refreshToken": "2edfa13629f5b7a6ba88bc344a8b73999d78868d66f439578d1d4758a6564ad7cdba10798670a519",
    "user": {
        "email": "r3cyile6dc@mail.ru",
        "name": "PYwtiUepdo"
    }
}
HTTP/1.1 200 OK
Server: nginx/1.18.0 (Ubuntu)
Date: Tue, 15 Jul 2025 18:41:14 GMT
Content-Type: application/json; charset=utf-8
Content-Length: 367
Connection: keep-alive
X-Powered-By: Express
Access-Control-Allow-Origin: *
ETag: W/"16f-3UrF40f2DJV3CVg5R0lIICkOOjE"

{
    "success": true,
    "accessToken": "Bearer eyJhbGciOiJIUzI1NiIsInR5cCI6IkpXVCJ9.eyJpZCI6IjY4NzZhMGNhOWVkMjgwMDAxYjY1OGJlZiIsImlhdCI6MTc1MjYwNDg3NCwiZXhwIjoxNzUyNjA2MDc0fQ.oaP0sTIRGz-zXgUzW10026i7741agvhboIa4dkJdwtM",
    "refreshToken": "2edfa13629f5b7a6ba88bc344a8b73999d78868d66f439578d1d4758a6564ad7cdba10798670a519",
    "user": {
        "email": "r3cyile6dc@mail.ru",
        "name": "PYwtiUepdo"
    }
}
Request method:	POST
Request URI:	https://stellarburgers.nomoreparties.site/api/orders
Proxy:			<none>
Request params:	<none>
Query params:	<none>
Form params:	<none>
Path params:	<none>
Headers:		Authorization=Bearer eyJhbGciOiJIUzI1NiIsInR5cCI6IkpXVCJ9.eyJpZCI6IjY4NzZhMGNhOWVkMjgwMDAxYjY1OGJlZiIsImlhdCI6MTc1MjYwNDg3NCwiZXhwIjoxNzUyNjA2MDc0fQ.oaP0sTIRGz-zXgUzW10026i7741agvhboIa4dkJdwtM
				Accept=*/*
				Content-Type=application/json
Cookies:		<none>
Multiparts:		<none>
Body:
{
    "ingredients": [
        "11111111111111111111"
    ]
}
Request method:	POST
Request URI:	https://stellarburgers.nomoreparties.site/api/orders
Proxy:			<none>
Request params:	<none>
Query params:	<none>
Form params:	<none>
Path params:	<none>
Headers:		Authorization=Bearer eyJhbGciOiJIUzI1NiIsInR5cCI6IkpXVCJ9.eyJpZCI6IjY4NzZhMGNhOWVkMjgwMDAxYjY1OGJlZiIsImlhdCI6MTc1MjYwNDg3NCwiZXhwIjoxNzUyNjA2MDc0fQ.oaP0sTIRGz-zXgUzW10026i7741agvhboIa4dkJdwtM
				Accept=*/*
				Content-Type=application/json
Cookies:		<none>
Multiparts:		<none>
Body:
{
    "ingredients": [
        "11111111111111111111"
    ]
}
Request method:	POST
Request URI:	https://stellarburgers.nomoreparties.site/api/orders
Proxy:			<none>
Request params:	<none>
Query params:	<none>
Form params:	<none>
Path params:	<none>
Headers:		Authorization=Bearer eyJhbGciOiJIUzI1NiIsInR5cCI6IkpXVCJ9.eyJpZCI6IjY4NzZhMGNhOWVkMjgwMDAxYjY1OGJlZiIsImlhdCI6MTc1MjYwNDg3NCwiZXhwIjoxNzUyNjA2MDc0fQ.oaP0sTIRGz-zXgUzW10026i7741agvhboIa4dkJdwtM
				Accept=*/*
				Content-Type=application/json
Cookies:		<none>
Multiparts:		<none>
Body:
{
    "ingredients": [
        "11111111111111111111"
    ]
}
Request method:	POST
Request URI:	https://stellarburgers.nomoreparties.site/api/orders
Proxy:			<none>
Request params:	<none>
Query params:	<none>
Form params:	<none>
Path params:	<none>
Headers:		Authorization=Bearer eyJhbGciOiJIUzI1NiIsInR5cCI6IkpXVCJ9.eyJpZCI6IjY4NzZhMGNhOWVkMjgwMDAxYjY1OGJlZiIsImlhdCI6MTc1MjYwNDg3NCwiZXhwIjoxNzUyNjA2MDc0fQ.oaP0sTIRGz-zXgUzW10026i7741agvhboIa4dkJdwtM
				Accept=*/*
				Content-Type=application/json
Cookies:		<none>
Multiparts:		<none>
Body:
{
    "ingredients": [
        "11111111111111111111"
    ]
}
Request method:	POST
Request URI:	https://stellarburgers.nomoreparties.site/api/orders
Proxy:			<none>
Request params:	<none>
Query params:	<none>
Form params:	<none>
Path params:	<none>
Headers:		Authorization=Bearer eyJhbGciOiJIUzI1NiIsInR5cCI6IkpXVCJ9.eyJpZCI6IjY4NzZhMGNhOWVkMjgwMDAxYjY1OGJlZiIsImlhdCI6MTc1MjYwNDg3NCwiZXhwIjoxNzUyNjA2MDc0fQ.oaP0sTIRGz-zXgUzW10026i7741agvhboIa4dkJdwtM
				Accept=*/*
				Content-Type=application/json
Cookies:		<none>
Multiparts:		<none>
Body:
{
    "ingredients": [
        "11111111111111111111"
    ]
}
Request method:	POST
Request URI:	https://stellarburgers.nomoreparties.site/api/orders
Proxy:			<none>
Request params:	<none>
Query params:	<none>
Form params:	<none>
Path params:	<none>
Headers:		Authorization=Bearer eyJhbGciOiJIUzI1NiIsInR5cCI6IkpXVCJ9.eyJpZCI6IjY4NzZhMGNhOWVkMjgwMDAxYjY1OGJlZiIsImlhdCI6MTc1MjYwNDg3NCwiZXhwIjoxNzUyNjA2MDc0fQ.oaP0sTIRGz-zXgUzW10026i7741agvhboIa4dkJdwtM
				Accept=*/*
				Content-Type=application/json
Cookies:		<none>
Multiparts:		<none>
Body:
{
    "ingredients": [
        "11111111111111111111"
    ]
}
HTTP/1.1 500 Internal Server Error
Server: nginx/1.18.0 (Ubuntu)
Date: Tue, 15 Jul 2025 18:41:14 GMT
Content-Type: text/html; charset=utf-8
Content-Length: 148
Connection: keep-alive
X-Powered-By: Express
Access-Control-Allow-Origin: *
Content-Security-Policy: default-src 'none'
X-Content-Type-Options: nosniff

<html lang="en">
  <head>
    <meta charset="utf-8"/>
    <title>Error</title>
  </head>
  <body>
    <pre>Internal Server Error</pre>
  </body>
</html>
HTTP/1.1 500 Internal Server Error
Server: nginx/1.18.0 (Ubuntu)
Date: Tue, 15 Jul 2025 18:41:14 GMT
Content-Type: text/html; charset=utf-8
Content-Length: 148
Connection: keep-alive
X-Powered-By: Express
Access-Control-Allow-Origin: *
Content-Security-Policy: default-src 'none'
X-Content-Type-Options: nosniff

<html lang="en">
  <head>
    <meta charset="utf-8"/>
    <title>Error</title>
  </head>
  <body>
    <pre>Internal Server Error</pre>
  </body>
</html>
HTTP/1.1 500 Internal Server Error
Server: nginx/1.18.0 (Ubuntu)
Date: Tue, 15 Jul 2025 18:41:14 GMT
Content-Type: text/html; charset=utf-8
Content-Length: 148
Connection: keep-alive
X-Powered-By: Express
Access-Control-Allow-Origin: *
Content-Security-Policy: default-src 'none'
X-Content-Type-Options: nosniff

<html lang="en">
  <head>
    <meta charset="utf-8"/>
    <title>Error</title>
  </head>
  <body>
    <pre>Internal Server Error</pre>
  </body>
</html>
HTTP/1.1 500 Internal Server Error
Server: nginx/1.18.0 (Ubuntu)
Date: Tue, 15 Jul 2025 18:41:14 GMT
Content-Type: text/html; charset=utf-8
Content-Length: 148
Connection: keep-alive
X-Powered-By: Express
Access-Control-Allow-Origin: *
Content-Security-Policy: default-src 'none'
X-Content-Type-Options: nosniff

<html lang="en">
  <head>
    <meta charset="utf-8"/>
    <title>Error</title>
  </head>
  <body>
    <pre>Internal Server Error</pre>
  </body>
</html>
HTTP/1.1 500 Internal Server Error
Server: nginx/1.18.0 (Ubuntu)
Date: Tue, 15 Jul 2025 18:41:14 GMT
Content-Type: text/html; charset=utf-8
Content-Length: 148
Connection: keep-alive
X-Powered-By: Express
Access-Control-Allow-Origin: *
Content-Security-Policy: default-src 'none'
X-Content-Type-Options: nosniff

<html lang="en">
  <head>
    <meta charset="utf-8"/>
    <title>Error</title>
  </head>
  <body>
    <pre>Internal Server Error</pre>
  </body>
</html>
HTTP/1.1 500 Internal Server Error
Server: nginx/1.18.0 (Ubuntu)
Date: Tue, 15 Jul 2025 18:41:14 GMT
Content-Type: text/html; charset=utf-8
Content-Length: 148
Connection: keep-alive
X-Powered-By: Express
Access-Control-Allow-Origin: *
Content-Security-Policy: default-src 'none'
X-Content-Type-Options: nosniff

<html lang="en">
  <head>
    <meta charset="utf-8"/>
    <title>Error</title>
  </head>
  <body>
    <pre>Internal Server Error</pre>
  </body>
</html>
Request method:	DELETE
Request URI:	https://stellarburgers.nomoreparties.site/api/auth/user
Proxy:			<none>
Request params:	<none>
Query params:	<none>
Form params:	<none>
Path params:	<none>
Headers:		Authorization=Bearer eyJhbGciOiJIUzI1NiIsInR5cCI6IkpXVCJ9.eyJpZCI6IjY4NzZhMGNhOWVkMjgwMDAxYjY1OGJlZiIsImlhdCI6MTc1MjYwNDg3NCwiZXhwIjoxNzUyNjA2MDc0fQ.oaP0sTIRGz-zXgUzW10026i7741agvhboIa4dkJdwtM
				Accept=*/*
				Content-Type=application/json
Cookies:		<none>
Multiparts:		<none>
Body:			<none>
Request method:	DELETE
Request URI:	https://stellarburgers.nomoreparties.site/api/auth/user
Proxy:			<none>
Request params:	<none>
Query params:	<none>
Form params:	<none>
Path params:	<none>
Headers:		Authorization=Bearer eyJhbGciOiJIUzI1NiIsInR5cCI6IkpXVCJ9.eyJpZCI6IjY4NzZhMGNhOWVkMjgwMDAxYjY1OGJlZiIsImlhdCI6MTc1MjYwNDg3NCwiZXhwIjoxNzUyNjA2MDc0fQ.oaP0sTIRGz-zXgUzW10026i7741agvhboIa4dkJdwtM
				Accept=*/*
				Content-Type=application/json
Cookies:		<none>
Multiparts:		<none>
Body:			<none>
Request method:	DELETE
Request URI:	https://stellarburgers.nomoreparties.site/api/auth/user
Proxy:			<none>
Request params:	<none>
Query params:	<none>
Form params:	<none>
Path params:	<none>
Headers:		Authorization=Bearer eyJhbGciOiJIUzI1NiIsInR5cCI6IkpXVCJ9.eyJpZCI6IjY4NzZhMGNhOWVkMjgwMDAxYjY1OGJlZiIsImlhdCI6MTc1MjYwNDg3NCwiZXhwIjoxNzUyNjA2MDc0fQ.oaP0sTIRGz-zXgUzW10026i7741agvhboIa4dkJdwtM
				Accept=*/*
				Content-Type=application/json
Cookies:		<none>
Multiparts:		<none>
Body:			<none>
Request method:	DELETE
Request URI:	https://stellarburgers.nomoreparties.site/api/auth/user
Proxy:			<none>
Request params:	<none>
Query params:	<none>
Form params:	<none>
Path params:	<none>
Headers:		Authorization=Bearer eyJhbGciOiJIUzI1NiIsInR5cCI6IkpXVCJ9.eyJpZCI6IjY4NzZhMGNhOWVkMjgwMDAxYjY1OGJlZiIsImlhdCI6MTc1MjYwNDg3NCwiZXhwIjoxNzUyNjA2MDc0fQ.oaP0sTIRGz-zXgUzW10026i7741agvhboIa4dkJdwtM
				Accept=*/*
				Content-Type=application/json
Cookies:		<none>
Multiparts:		<none>
Body:			<none>
Request method:	DELETE
Request URI:	https://stellarburgers.nomoreparties.site/api/auth/user
Proxy:			<none>
Request params:	<none>
Query params:	<none>
Form params:	<none>
Path params:	<none>
Headers:		Authorization=Bearer eyJhbGciOiJIUzI1NiIsInR5cCI6IkpXVCJ9.eyJpZCI6IjY4NzZhMGNhOWVkMjgwMDAxYjY1OGJlZiIsImlhdCI6MTc1MjYwNDg3NCwiZXhwIjoxNzUyNjA2MDc0fQ.oaP0sTIRGz-zXgUzW10026i7741agvhboIa4dkJdwtM
				Accept=*/*
				Content-Type=application/json
Cookies:		<none>
Multiparts:		<none>
Body:			<none>
Request method:	DELETE
Request URI:	https://stellarburgers.nomoreparties.site/api/auth/user
Proxy:			<none>
Request params:	<none>
Query params:	<none>
Form params:	<none>
Path params:	<none>
Headers:		Authorization=Bearer eyJhbGciOiJIUzI1NiIsInR5cCI6IkpXVCJ9.eyJpZCI6IjY4NzZhMGNhOWVkMjgwMDAxYjY1OGJlZiIsImlhdCI6MTc1MjYwNDg3NCwiZXhwIjoxNzUyNjA2MDc0fQ.oaP0sTIRGz-zXgUzW10026i7741agvhboIa4dkJdwtM
				Accept=*/*
				Content-Type=application/json
Cookies:		<none>
Multiparts:		<none>
Body:			<none>
HTTP/1.1 202 Accepted
Server: nginx/1.18.0 (Ubuntu)
Date: Tue, 15 Jul 2025 18:41:15 GMT
Content-Type: application/json; charset=utf-8
Content-Length: 54
Connection: keep-alive
X-Powered-By: Express
Access-Control-Allow-Origin: *
ETag: W/"36-hDmZnQ3Ou/ynnqAeC6TYmyseuzY"

{
    "success": true,
    "message": "User successfully removed"
}
HTTP/1.1 202 Accepted
Server: nginx/1.18.0 (Ubuntu)
Date: Tue, 15 Jul 2025 18:41:15 GMT
Content-Type: application/json; charset=utf-8
Content-Length: 54
Connection: keep-alive
X-Powered-By: Express
Access-Control-Allow-Origin: *
ETag: W/"36-hDmZnQ3Ou/ynnqAeC6TYmyseuzY"

{
    "success": true,
    "message": "User successfully removed"
}
HTTP/1.1 202 Accepted
Server: nginx/1.18.0 (Ubuntu)
Date: Tue, 15 Jul 2025 18:41:15 GMT
Content-Type: application/json; charset=utf-8
Content-Length: 54
Connection: keep-alive
X-Powered-By: Express
Access-Control-Allow-Origin: *
ETag: W/"36-hDmZnQ3Ou/ynnqAeC6TYmyseuzY"

{
    "success": true,
    "message": "User successfully removed"
}
HTTP/1.1 202 Accepted
Server: nginx/1.18.0 (Ubuntu)
Date: Tue, 15 Jul 2025 18:41:15 GMT
Content-Type: application/json; charset=utf-8
Content-Length: 54
Connection: keep-alive
X-Powered-By: Express
Access-Control-Allow-Origin: *
ETag: W/"36-hDmZnQ3Ou/ynnqAeC6TYmyseuzY"

{
    "success": true,
    "message": "User successfully removed"
}
HTTP/1.1 202 Accepted
Server: nginx/1.18.0 (Ubuntu)
Date: Tue, 15 Jul 2025 18:41:15 GMT
Content-Type: application/json; charset=utf-8
Content-Length: 54
Connection: keep-alive
X-Powered-By: Express
Access-Control-Allow-Origin: *
ETag: W/"36-hDmZnQ3Ou/ynnqAeC6TYmyseuzY"

{
    "success": true,
    "message": "User successfully removed"
}
HTTP/1.1 202 Accepted
Server: nginx/1.18.0 (Ubuntu)
Date: Tue, 15 Jul 2025 18:41:15 GMT
Content-Type: application/json; charset=utf-8
Content-Length: 54
Connection: keep-alive
X-Powered-By: Express
Access-Control-Allow-Origin: *
ETag: W/"36-hDmZnQ3Ou/ynnqAeC6TYmyseuzY"

{
    "success": true,
    "message": "User successfully removed"
}
]]></system-out>
  </testcase>
  <testcase name="getOrdersWithoutAuthTest" classname="OrderTest" time="1.196">
    <system-out><![CDATA[Request method:	POST
Request URI:	https://stellarburgers.nomoreparties.site/api/auth/register
Proxy:			<none>
Request params:	<none>
Query params:	<none>
Form params:	<none>
Path params:	<none>
Headers:		Accept=*/*
				Content-Type=application/json
Cookies:		<none>
Multiparts:		<none>
Body:
{
    "email": "yrjBiwFRG5@mail.ru",
    "password": "OCtsTzTfyT",
    "name": "CwxhVdzZlb"
}
Request method:	POST
Request URI:	https://stellarburgers.nomoreparties.site/api/auth/register
Proxy:			<none>
Request params:	<none>
Query params:	<none>
Form params:	<none>
Path params:	<none>
Headers:		Accept=*/*
				Content-Type=application/json
Cookies:		<none>
Multiparts:		<none>
Body:
{
    "email": "yrjBiwFRG5@mail.ru",
    "password": "OCtsTzTfyT",
    "name": "CwxhVdzZlb"
}
Request method:	POST
Request URI:	https://stellarburgers.nomoreparties.site/api/auth/register
Proxy:			<none>
Request params:	<none>
Query params:	<none>
Form params:	<none>
Path params:	<none>
Headers:		Accept=*/*
				Content-Type=application/json
Cookies:		<none>
Multiparts:		<none>
Body:
{
    "email": "yrjBiwFRG5@mail.ru",
    "password": "OCtsTzTfyT",
    "name": "CwxhVdzZlb"
}
Request method:	POST
Request URI:	https://stellarburgers.nomoreparties.site/api/auth/register
Proxy:			<none>
Request params:	<none>
Query params:	<none>
Form params:	<none>
Path params:	<none>
Headers:		Accept=*/*
				Content-Type=application/json
Cookies:		<none>
Multiparts:		<none>
Body:
{
    "email": "yrjBiwFRG5@mail.ru",
    "password": "OCtsTzTfyT",
    "name": "CwxhVdzZlb"
}
Request method:	POST
Request URI:	https://stellarburgers.nomoreparties.site/api/auth/register
Proxy:			<none>
Request params:	<none>
Query params:	<none>
Form params:	<none>
Path params:	<none>
Headers:		Accept=*/*
				Content-Type=application/json
Cookies:		<none>
Multiparts:		<none>
Body:
{
    "email": "yrjBiwFRG5@mail.ru",
    "password": "OCtsTzTfyT",
    "name": "CwxhVdzZlb"
}
Request method:	POST
Request URI:	https://stellarburgers.nomoreparties.site/api/auth/register
Proxy:			<none>
Request params:	<none>
Query params:	<none>
Form params:	<none>
Path params:	<none>
Headers:		Accept=*/*
				Content-Type=application/json
Cookies:		<none>
Multiparts:		<none>
Body:
{
    "email": "yrjBiwFRG5@mail.ru",
    "password": "OCtsTzTfyT",
    "name": "CwxhVdzZlb"
}
Request method:	POST
Request URI:	https://stellarburgers.nomoreparties.site/api/auth/register
Proxy:			<none>
Request params:	<none>
Query params:	<none>
Form params:	<none>
Path params:	<none>
Headers:		Accept=*/*
				Content-Type=application/json
Cookies:		<none>
Multiparts:		<none>
Body:
{
    "email": "yrjBiwFRG5@mail.ru",
    "password": "OCtsTzTfyT",
    "name": "CwxhVdzZlb"
}
HTTP/1.1 200 OK
Server: nginx/1.18.0 (Ubuntu)
Date: Tue, 15 Jul 2025 18:41:15 GMT
Content-Type: application/json; charset=utf-8
Content-Length: 367
Connection: keep-alive
X-Powered-By: Express
Access-Control-Allow-Origin: *
authorization: Bearer eyJhbGciOiJIUzI1NiIsInR5cCI6IkpXVCJ9.eyJpZCI6IjY4NzZhMGNiOWVkMjgwMDAxYjY1OGJmMiIsImlhdCI6MTc1MjYwNDg3NSwiZXhwIjoxNzUyNjA2MDc1fQ.dI62okqws7eJQoBBFVqsyyRXPe0rCsCu2vu2Yp7MG9M
ETag: W/"16f-oCefeveLLb5fmNpA0LeRNFMXV5c"

{
    "success": true,
    "user": {
        "email": "yrjbiwfrg5@mail.ru",
        "name": "CwxhVdzZlb"
    },
    "accessToken": "Bearer eyJhbGciOiJIUzI1NiIsInR5cCI6IkpXVCJ9.eyJpZCI6IjY4NzZhMGNiOWVkMjgwMDAxYjY1OGJmMiIsImlhdCI6MTc1MjYwNDg3NSwiZXhwIjoxNzUyNjA2MDc1fQ.dI62okqws7eJQoBBFVqsyyRXPe0rCsCu2vu2Yp7MG9M",
    "refreshToken": "7ab91db6179ecef88e8fd517ca020a5d7a59b1b4d244dd5a6eaa4b009022f3fba9d83fa59c2af934"
}
HTTP/1.1 200 OK
Server: nginx/1.18.0 (Ubuntu)
Date: Tue, 15 Jul 2025 18:41:15 GMT
Content-Type: application/json; charset=utf-8
Content-Length: 367
Connection: keep-alive
X-Powered-By: Express
Access-Control-Allow-Origin: *
authorization: Bearer eyJhbGciOiJIUzI1NiIsInR5cCI6IkpXVCJ9.eyJpZCI6IjY4NzZhMGNiOWVkMjgwMDAxYjY1OGJmMiIsImlhdCI6MTc1MjYwNDg3NSwiZXhwIjoxNzUyNjA2MDc1fQ.dI62okqws7eJQoBBFVqsyyRXPe0rCsCu2vu2Yp7MG9M
ETag: W/"16f-oCefeveLLb5fmNpA0LeRNFMXV5c"

{
    "success": true,
    "user": {
        "email": "yrjbiwfrg5@mail.ru",
        "name": "CwxhVdzZlb"
    },
    "accessToken": "Bearer eyJhbGciOiJIUzI1NiIsInR5cCI6IkpXVCJ9.eyJpZCI6IjY4NzZhMGNiOWVkMjgwMDAxYjY1OGJmMiIsImlhdCI6MTc1MjYwNDg3NSwiZXhwIjoxNzUyNjA2MDc1fQ.dI62okqws7eJQoBBFVqsyyRXPe0rCsCu2vu2Yp7MG9M",
    "refreshToken": "7ab91db6179ecef88e8fd517ca020a5d7a59b1b4d244dd5a6eaa4b009022f3fba9d83fa59c2af934"
}
HTTP/1.1 200 OK
Server: nginx/1.18.0 (Ubuntu)
Date: Tue, 15 Jul 2025 18:41:15 GMT
Content-Type: application/json; charset=utf-8
Content-Length: 367
Connection: keep-alive
X-Powered-By: Express
Access-Control-Allow-Origin: *
authorization: Bearer eyJhbGciOiJIUzI1NiIsInR5cCI6IkpXVCJ9.eyJpZCI6IjY4NzZhMGNiOWVkMjgwMDAxYjY1OGJmMiIsImlhdCI6MTc1MjYwNDg3NSwiZXhwIjoxNzUyNjA2MDc1fQ.dI62okqws7eJQoBBFVqsyyRXPe0rCsCu2vu2Yp7MG9M
ETag: W/"16f-oCefeveLLb5fmNpA0LeRNFMXV5c"

{
    "success": true,
    "user": {
        "email": "yrjbiwfrg5@mail.ru",
        "name": "CwxhVdzZlb"
    },
    "accessToken": "Bearer eyJhbGciOiJIUzI1NiIsInR5cCI6IkpXVCJ9.eyJpZCI6IjY4NzZhMGNiOWVkMjgwMDAxYjY1OGJmMiIsImlhdCI6MTc1MjYwNDg3NSwiZXhwIjoxNzUyNjA2MDc1fQ.dI62okqws7eJQoBBFVqsyyRXPe0rCsCu2vu2Yp7MG9M",
    "refreshToken": "7ab91db6179ecef88e8fd517ca020a5d7a59b1b4d244dd5a6eaa4b009022f3fba9d83fa59c2af934"
}
HTTP/1.1 200 OK
Server: nginx/1.18.0 (Ubuntu)
Date: Tue, 15 Jul 2025 18:41:15 GMT
Content-Type: application/json; charset=utf-8
Content-Length: 367
Connection: keep-alive
X-Powered-By: Express
Access-Control-Allow-Origin: *
authorization: Bearer eyJhbGciOiJIUzI1NiIsInR5cCI6IkpXVCJ9.eyJpZCI6IjY4NzZhMGNiOWVkMjgwMDAxYjY1OGJmMiIsImlhdCI6MTc1MjYwNDg3NSwiZXhwIjoxNzUyNjA2MDc1fQ.dI62okqws7eJQoBBFVqsyyRXPe0rCsCu2vu2Yp7MG9M
ETag: W/"16f-oCefeveLLb5fmNpA0LeRNFMXV5c"

{
    "success": true,
    "user": {
        "email": "yrjbiwfrg5@mail.ru",
        "name": "CwxhVdzZlb"
    },
    "accessToken": "Bearer eyJhbGciOiJIUzI1NiIsInR5cCI6IkpXVCJ9.eyJpZCI6IjY4NzZhMGNiOWVkMjgwMDAxYjY1OGJmMiIsImlhdCI6MTc1MjYwNDg3NSwiZXhwIjoxNzUyNjA2MDc1fQ.dI62okqws7eJQoBBFVqsyyRXPe0rCsCu2vu2Yp7MG9M",
    "refreshToken": "7ab91db6179ecef88e8fd517ca020a5d7a59b1b4d244dd5a6eaa4b009022f3fba9d83fa59c2af934"
}
HTTP/1.1 200 OK
Server: nginx/1.18.0 (Ubuntu)
Date: Tue, 15 Jul 2025 18:41:15 GMT
Content-Type: application/json; charset=utf-8
Content-Length: 367
Connection: keep-alive
X-Powered-By: Express
Access-Control-Allow-Origin: *
authorization: Bearer eyJhbGciOiJIUzI1NiIsInR5cCI6IkpXVCJ9.eyJpZCI6IjY4NzZhMGNiOWVkMjgwMDAxYjY1OGJmMiIsImlhdCI6MTc1MjYwNDg3NSwiZXhwIjoxNzUyNjA2MDc1fQ.dI62okqws7eJQoBBFVqsyyRXPe0rCsCu2vu2Yp7MG9M
ETag: W/"16f-oCefeveLLb5fmNpA0LeRNFMXV5c"

{
    "success": true,
    "user": {
        "email": "yrjbiwfrg5@mail.ru",
        "name": "CwxhVdzZlb"
    },
    "accessToken": "Bearer eyJhbGciOiJIUzI1NiIsInR5cCI6IkpXVCJ9.eyJpZCI6IjY4NzZhMGNiOWVkMjgwMDAxYjY1OGJmMiIsImlhdCI6MTc1MjYwNDg3NSwiZXhwIjoxNzUyNjA2MDc1fQ.dI62okqws7eJQoBBFVqsyyRXPe0rCsCu2vu2Yp7MG9M",
    "refreshToken": "7ab91db6179ecef88e8fd517ca020a5d7a59b1b4d244dd5a6eaa4b009022f3fba9d83fa59c2af934"
}
HTTP/1.1 200 OK
Server: nginx/1.18.0 (Ubuntu)
Date: Tue, 15 Jul 2025 18:41:15 GMT
Content-Type: application/json; charset=utf-8
Content-Length: 367
Connection: keep-alive
X-Powered-By: Express
Access-Control-Allow-Origin: *
authorization: Bearer eyJhbGciOiJIUzI1NiIsInR5cCI6IkpXVCJ9.eyJpZCI6IjY4NzZhMGNiOWVkMjgwMDAxYjY1OGJmMiIsImlhdCI6MTc1MjYwNDg3NSwiZXhwIjoxNzUyNjA2MDc1fQ.dI62okqws7eJQoBBFVqsyyRXPe0rCsCu2vu2Yp7MG9M
ETag: W/"16f-oCefeveLLb5fmNpA0LeRNFMXV5c"

{
    "success": true,
    "user": {
        "email": "yrjbiwfrg5@mail.ru",
        "name": "CwxhVdzZlb"
    },
    "accessToken": "Bearer eyJhbGciOiJIUzI1NiIsInR5cCI6IkpXVCJ9.eyJpZCI6IjY4NzZhMGNiOWVkMjgwMDAxYjY1OGJmMiIsImlhdCI6MTc1MjYwNDg3NSwiZXhwIjoxNzUyNjA2MDc1fQ.dI62okqws7eJQoBBFVqsyyRXPe0rCsCu2vu2Yp7MG9M",
    "refreshToken": "7ab91db6179ecef88e8fd517ca020a5d7a59b1b4d244dd5a6eaa4b009022f3fba9d83fa59c2af934"
}
HTTP/1.1 200 OK
Server: nginx/1.18.0 (Ubuntu)
Date: Tue, 15 Jul 2025 18:41:15 GMT
Content-Type: application/json; charset=utf-8
Content-Length: 367
Connection: keep-alive
X-Powered-By: Express
Access-Control-Allow-Origin: *
authorization: Bearer eyJhbGciOiJIUzI1NiIsInR5cCI6IkpXVCJ9.eyJpZCI6IjY4NzZhMGNiOWVkMjgwMDAxYjY1OGJmMiIsImlhdCI6MTc1MjYwNDg3NSwiZXhwIjoxNzUyNjA2MDc1fQ.dI62okqws7eJQoBBFVqsyyRXPe0rCsCu2vu2Yp7MG9M
ETag: W/"16f-oCefeveLLb5fmNpA0LeRNFMXV5c"

{
    "success": true,
    "user": {
        "email": "yrjbiwfrg5@mail.ru",
        "name": "CwxhVdzZlb"
    },
    "accessToken": "Bearer eyJhbGciOiJIUzI1NiIsInR5cCI6IkpXVCJ9.eyJpZCI6IjY4NzZhMGNiOWVkMjgwMDAxYjY1OGJmMiIsImlhdCI6MTc1MjYwNDg3NSwiZXhwIjoxNzUyNjA2MDc1fQ.dI62okqws7eJQoBBFVqsyyRXPe0rCsCu2vu2Yp7MG9M",
    "refreshToken": "7ab91db6179ecef88e8fd517ca020a5d7a59b1b4d244dd5a6eaa4b009022f3fba9d83fa59c2af934"
}
Request method:	POST
Request URI:	https://stellarburgers.nomoreparties.site/api/auth/login
Proxy:			<none>
Request params:	<none>
Query params:	<none>
Form params:	<none>
Path params:	<none>
Headers:		Accept=*/*
				Content-Type=application/json
Cookies:		<none>
Multiparts:		<none>
Body:
{
    "email": "yrjBiwFRG5@mail.ru",
    "password": "OCtsTzTfyT"
}
Request method:	POST
Request URI:	https://stellarburgers.nomoreparties.site/api/auth/login
Proxy:			<none>
Request params:	<none>
Query params:	<none>
Form params:	<none>
Path params:	<none>
Headers:		Accept=*/*
				Content-Type=application/json
Cookies:		<none>
Multiparts:		<none>
Body:
{
    "email": "yrjBiwFRG5@mail.ru",
    "password": "OCtsTzTfyT"
}
Request method:	POST
Request URI:	https://stellarburgers.nomoreparties.site/api/auth/login
Proxy:			<none>
Request params:	<none>
Query params:	<none>
Form params:	<none>
Path params:	<none>
Headers:		Accept=*/*
				Content-Type=application/json
Cookies:		<none>
Multiparts:		<none>
Body:
{
    "email": "yrjBiwFRG5@mail.ru",
    "password": "OCtsTzTfyT"
}
Request method:	POST
Request URI:	https://stellarburgers.nomoreparties.site/api/auth/login
Proxy:			<none>
Request params:	<none>
Query params:	<none>
Form params:	<none>
Path params:	<none>
Headers:		Accept=*/*
				Content-Type=application/json
Cookies:		<none>
Multiparts:		<none>
Body:
{
    "email": "yrjBiwFRG5@mail.ru",
    "password": "OCtsTzTfyT"
}
Request method:	POST
Request URI:	https://stellarburgers.nomoreparties.site/api/auth/login
Proxy:			<none>
Request params:	<none>
Query params:	<none>
Form params:	<none>
Path params:	<none>
Headers:		Accept=*/*
				Content-Type=application/json
Cookies:		<none>
Multiparts:		<none>
Body:
{
    "email": "yrjBiwFRG5@mail.ru",
    "password": "OCtsTzTfyT"
}
Request method:	POST
Request URI:	https://stellarburgers.nomoreparties.site/api/auth/login
Proxy:			<none>
Request params:	<none>
Query params:	<none>
Form params:	<none>
Path params:	<none>
Headers:		Accept=*/*
				Content-Type=application/json
Cookies:		<none>
Multiparts:		<none>
Body:
{
    "email": "yrjBiwFRG5@mail.ru",
    "password": "OCtsTzTfyT"
}
Request method:	POST
Request URI:	https://stellarburgers.nomoreparties.site/api/auth/login
Proxy:			<none>
Request params:	<none>
Query params:	<none>
Form params:	<none>
Path params:	<none>
Headers:		Accept=*/*
				Content-Type=application/json
Cookies:		<none>
Multiparts:		<none>
Body:
{
    "email": "yrjBiwFRG5@mail.ru",
    "password": "OCtsTzTfyT"
}
HTTP/1.1 200 OK
Server: nginx/1.18.0 (Ubuntu)
Date: Tue, 15 Jul 2025 18:41:15 GMT
Content-Type: application/json; charset=utf-8
Content-Length: 367
Connection: keep-alive
X-Powered-By: Express
Access-Control-Allow-Origin: *
ETag: W/"16f-AgSJPjNngnQL5QlVNoBFAcfwUAA"

{
    "success": true,
    "accessToken": "Bearer eyJhbGciOiJIUzI1NiIsInR5cCI6IkpXVCJ9.eyJpZCI6IjY4NzZhMGNiOWVkMjgwMDAxYjY1OGJmMiIsImlhdCI6MTc1MjYwNDg3NSwiZXhwIjoxNzUyNjA2MDc1fQ.dI62okqws7eJQoBBFVqsyyRXPe0rCsCu2vu2Yp7MG9M",
    "refreshToken": "7170c926a4f590d460a94380c1b36375b5f24940c890762bb7bda0de7ea6b9157d0f1f4fb50f3221",
    "user": {
        "email": "yrjbiwfrg5@mail.ru",
        "name": "CwxhVdzZlb"
    }
}
HTTP/1.1 200 OK
Server: nginx/1.18.0 (Ubuntu)
Date: Tue, 15 Jul 2025 18:41:15 GMT
Content-Type: application/json; charset=utf-8
Content-Length: 367
Connection: keep-alive
X-Powered-By: Express
Access-Control-Allow-Origin: *
ETag: W/"16f-AgSJPjNngnQL5QlVNoBFAcfwUAA"

{
    "success": true,
    "accessToken": "Bearer eyJhbGciOiJIUzI1NiIsInR5cCI6IkpXVCJ9.eyJpZCI6IjY4NzZhMGNiOWVkMjgwMDAxYjY1OGJmMiIsImlhdCI6MTc1MjYwNDg3NSwiZXhwIjoxNzUyNjA2MDc1fQ.dI62okqws7eJQoBBFVqsyyRXPe0rCsCu2vu2Yp7MG9M",
    "refreshToken": "7170c926a4f590d460a94380c1b36375b5f24940c890762bb7bda0de7ea6b9157d0f1f4fb50f3221",
    "user": {
        "email": "yrjbiwfrg5@mail.ru",
        "name": "CwxhVdzZlb"
    }
}
HTTP/1.1 200 OK
Server: nginx/1.18.0 (Ubuntu)
Date: Tue, 15 Jul 2025 18:41:15 GMT
Content-Type: application/json; charset=utf-8
Content-Length: 367
Connection: keep-alive
X-Powered-By: Express
Access-Control-Allow-Origin: *
ETag: W/"16f-AgSJPjNngnQL5QlVNoBFAcfwUAA"

{
    "success": true,
    "accessToken": "Bearer eyJhbGciOiJIUzI1NiIsInR5cCI6IkpXVCJ9.eyJpZCI6IjY4NzZhMGNiOWVkMjgwMDAxYjY1OGJmMiIsImlhdCI6MTc1MjYwNDg3NSwiZXhwIjoxNzUyNjA2MDc1fQ.dI62okqws7eJQoBBFVqsyyRXPe0rCsCu2vu2Yp7MG9M",
    "refreshToken": "7170c926a4f590d460a94380c1b36375b5f24940c890762bb7bda0de7ea6b9157d0f1f4fb50f3221",
    "user": {
        "email": "yrjbiwfrg5@mail.ru",
        "name": "CwxhVdzZlb"
    }
}
HTTP/1.1 200 OK
Server: nginx/1.18.0 (Ubuntu)
Date: Tue, 15 Jul 2025 18:41:15 GMT
Content-Type: application/json; charset=utf-8
Content-Length: 367
Connection: keep-alive
X-Powered-By: Express
Access-Control-Allow-Origin: *
ETag: W/"16f-AgSJPjNngnQL5QlVNoBFAcfwUAA"

{
    "success": true,
    "accessToken": "Bearer eyJhbGciOiJIUzI1NiIsInR5cCI6IkpXVCJ9.eyJpZCI6IjY4NzZhMGNiOWVkMjgwMDAxYjY1OGJmMiIsImlhdCI6MTc1MjYwNDg3NSwiZXhwIjoxNzUyNjA2MDc1fQ.dI62okqws7eJQoBBFVqsyyRXPe0rCsCu2vu2Yp7MG9M",
    "refreshToken": "7170c926a4f590d460a94380c1b36375b5f24940c890762bb7bda0de7ea6b9157d0f1f4fb50f3221",
    "user": {
        "email": "yrjbiwfrg5@mail.ru",
        "name": "CwxhVdzZlb"
    }
}
HTTP/1.1 200 OK
Server: nginx/1.18.0 (Ubuntu)
Date: Tue, 15 Jul 2025 18:41:15 GMT
Content-Type: application/json; charset=utf-8
Content-Length: 367
Connection: keep-alive
X-Powered-By: Express
Access-Control-Allow-Origin: *
ETag: W/"16f-AgSJPjNngnQL5QlVNoBFAcfwUAA"

{
    "success": true,
    "accessToken": "Bearer eyJhbGciOiJIUzI1NiIsInR5cCI6IkpXVCJ9.eyJpZCI6IjY4NzZhMGNiOWVkMjgwMDAxYjY1OGJmMiIsImlhdCI6MTc1MjYwNDg3NSwiZXhwIjoxNzUyNjA2MDc1fQ.dI62okqws7eJQoBBFVqsyyRXPe0rCsCu2vu2Yp7MG9M",
    "refreshToken": "7170c926a4f590d460a94380c1b36375b5f24940c890762bb7bda0de7ea6b9157d0f1f4fb50f3221",
    "user": {
        "email": "yrjbiwfrg5@mail.ru",
        "name": "CwxhVdzZlb"
    }
}
HTTP/1.1 200 OK
Server: nginx/1.18.0 (Ubuntu)
Date: Tue, 15 Jul 2025 18:41:15 GMT
Content-Type: application/json; charset=utf-8
Content-Length: 367
Connection: keep-alive
X-Powered-By: Express
Access-Control-Allow-Origin: *
ETag: W/"16f-AgSJPjNngnQL5QlVNoBFAcfwUAA"

{
    "success": true,
    "accessToken": "Bearer eyJhbGciOiJIUzI1NiIsInR5cCI6IkpXVCJ9.eyJpZCI6IjY4NzZhMGNiOWVkMjgwMDAxYjY1OGJmMiIsImlhdCI6MTc1MjYwNDg3NSwiZXhwIjoxNzUyNjA2MDc1fQ.dI62okqws7eJQoBBFVqsyyRXPe0rCsCu2vu2Yp7MG9M",
    "refreshToken": "7170c926a4f590d460a94380c1b36375b5f24940c890762bb7bda0de7ea6b9157d0f1f4fb50f3221",
    "user": {
        "email": "yrjbiwfrg5@mail.ru",
        "name": "CwxhVdzZlb"
    }
}
HTTP/1.1 200 OK
Server: nginx/1.18.0 (Ubuntu)
Date: Tue, 15 Jul 2025 18:41:15 GMT
Content-Type: application/json; charset=utf-8
Content-Length: 367
Connection: keep-alive
X-Powered-By: Express
Access-Control-Allow-Origin: *
ETag: W/"16f-AgSJPjNngnQL5QlVNoBFAcfwUAA"

{
    "success": true,
    "accessToken": "Bearer eyJhbGciOiJIUzI1NiIsInR5cCI6IkpXVCJ9.eyJpZCI6IjY4NzZhMGNiOWVkMjgwMDAxYjY1OGJmMiIsImlhdCI6MTc1MjYwNDg3NSwiZXhwIjoxNzUyNjA2MDc1fQ.dI62okqws7eJQoBBFVqsyyRXPe0rCsCu2vu2Yp7MG9M",
    "refreshToken": "7170c926a4f590d460a94380c1b36375b5f24940c890762bb7bda0de7ea6b9157d0f1f4fb50f3221",
    "user": {
        "email": "yrjbiwfrg5@mail.ru",
        "name": "CwxhVdzZlb"
    }
}
Request method:	GET
Request URI:	https://stellarburgers.nomoreparties.site/api/orders
Proxy:			<none>
Request params:	<none>
Query params:	<none>
Form params:	<none>
Path params:	<none>
Headers:		Authorization=
				Accept=*/*
Cookies:		<none>
Multiparts:		<none>
Body:			<none>
Request method:	GET
Request URI:	https://stellarburgers.nomoreparties.site/api/orders
Proxy:			<none>
Request params:	<none>
Query params:	<none>
Form params:	<none>
Path params:	<none>
Headers:		Authorization=
				Accept=*/*
Cookies:		<none>
Multiparts:		<none>
Body:			<none>
Request method:	GET
Request URI:	https://stellarburgers.nomoreparties.site/api/orders
Proxy:			<none>
Request params:	<none>
Query params:	<none>
Form params:	<none>
Path params:	<none>
Headers:		Authorization=
				Accept=*/*
Cookies:		<none>
Multiparts:		<none>
Body:			<none>
Request method:	GET
Request URI:	https://stellarburgers.nomoreparties.site/api/orders
Proxy:			<none>
Request params:	<none>
Query params:	<none>
Form params:	<none>
Path params:	<none>
Headers:		Authorization=
				Accept=*/*
Cookies:		<none>
Multiparts:		<none>
Body:			<none>
Request method:	GET
Request URI:	https://stellarburgers.nomoreparties.site/api/orders
Proxy:			<none>
Request params:	<none>
Query params:	<none>
Form params:	<none>
Path params:	<none>
Headers:		Authorization=
				Accept=*/*
Cookies:		<none>
Multiparts:		<none>
Body:			<none>
Request method:	GET
Request URI:	https://stellarburgers.nomoreparties.site/api/orders
Proxy:			<none>
Request params:	<none>
Query params:	<none>
Form params:	<none>
Path params:	<none>
Headers:		Authorization=
				Accept=*/*
Cookies:		<none>
Multiparts:		<none>
Body:			<none>
Request method:	GET
Request URI:	https://stellarburgers.nomoreparties.site/api/orders
Proxy:			<none>
Request params:	<none>
Query params:	<none>
Form params:	<none>
Path params:	<none>
Headers:		Authorization=
				Accept=*/*
Cookies:		<none>
Multiparts:		<none>
Body:			<none>
HTTP/1.1 401 Unauthorized
Server: nginx/1.18.0 (Ubuntu)
Date: Tue, 15 Jul 2025 18:41:15 GMT
Content-Type: application/json; charset=utf-8
Content-Length: 54
Connection: keep-alive
X-Powered-By: Express
Access-Control-Allow-Origin: *
ETag: W/"36-9ndkQYJpZ8s0sMN790Nuh0MLq/U"

{
    "success": false,
    "message": "You should be authorised"
}
HTTP/1.1 401 Unauthorized
Server: nginx/1.18.0 (Ubuntu)
Date: Tue, 15 Jul 2025 18:41:15 GMT
Content-Type: application/json; charset=utf-8
Content-Length: 54
Connection: keep-alive
X-Powered-By: Express
Access-Control-Allow-Origin: *
ETag: W/"36-9ndkQYJpZ8s0sMN790Nuh0MLq/U"

{
    "success": false,
    "message": "You should be authorised"
}
HTTP/1.1 401 Unauthorized
Server: nginx/1.18.0 (Ubuntu)
Date: Tue, 15 Jul 2025 18:41:15 GMT
Content-Type: application/json; charset=utf-8
Content-Length: 54
Connection: keep-alive
X-Powered-By: Express
Access-Control-Allow-Origin: *
ETag: W/"36-9ndkQYJpZ8s0sMN790Nuh0MLq/U"

{
    "success": false,
    "message": "You should be authorised"
}
HTTP/1.1 401 Unauthorized
Server: nginx/1.18.0 (Ubuntu)
Date: Tue, 15 Jul 2025 18:41:15 GMT
Content-Type: application/json; charset=utf-8
Content-Length: 54
Connection: keep-alive
X-Powered-By: Express
Access-Control-Allow-Origin: *
ETag: W/"36-9ndkQYJpZ8s0sMN790Nuh0MLq/U"

{
    "success": false,
    "message": "You should be authorised"
}
HTTP/1.1 401 Unauthorized
Server: nginx/1.18.0 (Ubuntu)
Date: Tue, 15 Jul 2025 18:41:15 GMT
Content-Type: application/json; charset=utf-8
Content-Length: 54
Connection: keep-alive
X-Powered-By: Express
Access-Control-Allow-Origin: *
ETag: W/"36-9ndkQYJpZ8s0sMN790Nuh0MLq/U"

{
    "success": false,
    "message": "You should be authorised"
}
HTTP/1.1 401 Unauthorized
Server: nginx/1.18.0 (Ubuntu)
Date: Tue, 15 Jul 2025 18:41:15 GMT
Content-Type: application/json; charset=utf-8
Content-Length: 54
Connection: keep-alive
X-Powered-By: Express
Access-Control-Allow-Origin: *
ETag: W/"36-9ndkQYJpZ8s0sMN790Nuh0MLq/U"

{
    "success": false,
    "message": "You should be authorised"
}
HTTP/1.1 401 Unauthorized
Server: nginx/1.18.0 (Ubuntu)
Date: Tue, 15 Jul 2025 18:41:15 GMT
Content-Type: application/json; charset=utf-8
Content-Length: 54
Connection: keep-alive
X-Powered-By: Express
Access-Control-Allow-Origin: *
ETag: W/"36-9ndkQYJpZ8s0sMN790Nuh0MLq/U"

{
    "success": false,
    "message": "You should be authorised"
}
Request method:	DELETE
Request URI:	https://stellarburgers.nomoreparties.site/api/auth/user
Proxy:			<none>
Request params:	<none>
Query params:	<none>
Form params:	<none>
Path params:	<none>
Headers:		Authorization=Bearer eyJhbGciOiJIUzI1NiIsInR5cCI6IkpXVCJ9.eyJpZCI6IjY4NzZhMGNiOWVkMjgwMDAxYjY1OGJmMiIsImlhdCI6MTc1MjYwNDg3NSwiZXhwIjoxNzUyNjA2MDc1fQ.dI62okqws7eJQoBBFVqsyyRXPe0rCsCu2vu2Yp7MG9M
				Accept=*/*
				Content-Type=application/json
Cookies:		<none>
Multiparts:		<none>
Body:			<none>
Request method:	DELETE
Request URI:	https://stellarburgers.nomoreparties.site/api/auth/user
Proxy:			<none>
Request params:	<none>
Query params:	<none>
Form params:	<none>
Path params:	<none>
Headers:		Authorization=Bearer eyJhbGciOiJIUzI1NiIsInR5cCI6IkpXVCJ9.eyJpZCI6IjY4NzZhMGNiOWVkMjgwMDAxYjY1OGJmMiIsImlhdCI6MTc1MjYwNDg3NSwiZXhwIjoxNzUyNjA2MDc1fQ.dI62okqws7eJQoBBFVqsyyRXPe0rCsCu2vu2Yp7MG9M
				Accept=*/*
				Content-Type=application/json
Cookies:		<none>
Multiparts:		<none>
Body:			<none>
Request method:	DELETE
Request URI:	https://stellarburgers.nomoreparties.site/api/auth/user
Proxy:			<none>
Request params:	<none>
Query params:	<none>
Form params:	<none>
Path params:	<none>
Headers:		Authorization=Bearer eyJhbGciOiJIUzI1NiIsInR5cCI6IkpXVCJ9.eyJpZCI6IjY4NzZhMGNiOWVkMjgwMDAxYjY1OGJmMiIsImlhdCI6MTc1MjYwNDg3NSwiZXhwIjoxNzUyNjA2MDc1fQ.dI62okqws7eJQoBBFVqsyyRXPe0rCsCu2vu2Yp7MG9M
				Accept=*/*
				Content-Type=application/json
Cookies:		<none>
Multiparts:		<none>
Body:			<none>
Request method:	DELETE
Request URI:	https://stellarburgers.nomoreparties.site/api/auth/user
Proxy:			<none>
Request params:	<none>
Query params:	<none>
Form params:	<none>
Path params:	<none>
Headers:		Authorization=Bearer eyJhbGciOiJIUzI1NiIsInR5cCI6IkpXVCJ9.eyJpZCI6IjY4NzZhMGNiOWVkMjgwMDAxYjY1OGJmMiIsImlhdCI6MTc1MjYwNDg3NSwiZXhwIjoxNzUyNjA2MDc1fQ.dI62okqws7eJQoBBFVqsyyRXPe0rCsCu2vu2Yp7MG9M
				Accept=*/*
				Content-Type=application/json
Cookies:		<none>
Multiparts:		<none>
Body:			<none>
Request method:	DELETE
Request URI:	https://stellarburgers.nomoreparties.site/api/auth/user
Proxy:			<none>
Request params:	<none>
Query params:	<none>
Form params:	<none>
Path params:	<none>
Headers:		Authorization=Bearer eyJhbGciOiJIUzI1NiIsInR5cCI6IkpXVCJ9.eyJpZCI6IjY4NzZhMGNiOWVkMjgwMDAxYjY1OGJmMiIsImlhdCI6MTc1MjYwNDg3NSwiZXhwIjoxNzUyNjA2MDc1fQ.dI62okqws7eJQoBBFVqsyyRXPe0rCsCu2vu2Yp7MG9M
				Accept=*/*
				Content-Type=application/json
Cookies:		<none>
Multiparts:		<none>
Body:			<none>
Request method:	DELETE
Request URI:	https://stellarburgers.nomoreparties.site/api/auth/user
Proxy:			<none>
Request params:	<none>
Query params:	<none>
Form params:	<none>
Path params:	<none>
Headers:		Authorization=Bearer eyJhbGciOiJIUzI1NiIsInR5cCI6IkpXVCJ9.eyJpZCI6IjY4NzZhMGNiOWVkMjgwMDAxYjY1OGJmMiIsImlhdCI6MTc1MjYwNDg3NSwiZXhwIjoxNzUyNjA2MDc1fQ.dI62okqws7eJQoBBFVqsyyRXPe0rCsCu2vu2Yp7MG9M
				Accept=*/*
				Content-Type=application/json
Cookies:		<none>
Multiparts:		<none>
Body:			<none>
Request method:	DELETE
Request URI:	https://stellarburgers.nomoreparties.site/api/auth/user
Proxy:			<none>
Request params:	<none>
Query params:	<none>
Form params:	<none>
Path params:	<none>
Headers:		Authorization=Bearer eyJhbGciOiJIUzI1NiIsInR5cCI6IkpXVCJ9.eyJpZCI6IjY4NzZhMGNiOWVkMjgwMDAxYjY1OGJmMiIsImlhdCI6MTc1MjYwNDg3NSwiZXhwIjoxNzUyNjA2MDc1fQ.dI62okqws7eJQoBBFVqsyyRXPe0rCsCu2vu2Yp7MG9M
				Accept=*/*
				Content-Type=application/json
Cookies:		<none>
Multiparts:		<none>
Body:			<none>
HTTP/1.1 202 Accepted
Server: nginx/1.18.0 (Ubuntu)
Date: Tue, 15 Jul 2025 18:41:16 GMT
Content-Type: application/json; charset=utf-8
Content-Length: 54
Connection: keep-alive
X-Powered-By: Express
Access-Control-Allow-Origin: *
ETag: W/"36-hDmZnQ3Ou/ynnqAeC6TYmyseuzY"

{
    "success": true,
    "message": "User successfully removed"
}
HTTP/1.1 202 Accepted
Server: nginx/1.18.0 (Ubuntu)
Date: Tue, 15 Jul 2025 18:41:16 GMT
Content-Type: application/json; charset=utf-8
Content-Length: 54
Connection: keep-alive
X-Powered-By: Express
Access-Control-Allow-Origin: *
ETag: W/"36-hDmZnQ3Ou/ynnqAeC6TYmyseuzY"

{
    "success": true,
    "message": "User successfully removed"
}
HTTP/1.1 202 Accepted
Server: nginx/1.18.0 (Ubuntu)
Date: Tue, 15 Jul 2025 18:41:16 GMT
Content-Type: application/json; charset=utf-8
Content-Length: 54
Connection: keep-alive
X-Powered-By: Express
Access-Control-Allow-Origin: *
ETag: W/"36-hDmZnQ3Ou/ynnqAeC6TYmyseuzY"

{
    "success": true,
    "message": "User successfully removed"
}
HTTP/1.1 202 Accepted
Server: nginx/1.18.0 (Ubuntu)
Date: Tue, 15 Jul 2025 18:41:16 GMT
Content-Type: application/json; charset=utf-8
Content-Length: 54
Connection: keep-alive
X-Powered-By: Express
Access-Control-Allow-Origin: *
ETag: W/"36-hDmZnQ3Ou/ynnqAeC6TYmyseuzY"

{
    "success": true,
    "message": "User successfully removed"
}
HTTP/1.1 202 Accepted
Server: nginx/1.18.0 (Ubuntu)
Date: Tue, 15 Jul 2025 18:41:16 GMT
Content-Type: application/json; charset=utf-8
Content-Length: 54
Connection: keep-alive
X-Powered-By: Express
Access-Control-Allow-Origin: *
ETag: W/"36-hDmZnQ3Ou/ynnqAeC6TYmyseuzY"

{
    "success": true,
    "message": "User successfully removed"
}
HTTP/1.1 202 Accepted
Server: nginx/1.18.0 (Ubuntu)
Date: Tue, 15 Jul 2025 18:41:16 GMT
Content-Type: application/json; charset=utf-8
Content-Length: 54
Connection: keep-alive
X-Powered-By: Express
Access-Control-Allow-Origin: *
ETag: W/"36-hDmZnQ3Ou/ynnqAeC6TYmyseuzY"

{
    "success": true,
    "message": "User successfully removed"
}
HTTP/1.1 202 Accepted
Server: nginx/1.18.0 (Ubuntu)
Date: Tue, 15 Jul 2025 18:41:16 GMT
Content-Type: application/json; charset=utf-8
Content-Length: 54
Connection: keep-alive
X-Powered-By: Express
Access-Control-Allow-Origin: *
ETag: W/"36-hDmZnQ3Ou/ynnqAeC6TYmyseuzY"

{
    "success": true,
    "message": "User successfully removed"
}
]]></system-out>
  </testcase>
  <testcase name="createOrderWithoutAuthAndInvalidIngredientsTest" classname="OrderTest" time="1.179">
    <system-out><![CDATA[Request method:	POST
Request URI:	https://stellarburgers.nomoreparties.site/api/auth/register
Proxy:			<none>
Request params:	<none>
Query params:	<none>
Form params:	<none>
Path params:	<none>
Headers:		Accept=*/*
				Content-Type=application/json
Cookies:		<none>
Multiparts:		<none>
Body:
{
    "email": "aaVOYqUuxZ@mail.ru",
    "password": "j5Hm7w20Ej",
    "name": "m6rABjifXO"
}
Request method:	POST
Request URI:	https://stellarburgers.nomoreparties.site/api/auth/register
Proxy:			<none>
Request params:	<none>
Query params:	<none>
Form params:	<none>
Path params:	<none>
Headers:		Accept=*/*
				Content-Type=application/json
Cookies:		<none>
Multiparts:		<none>
Body:
{
    "email": "aaVOYqUuxZ@mail.ru",
    "password": "j5Hm7w20Ej",
    "name": "m6rABjifXO"
}
Request method:	POST
Request URI:	https://stellarburgers.nomoreparties.site/api/auth/register
Proxy:			<none>
Request params:	<none>
Query params:	<none>
Form params:	<none>
Path params:	<none>
Headers:		Accept=*/*
				Content-Type=application/json
Cookies:		<none>
Multiparts:		<none>
Body:
{
    "email": "aaVOYqUuxZ@mail.ru",
    "password": "j5Hm7w20Ej",
    "name": "m6rABjifXO"
}
Request method:	POST
Request URI:	https://stellarburgers.nomoreparties.site/api/auth/register
Proxy:			<none>
Request params:	<none>
Query params:	<none>
Form params:	<none>
Path params:	<none>
Headers:		Accept=*/*
				Content-Type=application/json
Cookies:		<none>
Multiparts:		<none>
Body:
{
    "email": "aaVOYqUuxZ@mail.ru",
    "password": "j5Hm7w20Ej",
    "name": "m6rABjifXO"
}
Request method:	POST
Request URI:	https://stellarburgers.nomoreparties.site/api/auth/register
Proxy:			<none>
Request params:	<none>
Query params:	<none>
Form params:	<none>
Path params:	<none>
Headers:		Accept=*/*
				Content-Type=application/json
Cookies:		<none>
Multiparts:		<none>
Body:
{
    "email": "aaVOYqUuxZ@mail.ru",
    "password": "j5Hm7w20Ej",
    "name": "m6rABjifXO"
}
Request method:	POST
Request URI:	https://stellarburgers.nomoreparties.site/api/auth/register
Proxy:			<none>
Request params:	<none>
Query params:	<none>
Form params:	<none>
Path params:	<none>
Headers:		Accept=*/*
				Content-Type=application/json
Cookies:		<none>
Multiparts:		<none>
Body:
{
    "email": "aaVOYqUuxZ@mail.ru",
    "password": "j5Hm7w20Ej",
    "name": "m6rABjifXO"
}
Request method:	POST
Request URI:	https://stellarburgers.nomoreparties.site/api/auth/register
Proxy:			<none>
Request params:	<none>
Query params:	<none>
Form params:	<none>
Path params:	<none>
Headers:		Accept=*/*
				Content-Type=application/json
Cookies:		<none>
Multiparts:		<none>
Body:
{
    "email": "aaVOYqUuxZ@mail.ru",
    "password": "j5Hm7w20Ej",
    "name": "m6rABjifXO"
}
Request method:	POST
Request URI:	https://stellarburgers.nomoreparties.site/api/auth/register
Proxy:			<none>
Request params:	<none>
Query params:	<none>
Form params:	<none>
Path params:	<none>
Headers:		Accept=*/*
				Content-Type=application/json
Cookies:		<none>
Multiparts:		<none>
Body:
{
    "email": "aaVOYqUuxZ@mail.ru",
    "password": "j5Hm7w20Ej",
    "name": "m6rABjifXO"
}
HTTP/1.1 200 OK
Server: nginx/1.18.0 (Ubuntu)
Date: Tue, 15 Jul 2025 18:41:16 GMT
Content-Type: application/json; charset=utf-8
Content-Length: 367
Connection: keep-alive
X-Powered-By: Express
Access-Control-Allow-Origin: *
authorization: Bearer eyJhbGciOiJIUzI1NiIsInR5cCI6IkpXVCJ9.eyJpZCI6IjY4NzZhMGNjOWVkMjgwMDAxYjY1OGJmNSIsImlhdCI6MTc1MjYwNDg3NiwiZXhwIjoxNzUyNjA2MDc2fQ.n0EA9nPgM1ggr5Br3LcQLdxDZ3hym_zkmdHgU6JDLTQ
ETag: W/"16f-8q8fSx/MRBiv58pq/7zADev5IW4"

{
    "success": true,
    "user": {
        "email": "aavoyquuxz@mail.ru",
        "name": "m6rABjifXO"
    },
    "accessToken": "Bearer eyJhbGciOiJIUzI1NiIsInR5cCI6IkpXVCJ9.eyJpZCI6IjY4NzZhMGNjOWVkMjgwMDAxYjY1OGJmNSIsImlhdCI6MTc1MjYwNDg3NiwiZXhwIjoxNzUyNjA2MDc2fQ.n0EA9nPgM1ggr5Br3LcQLdxDZ3hym_zkmdHgU6JDLTQ",
    "refreshToken": "212c1878a5e8620ee2f7390dd68352b34d9800dc29e30c09bf6576360b1c56aed1ea85707790b356"
}
HTTP/1.1 200 OK
Server: nginx/1.18.0 (Ubuntu)
Date: Tue, 15 Jul 2025 18:41:16 GMT
Content-Type: application/json; charset=utf-8
Content-Length: 367
Connection: keep-alive
X-Powered-By: Express
Access-Control-Allow-Origin: *
authorization: Bearer eyJhbGciOiJIUzI1NiIsInR5cCI6IkpXVCJ9.eyJpZCI6IjY4NzZhMGNjOWVkMjgwMDAxYjY1OGJmNSIsImlhdCI6MTc1MjYwNDg3NiwiZXhwIjoxNzUyNjA2MDc2fQ.n0EA9nPgM1ggr5Br3LcQLdxDZ3hym_zkmdHgU6JDLTQ
ETag: W/"16f-8q8fSx/MRBiv58pq/7zADev5IW4"

{
    "success": true,
    "user": {
        "email": "aavoyquuxz@mail.ru",
        "name": "m6rABjifXO"
    },
    "accessToken": "Bearer eyJhbGciOiJIUzI1NiIsInR5cCI6IkpXVCJ9.eyJpZCI6IjY4NzZhMGNjOWVkMjgwMDAxYjY1OGJmNSIsImlhdCI6MTc1MjYwNDg3NiwiZXhwIjoxNzUyNjA2MDc2fQ.n0EA9nPgM1ggr5Br3LcQLdxDZ3hym_zkmdHgU6JDLTQ",
    "refreshToken": "212c1878a5e8620ee2f7390dd68352b34d9800dc29e30c09bf6576360b1c56aed1ea85707790b356"
}
HTTP/1.1 200 OK
Server: nginx/1.18.0 (Ubuntu)
Date: Tue, 15 Jul 2025 18:41:16 GMT
Content-Type: application/json; charset=utf-8
Content-Length: 367
Connection: keep-alive
X-Powered-By: Express
Access-Control-Allow-Origin: *
authorization: Bearer eyJhbGciOiJIUzI1NiIsInR5cCI6IkpXVCJ9.eyJpZCI6IjY4NzZhMGNjOWVkMjgwMDAxYjY1OGJmNSIsImlhdCI6MTc1MjYwNDg3NiwiZXhwIjoxNzUyNjA2MDc2fQ.n0EA9nPgM1ggr5Br3LcQLdxDZ3hym_zkmdHgU6JDLTQ
ETag: W/"16f-8q8fSx/MRBiv58pq/7zADev5IW4"

{
    "success": true,
    "user": {
        "email": "aavoyquuxz@mail.ru",
        "name": "m6rABjifXO"
    },
    "accessToken": "Bearer eyJhbGciOiJIUzI1NiIsInR5cCI6IkpXVCJ9.eyJpZCI6IjY4NzZhMGNjOWVkMjgwMDAxYjY1OGJmNSIsImlhdCI6MTc1MjYwNDg3NiwiZXhwIjoxNzUyNjA2MDc2fQ.n0EA9nPgM1ggr5Br3LcQLdxDZ3hym_zkmdHgU6JDLTQ",
    "refreshToken": "212c1878a5e8620ee2f7390dd68352b34d9800dc29e30c09bf6576360b1c56aed1ea85707790b356"
}
HTTP/1.1 200 OK
Server: nginx/1.18.0 (Ubuntu)
Date: Tue, 15 Jul 2025 18:41:16 GMT
Content-Type: application/json; charset=utf-8
Content-Length: 367
Connection: keep-alive
X-Powered-By: Express
Access-Control-Allow-Origin: *
authorization: Bearer eyJhbGciOiJIUzI1NiIsInR5cCI6IkpXVCJ9.eyJpZCI6IjY4NzZhMGNjOWVkMjgwMDAxYjY1OGJmNSIsImlhdCI6MTc1MjYwNDg3NiwiZXhwIjoxNzUyNjA2MDc2fQ.n0EA9nPgM1ggr5Br3LcQLdxDZ3hym_zkmdHgU6JDLTQ
ETag: W/"16f-8q8fSx/MRBiv58pq/7zADev5IW4"

{
    "success": true,
    "user": {
        "email": "aavoyquuxz@mail.ru",
        "name": "m6rABjifXO"
    },
    "accessToken": "Bearer eyJhbGciOiJIUzI1NiIsInR5cCI6IkpXVCJ9.eyJpZCI6IjY4NzZhMGNjOWVkMjgwMDAxYjY1OGJmNSIsImlhdCI6MTc1MjYwNDg3NiwiZXhwIjoxNzUyNjA2MDc2fQ.n0EA9nPgM1ggr5Br3LcQLdxDZ3hym_zkmdHgU6JDLTQ",
    "refreshToken": "212c1878a5e8620ee2f7390dd68352b34d9800dc29e30c09bf6576360b1c56aed1ea85707790b356"
}
HTTP/1.1 200 OK
Server: nginx/1.18.0 (Ubuntu)
Date: Tue, 15 Jul 2025 18:41:16 GMT
Content-Type: application/json; charset=utf-8
Content-Length: 367
Connection: keep-alive
X-Powered-By: Express
Access-Control-Allow-Origin: *
authorization: Bearer eyJhbGciOiJIUzI1NiIsInR5cCI6IkpXVCJ9.eyJpZCI6IjY4NzZhMGNjOWVkMjgwMDAxYjY1OGJmNSIsImlhdCI6MTc1MjYwNDg3NiwiZXhwIjoxNzUyNjA2MDc2fQ.n0EA9nPgM1ggr5Br3LcQLdxDZ3hym_zkmdHgU6JDLTQ
ETag: W/"16f-8q8fSx/MRBiv58pq/7zADev5IW4"

{
    "success": true,
    "user": {
        "email": "aavoyquuxz@mail.ru",
        "name": "m6rABjifXO"
    },
    "accessToken": "Bearer eyJhbGciOiJIUzI1NiIsInR5cCI6IkpXVCJ9.eyJpZCI6IjY4NzZhMGNjOWVkMjgwMDAxYjY1OGJmNSIsImlhdCI6MTc1MjYwNDg3NiwiZXhwIjoxNzUyNjA2MDc2fQ.n0EA9nPgM1ggr5Br3LcQLdxDZ3hym_zkmdHgU6JDLTQ",
    "refreshToken": "212c1878a5e8620ee2f7390dd68352b34d9800dc29e30c09bf6576360b1c56aed1ea85707790b356"
}
HTTP/1.1 200 OK
Server: nginx/1.18.0 (Ubuntu)
Date: Tue, 15 Jul 2025 18:41:16 GMT
Content-Type: application/json; charset=utf-8
Content-Length: 367
Connection: keep-alive
X-Powered-By: Express
Access-Control-Allow-Origin: *
authorization: Bearer eyJhbGciOiJIUzI1NiIsInR5cCI6IkpXVCJ9.eyJpZCI6IjY4NzZhMGNjOWVkMjgwMDAxYjY1OGJmNSIsImlhdCI6MTc1MjYwNDg3NiwiZXhwIjoxNzUyNjA2MDc2fQ.n0EA9nPgM1ggr5Br3LcQLdxDZ3hym_zkmdHgU6JDLTQ
ETag: W/"16f-8q8fSx/MRBiv58pq/7zADev5IW4"

{
    "success": true,
    "user": {
        "email": "aavoyquuxz@mail.ru",
        "name": "m6rABjifXO"
    },
    "accessToken": "Bearer eyJhbGciOiJIUzI1NiIsInR5cCI6IkpXVCJ9.eyJpZCI6IjY4NzZhMGNjOWVkMjgwMDAxYjY1OGJmNSIsImlhdCI6MTc1MjYwNDg3NiwiZXhwIjoxNzUyNjA2MDc2fQ.n0EA9nPgM1ggr5Br3LcQLdxDZ3hym_zkmdHgU6JDLTQ",
    "refreshToken": "212c1878a5e8620ee2f7390dd68352b34d9800dc29e30c09bf6576360b1c56aed1ea85707790b356"
}
HTTP/1.1 200 OK
Server: nginx/1.18.0 (Ubuntu)
Date: Tue, 15 Jul 2025 18:41:16 GMT
Content-Type: application/json; charset=utf-8
Content-Length: 367
Connection: keep-alive
X-Powered-By: Express
Access-Control-Allow-Origin: *
authorization: Bearer eyJhbGciOiJIUzI1NiIsInR5cCI6IkpXVCJ9.eyJpZCI6IjY4NzZhMGNjOWVkMjgwMDAxYjY1OGJmNSIsImlhdCI6MTc1MjYwNDg3NiwiZXhwIjoxNzUyNjA2MDc2fQ.n0EA9nPgM1ggr5Br3LcQLdxDZ3hym_zkmdHgU6JDLTQ
ETag: W/"16f-8q8fSx/MRBiv58pq/7zADev5IW4"

{
    "success": true,
    "user": {
        "email": "aavoyquuxz@mail.ru",
        "name": "m6rABjifXO"
    },
    "accessToken": "Bearer eyJhbGciOiJIUzI1NiIsInR5cCI6IkpXVCJ9.eyJpZCI6IjY4NzZhMGNjOWVkMjgwMDAxYjY1OGJmNSIsImlhdCI6MTc1MjYwNDg3NiwiZXhwIjoxNzUyNjA2MDc2fQ.n0EA9nPgM1ggr5Br3LcQLdxDZ3hym_zkmdHgU6JDLTQ",
    "refreshToken": "212c1878a5e8620ee2f7390dd68352b34d9800dc29e30c09bf6576360b1c56aed1ea85707790b356"
}
HTTP/1.1 200 OK
Server: nginx/1.18.0 (Ubuntu)
Date: Tue, 15 Jul 2025 18:41:16 GMT
Content-Type: application/json; charset=utf-8
Content-Length: 367
Connection: keep-alive
X-Powered-By: Express
Access-Control-Allow-Origin: *
authorization: Bearer eyJhbGciOiJIUzI1NiIsInR5cCI6IkpXVCJ9.eyJpZCI6IjY4NzZhMGNjOWVkMjgwMDAxYjY1OGJmNSIsImlhdCI6MTc1MjYwNDg3NiwiZXhwIjoxNzUyNjA2MDc2fQ.n0EA9nPgM1ggr5Br3LcQLdxDZ3hym_zkmdHgU6JDLTQ
ETag: W/"16f-8q8fSx/MRBiv58pq/7zADev5IW4"

{
    "success": true,
    "user": {
        "email": "aavoyquuxz@mail.ru",
        "name": "m6rABjifXO"
    },
    "accessToken": "Bearer eyJhbGciOiJIUzI1NiIsInR5cCI6IkpXVCJ9.eyJpZCI6IjY4NzZhMGNjOWVkMjgwMDAxYjY1OGJmNSIsImlhdCI6MTc1MjYwNDg3NiwiZXhwIjoxNzUyNjA2MDc2fQ.n0EA9nPgM1ggr5Br3LcQLdxDZ3hym_zkmdHgU6JDLTQ",
    "refreshToken": "212c1878a5e8620ee2f7390dd68352b34d9800dc29e30c09bf6576360b1c56aed1ea85707790b356"
}
Request method:	POST
Request URI:	https://stellarburgers.nomoreparties.site/api/auth/login
Proxy:			<none>
Request params:	<none>
Query params:	<none>
Form params:	<none>
Path params:	<none>
Headers:		Accept=*/*
				Content-Type=application/json
Cookies:		<none>
Multiparts:		<none>
Body:
{
    "email": "aaVOYqUuxZ@mail.ru",
    "password": "j5Hm7w20Ej"
}
Request method:	POST
Request URI:	https://stellarburgers.nomoreparties.site/api/auth/login
Proxy:			<none>
Request params:	<none>
Query params:	<none>
Form params:	<none>
Path params:	<none>
Headers:		Accept=*/*
				Content-Type=application/json
Cookies:		<none>
Multiparts:		<none>
Body:
{
    "email": "aaVOYqUuxZ@mail.ru",
    "password": "j5Hm7w20Ej"
}
Request method:	POST
Request URI:	https://stellarburgers.nomoreparties.site/api/auth/login
Proxy:			<none>
Request params:	<none>
Query params:	<none>
Form params:	<none>
Path params:	<none>
Headers:		Accept=*/*
				Content-Type=application/json
Cookies:		<none>
Multiparts:		<none>
Body:
{
    "email": "aaVOYqUuxZ@mail.ru",
    "password": "j5Hm7w20Ej"
}
Request method:	POST
Request URI:	https://stellarburgers.nomoreparties.site/api/auth/login
Proxy:			<none>
Request params:	<none>
Query params:	<none>
Form params:	<none>
Path params:	<none>
Headers:		Accept=*/*
				Content-Type=application/json
Cookies:		<none>
Multiparts:		<none>
Body:
{
    "email": "aaVOYqUuxZ@mail.ru",
    "password": "j5Hm7w20Ej"
}
Request method:	POST
Request URI:	https://stellarburgers.nomoreparties.site/api/auth/login
Proxy:			<none>
Request params:	<none>
Query params:	<none>
Form params:	<none>
Path params:	<none>
Headers:		Accept=*/*
				Content-Type=application/json
Cookies:		<none>
Multiparts:		<none>
Body:
{
    "email": "aaVOYqUuxZ@mail.ru",
    "password": "j5Hm7w20Ej"
}
Request method:	POST
Request URI:	https://stellarburgers.nomoreparties.site/api/auth/login
Proxy:			<none>
Request params:	<none>
Query params:	<none>
Form params:	<none>
Path params:	<none>
Headers:		Accept=*/*
				Content-Type=application/json
Cookies:		<none>
Multiparts:		<none>
Body:
{
    "email": "aaVOYqUuxZ@mail.ru",
    "password": "j5Hm7w20Ej"
}
Request method:	POST
Request URI:	https://stellarburgers.nomoreparties.site/api/auth/login
Proxy:			<none>
Request params:	<none>
Query params:	<none>
Form params:	<none>
Path params:	<none>
Headers:		Accept=*/*
				Content-Type=application/json
Cookies:		<none>
Multiparts:		<none>
Body:
{
    "email": "aaVOYqUuxZ@mail.ru",
    "password": "j5Hm7w20Ej"
}
Request method:	POST
Request URI:	https://stellarburgers.nomoreparties.site/api/auth/login
Proxy:			<none>
Request params:	<none>
Query params:	<none>
Form params:	<none>
Path params:	<none>
Headers:		Accept=*/*
				Content-Type=application/json
Cookies:		<none>
Multiparts:		<none>
Body:
{
    "email": "aaVOYqUuxZ@mail.ru",
    "password": "j5Hm7w20Ej"
}
HTTP/1.1 200 OK
Server: nginx/1.18.0 (Ubuntu)
Date: Tue, 15 Jul 2025 18:41:16 GMT
Content-Type: application/json; charset=utf-8
Content-Length: 367
Connection: keep-alive
X-Powered-By: Express
Access-Control-Allow-Origin: *
ETag: W/"16f-14wCBrssmGf6FAV3jbSkEMFj+Wk"

{
    "success": true,
    "accessToken": "Bearer eyJhbGciOiJIUzI1NiIsInR5cCI6IkpXVCJ9.eyJpZCI6IjY4NzZhMGNjOWVkMjgwMDAxYjY1OGJmNSIsImlhdCI6MTc1MjYwNDg3NiwiZXhwIjoxNzUyNjA2MDc2fQ.n0EA9nPgM1ggr5Br3LcQLdxDZ3hym_zkmdHgU6JDLTQ",
    "refreshToken": "1ef22cc84081871a0ac435984a7d0b14645d9dcbbb5f726167792ca203ab562d46eb5d4934f813c2",
    "user": {
        "email": "aavoyquuxz@mail.ru",
        "name": "m6rABjifXO"
    }
}
HTTP/1.1 200 OK
Server: nginx/1.18.0 (Ubuntu)
Date: Tue, 15 Jul 2025 18:41:16 GMT
Content-Type: application/json; charset=utf-8
Content-Length: 367
Connection: keep-alive
X-Powered-By: Express
Access-Control-Allow-Origin: *
ETag: W/"16f-14wCBrssmGf6FAV3jbSkEMFj+Wk"

{
    "success": true,
    "accessToken": "Bearer eyJhbGciOiJIUzI1NiIsInR5cCI6IkpXVCJ9.eyJpZCI6IjY4NzZhMGNjOWVkMjgwMDAxYjY1OGJmNSIsImlhdCI6MTc1MjYwNDg3NiwiZXhwIjoxNzUyNjA2MDc2fQ.n0EA9nPgM1ggr5Br3LcQLdxDZ3hym_zkmdHgU6JDLTQ",
    "refreshToken": "1ef22cc84081871a0ac435984a7d0b14645d9dcbbb5f726167792ca203ab562d46eb5d4934f813c2",
    "user": {
        "email": "aavoyquuxz@mail.ru",
        "name": "m6rABjifXO"
    }
}
HTTP/1.1 200 OK
Server: nginx/1.18.0 (Ubuntu)
Date: Tue, 15 Jul 2025 18:41:16 GMT
Content-Type: application/json; charset=utf-8
Content-Length: 367
Connection: keep-alive
X-Powered-By: Express
Access-Control-Allow-Origin: *
ETag: W/"16f-14wCBrssmGf6FAV3jbSkEMFj+Wk"

{
    "success": true,
    "accessToken": "Bearer eyJhbGciOiJIUzI1NiIsInR5cCI6IkpXVCJ9.eyJpZCI6IjY4NzZhMGNjOWVkMjgwMDAxYjY1OGJmNSIsImlhdCI6MTc1MjYwNDg3NiwiZXhwIjoxNzUyNjA2MDc2fQ.n0EA9nPgM1ggr5Br3LcQLdxDZ3hym_zkmdHgU6JDLTQ",
    "refreshToken": "1ef22cc84081871a0ac435984a7d0b14645d9dcbbb5f726167792ca203ab562d46eb5d4934f813c2",
    "user": {
        "email": "aavoyquuxz@mail.ru",
        "name": "m6rABjifXO"
    }
}
HTTP/1.1 200 OK
Server: nginx/1.18.0 (Ubuntu)
Date: Tue, 15 Jul 2025 18:41:16 GMT
Content-Type: application/json; charset=utf-8
Content-Length: 367
Connection: keep-alive
X-Powered-By: Express
Access-Control-Allow-Origin: *
ETag: W/"16f-14wCBrssmGf6FAV3jbSkEMFj+Wk"

{
    "success": true,
    "accessToken": "Bearer eyJhbGciOiJIUzI1NiIsInR5cCI6IkpXVCJ9.eyJpZCI6IjY4NzZhMGNjOWVkMjgwMDAxYjY1OGJmNSIsImlhdCI6MTc1MjYwNDg3NiwiZXhwIjoxNzUyNjA2MDc2fQ.n0EA9nPgM1ggr5Br3LcQLdxDZ3hym_zkmdHgU6JDLTQ",
    "refreshToken": "1ef22cc84081871a0ac435984a7d0b14645d9dcbbb5f726167792ca203ab562d46eb5d4934f813c2",
    "user": {
        "email": "aavoyquuxz@mail.ru",
        "name": "m6rABjifXO"
    }
}
HTTP/1.1 200 OK
Server: nginx/1.18.0 (Ubuntu)
Date: Tue, 15 Jul 2025 18:41:16 GMT
Content-Type: application/json; charset=utf-8
Content-Length: 367
Connection: keep-alive
X-Powered-By: Express
Access-Control-Allow-Origin: *
ETag: W/"16f-14wCBrssmGf6FAV3jbSkEMFj+Wk"

{
    "success": true,
    "accessToken": "Bearer eyJhbGciOiJIUzI1NiIsInR5cCI6IkpXVCJ9.eyJpZCI6IjY4NzZhMGNjOWVkMjgwMDAxYjY1OGJmNSIsImlhdCI6MTc1MjYwNDg3NiwiZXhwIjoxNzUyNjA2MDc2fQ.n0EA9nPgM1ggr5Br3LcQLdxDZ3hym_zkmdHgU6JDLTQ",
    "refreshToken": "1ef22cc84081871a0ac435984a7d0b14645d9dcbbb5f726167792ca203ab562d46eb5d4934f813c2",
    "user": {
        "email": "aavoyquuxz@mail.ru",
        "name": "m6rABjifXO"
    }
}
HTTP/1.1 200 OK
Server: nginx/1.18.0 (Ubuntu)
Date: Tue, 15 Jul 2025 18:41:16 GMT
Content-Type: application/json; charset=utf-8
Content-Length: 367
Connection: keep-alive
X-Powered-By: Express
Access-Control-Allow-Origin: *
ETag: W/"16f-14wCBrssmGf6FAV3jbSkEMFj+Wk"

{
    "success": true,
    "accessToken": "Bearer eyJhbGciOiJIUzI1NiIsInR5cCI6IkpXVCJ9.eyJpZCI6IjY4NzZhMGNjOWVkMjgwMDAxYjY1OGJmNSIsImlhdCI6MTc1MjYwNDg3NiwiZXhwIjoxNzUyNjA2MDc2fQ.n0EA9nPgM1ggr5Br3LcQLdxDZ3hym_zkmdHgU6JDLTQ",
    "refreshToken": "1ef22cc84081871a0ac435984a7d0b14645d9dcbbb5f726167792ca203ab562d46eb5d4934f813c2",
    "user": {
        "email": "aavoyquuxz@mail.ru",
        "name": "m6rABjifXO"
    }
}
HTTP/1.1 200 OK
Server: nginx/1.18.0 (Ubuntu)
Date: Tue, 15 Jul 2025 18:41:16 GMT
Content-Type: application/json; charset=utf-8
Content-Length: 367
Connection: keep-alive
X-Powered-By: Express
Access-Control-Allow-Origin: *
ETag: W/"16f-14wCBrssmGf6FAV3jbSkEMFj+Wk"

{
    "success": true,
    "accessToken": "Bearer eyJhbGciOiJIUzI1NiIsInR5cCI6IkpXVCJ9.eyJpZCI6IjY4NzZhMGNjOWVkMjgwMDAxYjY1OGJmNSIsImlhdCI6MTc1MjYwNDg3NiwiZXhwIjoxNzUyNjA2MDc2fQ.n0EA9nPgM1ggr5Br3LcQLdxDZ3hym_zkmdHgU6JDLTQ",
    "refreshToken": "1ef22cc84081871a0ac435984a7d0b14645d9dcbbb5f726167792ca203ab562d46eb5d4934f813c2",
    "user": {
        "email": "aavoyquuxz@mail.ru",
        "name": "m6rABjifXO"
    }
}
HTTP/1.1 200 OK
Server: nginx/1.18.0 (Ubuntu)
Date: Tue, 15 Jul 2025 18:41:16 GMT
Content-Type: application/json; charset=utf-8
Content-Length: 367
Connection: keep-alive
X-Powered-By: Express
Access-Control-Allow-Origin: *
ETag: W/"16f-14wCBrssmGf6FAV3jbSkEMFj+Wk"

{
    "success": true,
    "accessToken": "Bearer eyJhbGciOiJIUzI1NiIsInR5cCI6IkpXVCJ9.eyJpZCI6IjY4NzZhMGNjOWVkMjgwMDAxYjY1OGJmNSIsImlhdCI6MTc1MjYwNDg3NiwiZXhwIjoxNzUyNjA2MDc2fQ.n0EA9nPgM1ggr5Br3LcQLdxDZ3hym_zkmdHgU6JDLTQ",
    "refreshToken": "1ef22cc84081871a0ac435984a7d0b14645d9dcbbb5f726167792ca203ab562d46eb5d4934f813c2",
    "user": {
        "email": "aavoyquuxz@mail.ru",
        "name": "m6rABjifXO"
    }
}
Request method:	POST
Request URI:	https://stellarburgers.nomoreparties.site/api/orders
Proxy:			<none>
Request params:	<none>
Query params:	<none>
Form params:	<none>
Path params:	<none>
Headers:		Authorization=
				Accept=*/*
				Content-Type=application/json
Cookies:		<none>
Multiparts:		<none>
Body:
{
    "ingredients": [
        "11111111111111111111"
    ]
}
Request method:	POST
Request URI:	https://stellarburgers.nomoreparties.site/api/orders
Proxy:			<none>
Request params:	<none>
Query params:	<none>
Form params:	<none>
Path params:	<none>
Headers:		Authorization=
				Accept=*/*
				Content-Type=application/json
Cookies:		<none>
Multiparts:		<none>
Body:
{
    "ingredients": [
        "11111111111111111111"
    ]
}
Request method:	POST
Request URI:	https://stellarburgers.nomoreparties.site/api/orders
Proxy:			<none>
Request params:	<none>
Query params:	<none>
Form params:	<none>
Path params:	<none>
Headers:		Authorization=
				Accept=*/*
				Content-Type=application/json
Cookies:		<none>
Multiparts:		<none>
Body:
{
    "ingredients": [
        "11111111111111111111"
    ]
}
Request method:	POST
Request URI:	https://stellarburgers.nomoreparties.site/api/orders
Proxy:			<none>
Request params:	<none>
Query params:	<none>
Form params:	<none>
Path params:	<none>
Headers:		Authorization=
				Accept=*/*
				Content-Type=application/json
Cookies:		<none>
Multiparts:		<none>
Body:
{
    "ingredients": [
        "11111111111111111111"
    ]
}
Request method:	POST
Request URI:	https://stellarburgers.nomoreparties.site/api/orders
Proxy:			<none>
Request params:	<none>
Query params:	<none>
Form params:	<none>
Path params:	<none>
Headers:		Authorization=
				Accept=*/*
				Content-Type=application/json
Cookies:		<none>
Multiparts:		<none>
Body:
{
    "ingredients": [
        "11111111111111111111"
    ]
}
Request method:	POST
Request URI:	https://stellarburgers.nomoreparties.site/api/orders
Proxy:			<none>
Request params:	<none>
Query params:	<none>
Form params:	<none>
Path params:	<none>
Headers:		Authorization=
				Accept=*/*
				Content-Type=application/json
Cookies:		<none>
Multiparts:		<none>
Body:
{
    "ingredients": [
        "11111111111111111111"
    ]
}
Request method:	POST
Request URI:	https://stellarburgers.nomoreparties.site/api/orders
Proxy:			<none>
Request params:	<none>
Query params:	<none>
Form params:	<none>
Path params:	<none>
Headers:		Authorization=
				Accept=*/*
				Content-Type=application/json
Cookies:		<none>
Multiparts:		<none>
Body:
{
    "ingredients": [
        "11111111111111111111"
    ]
}
Request method:	POST
Request URI:	https://stellarburgers.nomoreparties.site/api/orders
Proxy:			<none>
Request params:	<none>
Query params:	<none>
Form params:	<none>
Path params:	<none>
Headers:		Authorization=
				Accept=*/*
				Content-Type=application/json
Cookies:		<none>
Multiparts:		<none>
Body:
{
    "ingredients": [
        "11111111111111111111"
    ]
}
HTTP/1.1 500 Internal Server Error
Server: nginx/1.18.0 (Ubuntu)
Date: Tue, 15 Jul 2025 18:41:17 GMT
Content-Type: text/html; charset=utf-8
Content-Length: 148
Connection: keep-alive
X-Powered-By: Express
Access-Control-Allow-Origin: *
Content-Security-Policy: default-src 'none'
X-Content-Type-Options: nosniff

<html lang="en">
  <head>
    <meta charset="utf-8"/>
    <title>Error</title>
  </head>
  <body>
    <pre>Internal Server Error</pre>
  </body>
</html>
HTTP/1.1 500 Internal Server Error
Server: nginx/1.18.0 (Ubuntu)
Date: Tue, 15 Jul 2025 18:41:17 GMT
Content-Type: text/html; charset=utf-8
Content-Length: 148
Connection: keep-alive
X-Powered-By: Express
Access-Control-Allow-Origin: *
Content-Security-Policy: default-src 'none'
X-Content-Type-Options: nosniff

<html lang="en">
  <head>
    <meta charset="utf-8"/>
    <title>Error</title>
  </head>
  <body>
    <pre>Internal Server Error</pre>
  </body>
</html>
HTTP/1.1 500 Internal Server Error
Server: nginx/1.18.0 (Ubuntu)
Date: Tue, 15 Jul 2025 18:41:17 GMT
Content-Type: text/html; charset=utf-8
Content-Length: 148
Connection: keep-alive
X-Powered-By: Express
Access-Control-Allow-Origin: *
Content-Security-Policy: default-src 'none'
X-Content-Type-Options: nosniff

<html lang="en">
  <head>
    <meta charset="utf-8"/>
    <title>Error</title>
  </head>
  <body>
    <pre>Internal Server Error</pre>
  </body>
</html>
HTTP/1.1 500 Internal Server Error
Server: nginx/1.18.0 (Ubuntu)
Date: Tue, 15 Jul 2025 18:41:17 GMT
Content-Type: text/html; charset=utf-8
Content-Length: 148
Connection: keep-alive
X-Powered-By: Express
Access-Control-Allow-Origin: *
Content-Security-Policy: default-src 'none'
X-Content-Type-Options: nosniff

<html lang="en">
  <head>
    <meta charset="utf-8"/>
    <title>Error</title>
  </head>
  <body>
    <pre>Internal Server Error</pre>
  </body>
</html>
HTTP/1.1 500 Internal Server Error
Server: nginx/1.18.0 (Ubuntu)
Date: Tue, 15 Jul 2025 18:41:17 GMT
Content-Type: text/html; charset=utf-8
Content-Length: 148
Connection: keep-alive
X-Powered-By: Express
Access-Control-Allow-Origin: *
Content-Security-Policy: default-src 'none'
X-Content-Type-Options: nosniff

<html lang="en">
  <head>
    <meta charset="utf-8"/>
    <title>Error</title>
  </head>
  <body>
    <pre>Internal Server Error</pre>
  </body>
</html>
HTTP/1.1 500 Internal Server Error
Server: nginx/1.18.0 (Ubuntu)
Date: Tue, 15 Jul 2025 18:41:17 GMT
Content-Type: text/html; charset=utf-8
Content-Length: 148
Connection: keep-alive
X-Powered-By: Express
Access-Control-Allow-Origin: *
Content-Security-Policy: default-src 'none'
X-Content-Type-Options: nosniff

<html lang="en">
  <head>
    <meta charset="utf-8"/>
    <title>Error</title>
  </head>
  <body>
    <pre>Internal Server Error</pre>
  </body>
</html>
HTTP/1.1 500 Internal Server Error
Server: nginx/1.18.0 (Ubuntu)
Date: Tue, 15 Jul 2025 18:41:17 GMT
Content-Type: text/html; charset=utf-8
Content-Length: 148
Connection: keep-alive
X-Powered-By: Express
Access-Control-Allow-Origin: *
Content-Security-Policy: default-src 'none'
X-Content-Type-Options: nosniff

<html lang="en">
  <head>
    <meta charset="utf-8"/>
    <title>Error</title>
  </head>
  <body>
    <pre>Internal Server Error</pre>
  </body>
</html>
HTTP/1.1 500 Internal Server Error
Server: nginx/1.18.0 (Ubuntu)
Date: Tue, 15 Jul 2025 18:41:17 GMT
Content-Type: text/html; charset=utf-8
Content-Length: 148
Connection: keep-alive
X-Powered-By: Express
Access-Control-Allow-Origin: *
Content-Security-Policy: default-src 'none'
X-Content-Type-Options: nosniff

<html lang="en">
  <head>
    <meta charset="utf-8"/>
    <title>Error</title>
  </head>
  <body>
    <pre>Internal Server Error</pre>
  </body>
</html>
Request method:	DELETE
Request URI:	https://stellarburgers.nomoreparties.site/api/auth/user
Proxy:			<none>
Request params:	<none>
Query params:	<none>
Form params:	<none>
Path params:	<none>
Headers:		Authorization=Bearer eyJhbGciOiJIUzI1NiIsInR5cCI6IkpXVCJ9.eyJpZCI6IjY4NzZhMGNjOWVkMjgwMDAxYjY1OGJmNSIsImlhdCI6MTc1MjYwNDg3NiwiZXhwIjoxNzUyNjA2MDc2fQ.n0EA9nPgM1ggr5Br3LcQLdxDZ3hym_zkmdHgU6JDLTQ
				Accept=*/*
				Content-Type=application/json
Cookies:		<none>
Multiparts:		<none>
Body:			<none>
Request method:	DELETE
Request URI:	https://stellarburgers.nomoreparties.site/api/auth/user
Proxy:			<none>
Request params:	<none>
Query params:	<none>
Form params:	<none>
Path params:	<none>
Headers:		Authorization=Bearer eyJhbGciOiJIUzI1NiIsInR5cCI6IkpXVCJ9.eyJpZCI6IjY4NzZhMGNjOWVkMjgwMDAxYjY1OGJmNSIsImlhdCI6MTc1MjYwNDg3NiwiZXhwIjoxNzUyNjA2MDc2fQ.n0EA9nPgM1ggr5Br3LcQLdxDZ3hym_zkmdHgU6JDLTQ
				Accept=*/*
				Content-Type=application/json
Cookies:		<none>
Multiparts:		<none>
Body:			<none>
Request method:	DELETE
Request URI:	https://stellarburgers.nomoreparties.site/api/auth/user
Proxy:			<none>
Request params:	<none>
Query params:	<none>
Form params:	<none>
Path params:	<none>
Headers:		Authorization=Bearer eyJhbGciOiJIUzI1NiIsInR5cCI6IkpXVCJ9.eyJpZCI6IjY4NzZhMGNjOWVkMjgwMDAxYjY1OGJmNSIsImlhdCI6MTc1MjYwNDg3NiwiZXhwIjoxNzUyNjA2MDc2fQ.n0EA9nPgM1ggr5Br3LcQLdxDZ3hym_zkmdHgU6JDLTQ
				Accept=*/*
				Content-Type=application/json
Cookies:		<none>
Multiparts:		<none>
Body:			<none>
Request method:	DELETE
Request URI:	https://stellarburgers.nomoreparties.site/api/auth/user
Proxy:			<none>
Request params:	<none>
Query params:	<none>
Form params:	<none>
Path params:	<none>
Headers:		Authorization=Bearer eyJhbGciOiJIUzI1NiIsInR5cCI6IkpXVCJ9.eyJpZCI6IjY4NzZhMGNjOWVkMjgwMDAxYjY1OGJmNSIsImlhdCI6MTc1MjYwNDg3NiwiZXhwIjoxNzUyNjA2MDc2fQ.n0EA9nPgM1ggr5Br3LcQLdxDZ3hym_zkmdHgU6JDLTQ
				Accept=*/*
				Content-Type=application/json
Cookies:		<none>
Multiparts:		<none>
Body:			<none>
Request method:	DELETE
Request URI:	https://stellarburgers.nomoreparties.site/api/auth/user
Proxy:			<none>
Request params:	<none>
Query params:	<none>
Form params:	<none>
Path params:	<none>
Headers:		Authorization=Bearer eyJhbGciOiJIUzI1NiIsInR5cCI6IkpXVCJ9.eyJpZCI6IjY4NzZhMGNjOWVkMjgwMDAxYjY1OGJmNSIsImlhdCI6MTc1MjYwNDg3NiwiZXhwIjoxNzUyNjA2MDc2fQ.n0EA9nPgM1ggr5Br3LcQLdxDZ3hym_zkmdHgU6JDLTQ
				Accept=*/*
				Content-Type=application/json
Cookies:		<none>
Multiparts:		<none>
Body:			<none>
Request method:	DELETE
Request URI:	https://stellarburgers.nomoreparties.site/api/auth/user
Proxy:			<none>
Request params:	<none>
Query params:	<none>
Form params:	<none>
Path params:	<none>
[...]
        "email": "z7k4o2vbr6@mail.ru",
        "name": "APGY4c2V8R"
    }
}
Request method:	GET
Request URI:	https://stellarburgers.nomoreparties.site/api/orders
Proxy:			<none>
Request params:	<none>
Query params:	<none>
Form params:	<none>
Path params:	<none>
Headers:		Authorization=Bearer eyJhbGciOiJIUzI1NiIsInR5cCI6IkpXVCJ9.eyJpZCI6IjY4NzZhMGQzOWVkMjgwMDAxYjY1OGMwMiIsImlhdCI6MTc1MjYwNDg4NCwiZXhwIjoxNzUyNjA2MDg0fQ.qmAaYLZE2dfH3UXbHmvVUFxYK8PUS2UnWv9bR6lPEpU
				Accept=*/*
Cookies:		<none>
Multiparts:		<none>
Body:			<none>
Request method:	GET
Request URI:	https://stellarburgers.nomoreparties.site/api/orders
Proxy:			<none>
Request params:	<none>
Query params:	<none>
Form params:	<none>
Path params:	<none>
Headers:		Authorization=Bearer eyJhbGciOiJIUzI1NiIsInR5cCI6IkpXVCJ9.eyJpZCI6IjY4NzZhMGQzOWVkMjgwMDAxYjY1OGMwMiIsImlhdCI6MTc1MjYwNDg4NCwiZXhwIjoxNzUyNjA2MDg0fQ.qmAaYLZE2dfH3UXbHmvVUFxYK8PUS2UnWv9bR6lPEpU
				Accept=*/*
Cookies:		<none>
Multiparts:		<none>
Body:			<none>
Request method:	GET
Request URI:	https://stellarburgers.nomoreparties.site/api/orders
Proxy:			<none>
Request params:	<none>
Query params:	<none>
Form params:	<none>
Path params:	<none>
Headers:		Authorization=Bearer eyJhbGciOiJIUzI1NiIsInR5cCI6IkpXVCJ9.eyJpZCI6IjY4NzZhMGQzOWVkMjgwMDAxYjY1OGMwMiIsImlhdCI6MTc1MjYwNDg4NCwiZXhwIjoxNzUyNjA2MDg0fQ.qmAaYLZE2dfH3UXbHmvVUFxYK8PUS2UnWv9bR6lPEpU
				Accept=*/*
Cookies:		<none>
Multiparts:		<none>
Body:			<none>
Request method:	GET
Request URI:	https://stellarburgers.nomoreparties.site/api/orders
Proxy:			<none>
Request params:	<none>
Query params:	<none>
Form params:	<none>
Path params:	<none>
Headers:		Authorization=Bearer eyJhbGciOiJIUzI1NiIsInR5cCI6IkpXVCJ9.eyJpZCI6IjY4NzZhMGQzOWVkMjgwMDAxYjY1OGMwMiIsImlhdCI6MTc1MjYwNDg4NCwiZXhwIjoxNzUyNjA2MDg0fQ.qmAaYLZE2dfH3UXbHmvVUFxYK8PUS2UnWv9bR6lPEpU
				Accept=*/*
Cookies:		<none>
Multiparts:		<none>
Body:			<none>
Request method:	GET
Request URI:	https://stellarburgers.nomoreparties.site/api/orders
Proxy:			<none>
Request params:	<none>
Query params:	<none>
Form params:	<none>
Path params:	<none>
Headers:		Authorization=Bearer eyJhbGciOiJIUzI1NiIsInR5cCI6IkpXVCJ9.eyJpZCI6IjY4NzZhMGQzOWVkMjgwMDAxYjY1OGMwMiIsImlhdCI6MTc1MjYwNDg4NCwiZXhwIjoxNzUyNjA2MDg0fQ.qmAaYLZE2dfH3UXbHmvVUFxYK8PUS2UnWv9bR6lPEpU
				Accept=*/*
Cookies:		<none>
Multiparts:		<none>
Body:			<none>
Request method:	GET
Request URI:	https://stellarburgers.nomoreparties.site/api/orders
Proxy:			<none>
Request params:	<none>
Query params:	<none>
Form params:	<none>
Path params:	<none>
Headers:		Authorization=Bearer eyJhbGciOiJIUzI1NiIsInR5cCI6IkpXVCJ9.eyJpZCI6IjY4NzZhMGQzOWVkMjgwMDAxYjY1OGMwMiIsImlhdCI6MTc1MjYwNDg4NCwiZXhwIjoxNzUyNjA2MDg0fQ.qmAaYLZE2dfH3UXbHmvVUFxYK8PUS2UnWv9bR6lPEpU
				Accept=*/*
Cookies:		<none>
Multiparts:		<none>
Body:			<none>
Request method:	GET
Request URI:	https://stellarburgers.nomoreparties.site/api/orders
Proxy:			<none>
Request params:	<none>
Query params:	<none>
Form params:	<none>
Path params:	<none>
Headers:		Authorization=Bearer eyJhbGciOiJIUzI1NiIsInR5cCI6IkpXVCJ9.eyJpZCI6IjY4NzZhMGQzOWVkMjgwMDAxYjY1OGMwMiIsImlhdCI6MTc1MjYwNDg4NCwiZXhwIjoxNzUyNjA2MDg0fQ.qmAaYLZE2dfH3UXbHmvVUFxYK8PUS2UnWv9bR6lPEpU
				Accept=*/*
Cookies:		<none>
Multiparts:		<none>
Body:			<none>
Request method:	GET
Request URI:	https://stellarburgers.nomoreparties.site/api/orders
Proxy:			<none>
Request params:	<none>
Query params:	<none>
Form params:	<none>
Path params:	<none>
Headers:		Authorization=Bearer eyJhbGciOiJIUzI1NiIsInR5cCI6IkpXVCJ9.eyJpZCI6IjY4NzZhMGQzOWVkMjgwMDAxYjY1OGMwMiIsImlhdCI6MTc1MjYwNDg4NCwiZXhwIjoxNzUyNjA2MDg0fQ.qmAaYLZE2dfH3UXbHmvVUFxYK8PUS2UnWv9bR6lPEpU
				Accept=*/*
Cookies:		<none>
Multiparts:		<none>
Body:			<none>
Request method:	GET
Request URI:	https://stellarburgers.nomoreparties.site/api/orders
Proxy:			<none>
Request params:	<none>
Query params:	<none>
Form params:	<none>
Path params:	<none>
Headers:		Authorization=Bearer eyJhbGciOiJIUzI1NiIsInR5cCI6IkpXVCJ9.eyJpZCI6IjY4NzZhMGQzOWVkMjgwMDAxYjY1OGMwMiIsImlhdCI6MTc1MjYwNDg4NCwiZXhwIjoxNzUyNjA2MDg0fQ.qmAaYLZE2dfH3UXbHmvVUFxYK8PUS2UnWv9bR6lPEpU
				Accept=*/*
Cookies:		<none>
Multiparts:		<none>
Body:			<none>
Request method:	GET
Request URI:	https://stellarburgers.nomoreparties.site/api/orders
Proxy:			<none>
Request params:	<none>
Query params:	<none>
Form params:	<none>
Path params:	<none>
Headers:		Authorization=Bearer eyJhbGciOiJIUzI1NiIsInR5cCI6IkpXVCJ9.eyJpZCI6IjY4NzZhMGQzOWVkMjgwMDAxYjY1OGMwMiIsImlhdCI6MTc1MjYwNDg4NCwiZXhwIjoxNzUyNjA2MDg0fQ.qmAaYLZE2dfH3UXbHmvVUFxYK8PUS2UnWv9bR6lPEpU
				Accept=*/*
Cookies:		<none>
Multiparts:		<none>
Body:			<none>
Request method:	GET
Request URI:	https://stellarburgers.nomoreparties.site/api/orders
Proxy:			<none>
Request params:	<none>
Query params:	<none>
Form params:	<none>
Path params:	<none>
Headers:		Authorization=Bearer eyJhbGciOiJIUzI1NiIsInR5cCI6IkpXVCJ9.eyJpZCI6IjY4NzZhMGQzOWVkMjgwMDAxYjY1OGMwMiIsImlhdCI6MTc1MjYwNDg4NCwiZXhwIjoxNzUyNjA2MDg0fQ.qmAaYLZE2dfH3UXbHmvVUFxYK8PUS2UnWv9bR6lPEpU
				Accept=*/*
Cookies:		<none>
Multiparts:		<none>
Body:			<none>
Request method:	GET
Request URI:	https://stellarburgers.nomoreparties.site/api/orders
Proxy:			<none>
Request params:	<none>
Query params:	<none>
Form params:	<none>
Path params:	<none>
Headers:		Authorization=Bearer eyJhbGciOiJIUzI1NiIsInR5cCI6IkpXVCJ9.eyJpZCI6IjY4NzZhMGQzOWVkMjgwMDAxYjY1OGMwMiIsImlhdCI6MTc1MjYwNDg4NCwiZXhwIjoxNzUyNjA2MDg0fQ.qmAaYLZE2dfH3UXbHmvVUFxYK8PUS2UnWv9bR6lPEpU
				Accept=*/*
Cookies:		<none>
Multiparts:		<none>
Body:			<none>
HTTP/1.1 200 OK
Server: nginx/1.18.0 (Ubuntu)
Date: Tue, 15 Jul 2025 18:41:24 GMT
Content-Type: application/json; charset=utf-8
Content-Length: 60
Connection: keep-alive
X-Powered-By: Express
Access-Control-Allow-Origin: *
ETag: W/"3c-VETqY+yVogU3vCk/b68HDatbBmQ"

{
    "success": true,
    "orders": [
        
    ],
    "total": 265981,
    "totalToday": 451
}
HTTP/1.1 200 OK
Server: nginx/1.18.0 (Ubuntu)
Date: Tue, 15 Jul 2025 18:41:24 GMT
Content-Type: application/json; charset=utf-8
Content-Length: 60
Connection: keep-alive
X-Powered-By: Express
Access-Control-Allow-Origin: *
ETag: W/"3c-VETqY+yVogU3vCk/b68HDatbBmQ"

{
    "success": true,
    "orders": [
        
    ],
    "total": 265981,
    "totalToday": 451
}
HTTP/1.1 200 OK
Server: nginx/1.18.0 (Ubuntu)
Date: Tue, 15 Jul 2025 18:41:24 GMT
Content-Type: application/json; charset=utf-8
Content-Length: 60
Connection: keep-alive
X-Powered-By: Express
Access-Control-Allow-Origin: *
ETag: W/"3c-VETqY+yVogU3vCk/b68HDatbBmQ"

{
    "success": true,
    "orders": [
        
    ],
    "total": 265981,
    "totalToday": 451
}
HTTP/1.1 200 OK
Server: nginx/1.18.0 (Ubuntu)
Date: Tue, 15 Jul 2025 18:41:24 GMT
Content-Type: application/json; charset=utf-8
Content-Length: 60
Connection: keep-alive
X-Powered-By: Express
Access-Control-Allow-Origin: *
ETag: W/"3c-VETqY+yVogU3vCk/b68HDatbBmQ"

{
    "success": true,
    "orders": [
        
    ],
    "total": 265981,
    "totalToday": 451
}
HTTP/1.1 200 OK
Server: nginx/1.18.0 (Ubuntu)
Date: Tue, 15 Jul 2025 18:41:24 GMT
Content-Type: application/json; charset=utf-8
Content-Length: 60
Connection: keep-alive
X-Powered-By: Express
Access-Control-Allow-Origin: *
ETag: W/"3c-VETqY+yVogU3vCk/b68HDatbBmQ"

{
    "success": true,
    "orders": [
        
    ],
    "total": 265981,
    "totalToday": 451
}
HTTP/1.1 200 OK
Server: nginx/1.18.0 (Ubuntu)
Date: Tue, 15 Jul 2025 18:41:24 GMT
Content-Type: application/json; charset=utf-8
Content-Length: 60
Connection: keep-alive
X-Powered-By: Express
Access-Control-Allow-Origin: *
ETag: W/"3c-VETqY+yVogU3vCk/b68HDatbBmQ"

{
    "success": true,
    "orders": [
        
    ],
    "total": 265981,
    "totalToday": 451
}
HTTP/1.1 200 OK
Server: nginx/1.18.0 (Ubuntu)
Date: Tue, 15 Jul 2025 18:41:24 GMT
Content-Type: application/json; charset=utf-8
Content-Length: 60
Connection: keep-alive
X-Powered-By: Express
Access-Control-Allow-Origin: *
ETag: W/"3c-VETqY+yVogU3vCk/b68HDatbBmQ"

{
    "success": true,
    "orders": [
        
    ],
    "total": 265981,
    "totalToday": 451
}
HTTP/1.1 200 OK
Server: nginx/1.18.0 (Ubuntu)
Date: Tue, 15 Jul 2025 18:41:24 GMT
Content-Type: application/json; charset=utf-8
Content-Length: 60
Connection: keep-alive
X-Powered-By: Express
Access-Control-Allow-Origin: *
ETag: W/"3c-VETqY+yVogU3vCk/b68HDatbBmQ"

{
    "success": true,
    "orders": [
        
    ],
    "total": 265981,
    "totalToday": 451
}
HTTP/1.1 200 OK
Server: nginx/1.18.0 (Ubuntu)
Date: Tue, 15 Jul 2025 18:41:24 GMT
Content-Type: application/json; charset=utf-8
Content-Length: 60
Connection: keep-alive
X-Powered-By: Express
Access-Control-Allow-Origin: *
ETag: W/"3c-VETqY+yVogU3vCk/b68HDatbBmQ"

{
    "success": true,
    "orders": [
        
    ],
    "total": 265981,
    "totalToday": 451
}
HTTP/1.1 200 OK
Server: nginx/1.18.0 (Ubuntu)
Date: Tue, 15 Jul 2025 18:41:24 GMT
Content-Type: application/json; charset=utf-8
Content-Length: 60
Connection: keep-alive
X-Powered-By: Express
Access-Control-Allow-Origin: *
ETag: W/"3c-VETqY+yVogU3vCk/b68HDatbBmQ"

{
    "success": true,
    "orders": [
        
    ],
    "total": 265981,
    "totalToday": 451
}
HTTP/1.1 200 OK
Server: nginx/1.18.0 (Ubuntu)
Date: Tue, 15 Jul 2025 18:41:24 GMT
Content-Type: application/json; charset=utf-8
Content-Length: 60
Connection: keep-alive
X-Powered-By: Express
Access-Control-Allow-Origin: *
ETag: W/"3c-VETqY+yVogU3vCk/b68HDatbBmQ"

{
    "success": true,
    "orders": [
        
    ],
    "total": 265981,
    "totalToday": 451
}
HTTP/1.1 200 OK
Server: nginx/1.18.0 (Ubuntu)
Date: Tue, 15 Jul 2025 18:41:24 GMT
Content-Type: application/json; charset=utf-8
Content-Length: 60
Connection: keep-alive
X-Powered-By: Express
Access-Control-Allow-Origin: *
ETag: W/"3c-VETqY+yVogU3vCk/b68HDatbBmQ"

{
    "success": true,
    "orders": [
        
    ],
    "total": 265981,
    "totalToday": 451
}
Request method:	DELETE
Request URI:	https://stellarburgers.nomoreparties.site/api/auth/user
Proxy:			<none>
Request params:	<none>
Query params:	<none>
Form params:	<none>
Path params:	<none>
Headers:		Authorization=Bearer eyJhbGciOiJIUzI1NiIsInR5cCI6IkpXVCJ9.eyJpZCI6IjY4NzZhMGQzOWVkMjgwMDAxYjY1OGMwMiIsImlhdCI6MTc1MjYwNDg4NCwiZXhwIjoxNzUyNjA2MDg0fQ.qmAaYLZE2dfH3UXbHmvVUFxYK8PUS2UnWv9bR6lPEpU
				Accept=*/*
				Content-Type=application/json
Cookies:		<none>
Multiparts:		<none>
Body:			<none>
Request method:	DELETE
Request URI:	https://stellarburgers.nomoreparties.site/api/auth/user
Proxy:			<none>
Request params:	<none>
Query params:	<none>
Form params:	<none>
Path params:	<none>
Headers:		Authorization=Bearer eyJhbGciOiJIUzI1NiIsInR5cCI6IkpXVCJ9.eyJpZCI6IjY4NzZhMGQzOWVkMjgwMDAxYjY1OGMwMiIsImlhdCI6MTc1MjYwNDg4NCwiZXhwIjoxNzUyNjA2MDg0fQ.qmAaYLZE2dfH3UXbHmvVUFxYK8PUS2UnWv9bR6lPEpU
				Accept=*/*
				Content-Type=application/json
Cookies:		<none>
Multiparts:		<none>
Body:			<none>
Request method:	DELETE
Request URI:	https://stellarburgers.nomoreparties.site/api/auth/user
Proxy:			<none>
Request params:	<none>
Query params:	<none>
Form params:	<none>
Path params:	<none>
Headers:		Authorization=Bearer eyJhbGciOiJIUzI1NiIsInR5cCI6IkpXVCJ9.eyJpZCI6IjY4NzZhMGQzOWVkMjgwMDAxYjY1OGMwMiIsImlhdCI6MTc1MjYwNDg4NCwiZXhwIjoxNzUyNjA2MDg0fQ.qmAaYLZE2dfH3UXbHmvVUFxYK8PUS2UnWv9bR6lPEpU
				Accept=*/*
				Content-Type=application/json
Cookies:		<none>
Multiparts:		<none>
Body:			<none>
Request method:	DELETE
Request URI:	https://stellarburgers.nomoreparties.site/api/auth/user
Proxy:			<none>
Request params:	<none>
Query params:	<none>
Form params:	<none>
Path params:	<none>
Headers:		Authorization=Bearer eyJhbGciOiJIUzI1NiIsInR5cCI6IkpXVCJ9.eyJpZCI6IjY4NzZhMGQzOWVkMjgwMDAxYjY1OGMwMiIsImlhdCI6MTc1MjYwNDg4NCwiZXhwIjoxNzUyNjA2MDg0fQ.qmAaYLZE2dfH3UXbHmvVUFxYK8PUS2UnWv9bR6lPEpU
				Accept=*/*
				Content-Type=application/json
Cookies:		<none>
Multiparts:		<none>
Body:			<none>
Request method:	DELETE
Request URI:	https://stellarburgers.nomoreparties.site/api/auth/user
Proxy:			<none>
Request params:	<none>
Query params:	<none>
Form params:	<none>
Path params:	<none>
Headers:		Authorization=Bearer eyJhbGciOiJIUzI1NiIsInR5cCI6IkpXVCJ9.eyJpZCI6IjY4NzZhMGQzOWVkMjgwMDAxYjY1OGMwMiIsImlhdCI6MTc1MjYwNDg4NCwiZXhwIjoxNzUyNjA2MDg0fQ.qmAaYLZE2dfH3UXbHmvVUFxYK8PUS2UnWv9bR6lPEpU
				Accept=*/*
				Content-Type=application/json
Cookies:		<none>
Multiparts:		<none>
Body:			<none>
Request method:	DELETE
Request URI:	https://stellarburgers.nomoreparties.site/api/auth/user
Proxy:			<none>
Request params:	<none>
Query params:	<none>
Form params:	<none>
Path params:	<none>
Headers:		Authorization=Bearer eyJhbGciOiJIUzI1NiIsInR5cCI6IkpXVCJ9.eyJpZCI6IjY4NzZhMGQzOWVkMjgwMDAxYjY1OGMwMiIsImlhdCI6MTc1MjYwNDg4NCwiZXhwIjoxNzUyNjA2MDg0fQ.qmAaYLZE2dfH3UXbHmvVUFxYK8PUS2UnWv9bR6lPEpU
				Accept=*/*
				Content-Type=application/json
Cookies:		<none>
Multiparts:		<none>
Body:			<none>
Request method:	DELETE
Request URI:	https://stellarburgers.nomoreparties.site/api/auth/user
Proxy:			<none>
Request params:	<none>
Query params:	<none>
Form params:	<none>
Path params:	<none>
Headers:		Authorization=Bearer eyJhbGciOiJIUzI1NiIsInR5cCI6IkpXVCJ9.eyJpZCI6IjY4NzZhMGQzOWVkMjgwMDAxYjY1OGMwMiIsImlhdCI6MTc1MjYwNDg4NCwiZXhwIjoxNzUyNjA2MDg0fQ.qmAaYLZE2dfH3UXbHmvVUFxYK8PUS2UnWv9bR6lPEpU
				Accept=*/*
				Content-Type=application/json
Cookies:		<none>
Multiparts:		<none>
Body:			<none>
Request method:	DELETE
Request URI:	https://stellarburgers.nomoreparties.site/api/auth/user
Proxy:			<none>
Request params:	<none>
Query params:	<none>
Form params:	<none>
Path params:	<none>
Headers:		Authorization=Bearer eyJhbGciOiJIUzI1NiIsInR5cCI6IkpXVCJ9.eyJpZCI6IjY4NzZhMGQzOWVkMjgwMDAxYjY1OGMwMiIsImlhdCI6MTc1MjYwNDg4NCwiZXhwIjoxNzUyNjA2MDg0fQ.qmAaYLZE2dfH3UXbHmvVUFxYK8PUS2UnWv9bR6lPEpU
				Accept=*/*
				Content-Type=application/json
Cookies:		<none>
Multiparts:		<none>
Body:			<none>
Request method:	DELETE
Request URI:	https://stellarburgers.nomoreparties.site/api/auth/user
Proxy:			<none>
Request params:	<none>
Query params:	<none>
Form params:	<none>
Path params:	<none>
Headers:		Authorization=Bearer eyJhbGciOiJIUzI1NiIsInR5cCI6IkpXVCJ9.eyJpZCI6IjY4NzZhMGQzOWVkMjgwMDAxYjY1OGMwMiIsImlhdCI6MTc1MjYwNDg4NCwiZXhwIjoxNzUyNjA2MDg0fQ.qmAaYLZE2dfH3UXbHmvVUFxYK8PUS2UnWv9bR6lPEpU
				Accept=*/*
				Content-Type=application/json
Cookies:		<none>
Multiparts:		<none>
Body:			<none>
Request method:	DELETE
Request URI:	https://stellarburgers.nomoreparties.site/api/auth/user
Proxy:			<none>
Request params:	<none>
Query params:	<none>
Form params:	<none>
Path params:	<none>
Headers:		Authorization=Bearer eyJhbGciOiJIUzI1NiIsInR5cCI6IkpXVCJ9.eyJpZCI6IjY4NzZhMGQzOWVkMjgwMDAxYjY1OGMwMiIsImlhdCI6MTc1MjYwNDg4NCwiZXhwIjoxNzUyNjA2MDg0fQ.qmAaYLZE2dfH3UXbHmvVUFxYK8PUS2UnWv9bR6lPEpU
				Accept=*/*
				Content-Type=application/json
Cookies:		<none>
Multiparts:		<none>
Body:			<none>
Request method:	DELETE
Request URI:	https://stellarburgers.nomoreparties.site/api/auth/user
Proxy:			<none>
Request params:	<none>
Query params:	<none>
Form params:	<none>
Path params:	<none>
Headers:		Authorization=Bearer eyJhbGciOiJIUzI1NiIsInR5cCI6IkpXVCJ9.eyJpZCI6IjY4NzZhMGQzOWVkMjgwMDAxYjY1OGMwMiIsImlhdCI6MTc1MjYwNDg4NCwiZXhwIjoxNzUyNjA2MDg0fQ.qmAaYLZE2dfH3UXbHmvVUFxYK8PUS2UnWv9bR6lPEpU
				Accept=*/*
				Content-Type=application/json
Cookies:		<none>
Multiparts:		<none>
Body:			<none>
Request method:	DELETE
Request URI:	https://stellarburgers.nomoreparties.site/api/auth/user
Proxy:			<none>
Request params:	<none>
Query params:	<none>
Form params:	<none>
Path params:	<none>
Headers:		Authorization=Bearer eyJhbGciOiJIUzI1NiIsInR5cCI6IkpXVCJ9.eyJpZCI6IjY4NzZhMGQzOWVkMjgwMDAxYjY1OGMwMiIsImlhdCI6MTc1MjYwNDg4NCwiZXhwIjoxNzUyNjA2MDg0fQ.qmAaYLZE2dfH3UXbHmvVUFxYK8PUS2UnWv9bR6lPEpU
				Accept=*/*
				Content-Type=application/json
Cookies:		<none>
Multiparts:		<none>
Body:			<none>
HTTP/1.1 202 Accepted
Server: nginx/1.18.0 (Ubuntu)
Date: Tue, 15 Jul 2025 18:41:25 GMT
Content-Type: application/json; charset=utf-8
Content-Length: 54
Connection: keep-alive
X-Powered-By: Express
Access-Control-Allow-Origin: *
ETag: W/"36-hDmZnQ3Ou/ynnqAeC6TYmyseuzY"

{
    "success": true,
    "message": "User successfully removed"
}
HTTP/1.1 202 Accepted
Server: nginx/1.18.0 (Ubuntu)
Date: Tue, 15 Jul 2025 18:41:25 GMT
Content-Type: application/json; charset=utf-8
Content-Length: 54
Connection: keep-alive
X-Powered-By: Express
Access-Control-Allow-Origin: *
ETag: W/"36-hDmZnQ3Ou/ynnqAeC6TYmyseuzY"

{
    "success": true,
    "message": "User successfully removed"
}
HTTP/1.1 202 Accepted
Server: nginx/1.18.0 (Ubuntu)
Date: Tue, 15 Jul 2025 18:41:25 GMT
Content-Type: application/json; charset=utf-8
Content-Length: 54
Connection: keep-alive
X-Powered-By: Express
Access-Control-Allow-Origin: *
ETag: W/"36-hDmZnQ3Ou/ynnqAeC6TYmyseuzY"

{
    "success": true,
    "message": "User successfully removed"
}
HTTP/1.1 202 Accepted
Server: nginx/1.18.0 (Ubuntu)
Date: Tue, 15 Jul 2025 18:41:25 GMT
Content-Type: application/json; charset=utf-8
Content-Length: 54
Connection: keep-alive
X-Powered-By: Express
Access-Control-Allow-Origin: *
ETag: W/"36-hDmZnQ3Ou/ynnqAeC6TYmyseuzY"

{
    "success": true,
    "message": "User successfully removed"
}
HTTP/1.1 202 Accepted
Server: nginx/1.18.0 (Ubuntu)
Date: Tue, 15 Jul 2025 18:41:25 GMT
Content-Type: application/json; charset=utf-8
Content-Length: 54
Connection: keep-alive
X-Powered-By: Express
Access-Control-Allow-Origin: *
ETag: W/"36-hDmZnQ3Ou/ynnqAeC6TYmyseuzY"

{
    "success": true,
    "message": "User successfully removed"
}
HTTP/1.1 202 Accepted
Server: nginx/1.18.0 (Ubuntu)
Date: Tue, 15 Jul 2025 18:41:25 GMT
Content-Type: application/json; charset=utf-8
Content-Length: 54
Connection: keep-alive
X-Powered-By: Express
Access-Control-Allow-Origin: *
ETag: W/"36-hDmZnQ3Ou/ynnqAeC6TYmyseuzY"

{
    "success": true,
    "message": "User successfully removed"
}
HTTP/1.1 202 Accepted
Server: nginx/1.18.0 (Ubuntu)
Date: Tue, 15 Jul 2025 18:41:25 GMT
Content-Type: application/json; charset=utf-8
Content-Length: 54
Connection: keep-alive
X-Powered-By: Express
Access-Control-Allow-Origin: *
ETag: W/"36-hDmZnQ3Ou/ynnqAeC6TYmyseuzY"

{
    "success": true,
    "message": "User successfully removed"
}
HTTP/1.1 202 Accepted
Server: nginx/1.18.0 (Ubuntu)
Date: Tue, 15 Jul 2025 18:41:25 GMT
Content-Type: application/json; charset=utf-8
Content-Length: 54
Connection: keep-alive
X-Powered-By: Express
Access-Control-Allow-Origin: *
ETag: W/"36-hDmZnQ3Ou/ynnqAeC6TYmyseuzY"

{
    "success": true,
    "message": "User successfully removed"
}
HTTP/1.1 202 Accepted
Server: nginx/1.18.0 (Ubuntu)
Date: Tue, 15 Jul 2025 18:41:25 GMT
Content-Type: application/json; charset=utf-8
Content-Length: 54
Connection: keep-alive
X-Powered-By: Express
Access-Control-Allow-Origin: *
ETag: W/"36-hDmZnQ3Ou/ynnqAeC6TYmyseuzY"

{
    "success": true,
    "message": "User successfully removed"
}
HTTP/1.1 202 Accepted
Server: nginx/1.18.0 (Ubuntu)
Date: Tue, 15 Jul 2025 18:41:25 GMT
Content-Type: application/json; charset=utf-8
Content-Length: 54
Connection: keep-alive
X-Powered-By: Express
Access-Control-Allow-Origin: *
ETag: W/"36-hDmZnQ3Ou/ynnqAeC6TYmyseuzY"

{
    "success": true,
    "message": "User successfully removed"
}
HTTP/1.1 202 Accepted
Server: nginx/1.18.0 (Ubuntu)
Date: Tue, 15 Jul 2025 18:41:25 GMT
Content-Type: application/json; charset=utf-8
Content-Length: 54
Connection: keep-alive
X-Powered-By: Express
Access-Control-Allow-Origin: *
ETag: W/"36-hDmZnQ3Ou/ynnqAeC6TYmyseuzY"

{
    "success": true,
    "message": "User successfully removed"
}
HTTP/1.1 202 Accepted
Server: nginx/1.18.0 (Ubuntu)
Date: Tue, 15 Jul 2025 18:41:25 GMT
Content-Type: application/json; charset=utf-8
Content-Length: 54
Connection: keep-alive
X-Powered-By: Express
Access-Control-Allow-Origin: *
ETag: W/"36-hDmZnQ3Ou/ynnqAeC6TYmyseuzY"

{
    "success": true,
    "message": "User successfully removed"
}
]]></system-out>
  </testcase>
</testsuite>